2021-01-21 18:52:14,658 ERROR [http-nio-8080-exec-2] c.n.c.c.a.ExceptionAdvice [ExceptionAdvice.java:24] 服务器发送异常 ： Handler dispatch failed; nested exception is java.lang.NoClassDefFoundError: com/google/gson/Gson
2021-01-21 18:52:14,659 ERROR [http-nio-8080-exec-2] c.n.c.c.a.ExceptionAdvice [ExceptionAdvice.java:26] org.springframework.web.servlet.DispatcherServlet.doDispatch(DispatcherServlet.java:1054)
2021-01-21 18:52:14,659 ERROR [http-nio-8080-exec-2] c.n.c.c.a.ExceptionAdvice [ExceptionAdvice.java:26] org.springframework.web.servlet.DispatcherServlet.doService(DispatcherServlet.java:942)
2021-01-21 18:52:14,660 ERROR [http-nio-8080-exec-2] c.n.c.c.a.ExceptionAdvice [ExceptionAdvice.java:26] org.springframework.web.servlet.FrameworkServlet.processRequest(FrameworkServlet.java:1005)
2021-01-21 18:52:14,660 ERROR [http-nio-8080-exec-2] c.n.c.c.a.ExceptionAdvice [ExceptionAdvice.java:26] org.springframework.web.servlet.FrameworkServlet.doGet(FrameworkServlet.java:897)
2021-01-21 18:52:14,660 ERROR [http-nio-8080-exec-2] c.n.c.c.a.ExceptionAdvice [ExceptionAdvice.java:26] javax.servlet.http.HttpServlet.service(HttpServlet.java:634)
2021-01-21 18:52:14,660 ERROR [http-nio-8080-exec-2] c.n.c.c.a.ExceptionAdvice [ExceptionAdvice.java:26] org.springframework.web.servlet.FrameworkServlet.service(FrameworkServlet.java:882)
2021-01-21 18:52:14,660 ERROR [http-nio-8080-exec-2] c.n.c.c.a.ExceptionAdvice [ExceptionAdvice.java:26] javax.servlet.http.HttpServlet.service(HttpServlet.java:741)
2021-01-21 18:52:14,660 ERROR [http-nio-8080-exec-2] c.n.c.c.a.ExceptionAdvice [ExceptionAdvice.java:26] org.apache.catalina.core.ApplicationFilterChain.internalDoFilter(ApplicationFilterChain.java:231)
2021-01-21 18:52:14,660 ERROR [http-nio-8080-exec-2] c.n.c.c.a.ExceptionAdvice [ExceptionAdvice.java:26] org.apache.catalina.core.ApplicationFilterChain.doFilter(ApplicationFilterChain.java:166)
2021-01-21 18:52:14,660 ERROR [http-nio-8080-exec-2] c.n.c.c.a.ExceptionAdvice [ExceptionAdvice.java:26] org.apache.tomcat.websocket.server.WsFilter.doFilter(WsFilter.java:53)
2021-01-21 18:52:14,660 ERROR [http-nio-8080-exec-2] c.n.c.c.a.ExceptionAdvice [ExceptionAdvice.java:26] org.apache.catalina.core.ApplicationFilterChain.internalDoFilter(ApplicationFilterChain.java:193)
2021-01-21 18:52:14,660 ERROR [http-nio-8080-exec-2] c.n.c.c.a.ExceptionAdvice [ExceptionAdvice.java:26] org.apache.catalina.core.ApplicationFilterChain.doFilter(ApplicationFilterChain.java:166)
2021-01-21 18:52:14,661 ERROR [http-nio-8080-exec-2] c.n.c.c.a.ExceptionAdvice [ExceptionAdvice.java:26] org.springframework.security.web.FilterChainProxy$VirtualFilterChain.doFilter(FilterChainProxy.java:320)
2021-01-21 18:52:14,661 ERROR [http-nio-8080-exec-2] c.n.c.c.a.ExceptionAdvice [ExceptionAdvice.java:26] org.springframework.security.web.access.intercept.FilterSecurityInterceptor.invoke(FilterSecurityInterceptor.java:127)
2021-01-21 18:52:14,661 ERROR [http-nio-8080-exec-2] c.n.c.c.a.ExceptionAdvice [ExceptionAdvice.java:26] org.springframework.security.web.access.intercept.FilterSecurityInterceptor.doFilter(FilterSecurityInterceptor.java:91)
2021-01-21 18:52:14,661 ERROR [http-nio-8080-exec-2] c.n.c.c.a.ExceptionAdvice [ExceptionAdvice.java:26] org.springframework.security.web.FilterChainProxy$VirtualFilterChain.doFilter(FilterChainProxy.java:334)
2021-01-21 18:52:14,661 ERROR [http-nio-8080-exec-2] c.n.c.c.a.ExceptionAdvice [ExceptionAdvice.java:26] org.springframework.security.web.access.ExceptionTranslationFilter.doFilter(ExceptionTranslationFilter.java:119)
2021-01-21 18:52:14,661 ERROR [http-nio-8080-exec-2] c.n.c.c.a.ExceptionAdvice [ExceptionAdvice.java:26] org.springframework.security.web.FilterChainProxy$VirtualFilterChain.doFilter(FilterChainProxy.java:334)
2021-01-21 18:52:14,661 ERROR [http-nio-8080-exec-2] c.n.c.c.a.ExceptionAdvice [ExceptionAdvice.java:26] org.springframework.security.web.session.SessionManagementFilter.doFilter(SessionManagementFilter.java:137)
2021-01-21 18:52:14,661 ERROR [http-nio-8080-exec-2] c.n.c.c.a.ExceptionAdvice [ExceptionAdvice.java:26] org.springframework.security.web.FilterChainProxy$VirtualFilterChain.doFilter(FilterChainProxy.java:334)
2021-01-21 18:52:14,661 ERROR [http-nio-8080-exec-2] c.n.c.c.a.ExceptionAdvice [ExceptionAdvice.java:26] org.springframework.security.web.authentication.AnonymousAuthenticationFilter.doFilter(AnonymousAuthenticationFilter.java:111)
2021-01-21 18:52:14,661 ERROR [http-nio-8080-exec-2] c.n.c.c.a.ExceptionAdvice [ExceptionAdvice.java:26] org.springframework.security.web.FilterChainProxy$VirtualFilterChain.doFilter(FilterChainProxy.java:334)
2021-01-21 18:52:14,661 ERROR [http-nio-8080-exec-2] c.n.c.c.a.ExceptionAdvice [ExceptionAdvice.java:26] org.springframework.security.web.servletapi.SecurityContextHolderAwareRequestFilter.doFilter(SecurityContextHolderAwareRequestFilter.java:170)
2021-01-21 18:52:14,661 ERROR [http-nio-8080-exec-2] c.n.c.c.a.ExceptionAdvice [ExceptionAdvice.java:26] org.springframework.security.web.FilterChainProxy$VirtualFilterChain.doFilter(FilterChainProxy.java:334)
2021-01-21 18:52:14,661 ERROR [http-nio-8080-exec-2] c.n.c.c.a.ExceptionAdvice [ExceptionAdvice.java:26] org.springframework.security.web.savedrequest.RequestCacheAwareFilter.doFilter(RequestCacheAwareFilter.java:63)
2021-01-21 18:52:14,661 ERROR [http-nio-8080-exec-2] c.n.c.c.a.ExceptionAdvice [ExceptionAdvice.java:26] org.springframework.security.web.FilterChainProxy$VirtualFilterChain.doFilter(FilterChainProxy.java:334)
2021-01-21 18:52:14,662 ERROR [http-nio-8080-exec-2] c.n.c.c.a.ExceptionAdvice [ExceptionAdvice.java:26] org.springframework.security.web.authentication.logout.LogoutFilter.doFilter(LogoutFilter.java:116)
2021-01-21 18:52:14,662 ERROR [http-nio-8080-exec-2] c.n.c.c.a.ExceptionAdvice [ExceptionAdvice.java:26] org.springframework.security.web.FilterChainProxy$VirtualFilterChain.doFilter(FilterChainProxy.java:334)
2021-01-21 18:52:14,662 ERROR [http-nio-8080-exec-2] c.n.c.c.a.ExceptionAdvice [ExceptionAdvice.java:26] org.springframework.security.web.header.HeaderWriterFilter.doFilterInternal(HeaderWriterFilter.java:74)
2021-01-21 18:52:14,662 ERROR [http-nio-8080-exec-2] c.n.c.c.a.ExceptionAdvice [ExceptionAdvice.java:26] org.springframework.web.filter.OncePerRequestFilter.doFilter(OncePerRequestFilter.java:107)
2021-01-21 18:52:14,662 ERROR [http-nio-8080-exec-2] c.n.c.c.a.ExceptionAdvice [ExceptionAdvice.java:26] org.springframework.security.web.FilterChainProxy$VirtualFilterChain.doFilter(FilterChainProxy.java:334)
2021-01-21 18:52:14,662 ERROR [http-nio-8080-exec-2] c.n.c.c.a.ExceptionAdvice [ExceptionAdvice.java:26] org.springframework.security.web.context.SecurityContextPersistenceFilter.doFilter(SecurityContextPersistenceFilter.java:105)
2021-01-21 18:52:14,662 ERROR [http-nio-8080-exec-2] c.n.c.c.a.ExceptionAdvice [ExceptionAdvice.java:26] org.springframework.security.web.FilterChainProxy$VirtualFilterChain.doFilter(FilterChainProxy.java:334)
2021-01-21 18:52:14,662 ERROR [http-nio-8080-exec-2] c.n.c.c.a.ExceptionAdvice [ExceptionAdvice.java:26] org.springframework.security.web.context.request.async.WebAsyncManagerIntegrationFilter.doFilterInternal(WebAsyncManagerIntegrationFilter.java:56)
2021-01-21 18:52:14,662 ERROR [http-nio-8080-exec-2] c.n.c.c.a.ExceptionAdvice [ExceptionAdvice.java:26] org.springframework.web.filter.OncePerRequestFilter.doFilter(OncePerRequestFilter.java:107)
2021-01-21 18:52:14,662 ERROR [http-nio-8080-exec-2] c.n.c.c.a.ExceptionAdvice [ExceptionAdvice.java:26] org.springframework.security.web.FilterChainProxy$VirtualFilterChain.doFilter(FilterChainProxy.java:334)
2021-01-21 18:52:14,662 ERROR [http-nio-8080-exec-2] c.n.c.c.a.ExceptionAdvice [ExceptionAdvice.java:26] org.springframework.security.web.FilterChainProxy.doFilterInternal(FilterChainProxy.java:215)
2021-01-21 18:52:14,662 ERROR [http-nio-8080-exec-2] c.n.c.c.a.ExceptionAdvice [ExceptionAdvice.java:26] org.springframework.security.web.FilterChainProxy.doFilter(FilterChainProxy.java:178)
2021-01-21 18:52:14,662 ERROR [http-nio-8080-exec-2] c.n.c.c.a.ExceptionAdvice [ExceptionAdvice.java:26] org.springframework.web.filter.DelegatingFilterProxy.invokeDelegate(DelegatingFilterProxy.java:357)
2021-01-21 18:52:14,662 ERROR [http-nio-8080-exec-2] c.n.c.c.a.ExceptionAdvice [ExceptionAdvice.java:26] org.springframework.web.filter.DelegatingFilterProxy.doFilter(DelegatingFilterProxy.java:270)
2021-01-21 18:52:14,662 ERROR [http-nio-8080-exec-2] c.n.c.c.a.ExceptionAdvice [ExceptionAdvice.java:26] org.apache.catalina.core.ApplicationFilterChain.internalDoFilter(ApplicationFilterChain.java:193)
2021-01-21 18:52:14,662 ERROR [http-nio-8080-exec-2] c.n.c.c.a.ExceptionAdvice [ExceptionAdvice.java:26] org.apache.catalina.core.ApplicationFilterChain.doFilter(ApplicationFilterChain.java:166)
2021-01-21 18:52:14,662 ERROR [http-nio-8080-exec-2] c.n.c.c.a.ExceptionAdvice [ExceptionAdvice.java:26] org.springframework.web.filter.RequestContextFilter.doFilterInternal(RequestContextFilter.java:99)
2021-01-21 18:52:14,663 ERROR [http-nio-8080-exec-2] c.n.c.c.a.ExceptionAdvice [ExceptionAdvice.java:26] org.springframework.web.filter.OncePerRequestFilter.doFilter(OncePerRequestFilter.java:107)
2021-01-21 18:52:14,663 ERROR [http-nio-8080-exec-2] c.n.c.c.a.ExceptionAdvice [ExceptionAdvice.java:26] org.apache.catalina.core.ApplicationFilterChain.internalDoFilter(ApplicationFilterChain.java:193)
2021-01-21 18:52:14,663 ERROR [http-nio-8080-exec-2] c.n.c.c.a.ExceptionAdvice [ExceptionAdvice.java:26] org.apache.catalina.core.ApplicationFilterChain.doFilter(ApplicationFilterChain.java:166)
2021-01-21 18:52:14,663 ERROR [http-nio-8080-exec-2] c.n.c.c.a.ExceptionAdvice [ExceptionAdvice.java:26] org.springframework.web.filter.FormContentFilter.doFilterInternal(FormContentFilter.java:92)
2021-01-21 18:52:14,663 ERROR [http-nio-8080-exec-2] c.n.c.c.a.ExceptionAdvice [ExceptionAdvice.java:26] org.springframework.web.filter.OncePerRequestFilter.doFilter(OncePerRequestFilter.java:107)
2021-01-21 18:52:14,663 ERROR [http-nio-8080-exec-2] c.n.c.c.a.ExceptionAdvice [ExceptionAdvice.java:26] org.apache.catalina.core.ApplicationFilterChain.internalDoFilter(ApplicationFilterChain.java:193)
2021-01-21 18:52:14,663 ERROR [http-nio-8080-exec-2] c.n.c.c.a.ExceptionAdvice [ExceptionAdvice.java:26] org.apache.catalina.core.ApplicationFilterChain.doFilter(ApplicationFilterChain.java:166)
2021-01-21 18:52:14,663 ERROR [http-nio-8080-exec-2] c.n.c.c.a.ExceptionAdvice [ExceptionAdvice.java:26] org.springframework.web.filter.HiddenHttpMethodFilter.doFilterInternal(HiddenHttpMethodFilter.java:93)
2021-01-21 18:52:14,663 ERROR [http-nio-8080-exec-2] c.n.c.c.a.ExceptionAdvice [ExceptionAdvice.java:26] org.springframework.web.filter.OncePerRequestFilter.doFilter(OncePerRequestFilter.java:107)
2021-01-21 18:52:14,663 ERROR [http-nio-8080-exec-2] c.n.c.c.a.ExceptionAdvice [ExceptionAdvice.java:26] org.apache.catalina.core.ApplicationFilterChain.internalDoFilter(ApplicationFilterChain.java:193)
2021-01-21 18:52:14,663 ERROR [http-nio-8080-exec-2] c.n.c.c.a.ExceptionAdvice [ExceptionAdvice.java:26] org.apache.catalina.core.ApplicationFilterChain.doFilter(ApplicationFilterChain.java:166)
2021-01-21 18:52:14,663 ERROR [http-nio-8080-exec-2] c.n.c.c.a.ExceptionAdvice [ExceptionAdvice.java:26] org.springframework.web.filter.CharacterEncodingFilter.doFilterInternal(CharacterEncodingFilter.java:200)
2021-01-21 18:52:14,663 ERROR [http-nio-8080-exec-2] c.n.c.c.a.ExceptionAdvice [ExceptionAdvice.java:26] org.springframework.web.filter.OncePerRequestFilter.doFilter(OncePerRequestFilter.java:107)
2021-01-21 18:52:14,663 ERROR [http-nio-8080-exec-2] c.n.c.c.a.ExceptionAdvice [ExceptionAdvice.java:26] org.apache.catalina.core.ApplicationFilterChain.internalDoFilter(ApplicationFilterChain.java:193)
2021-01-21 18:52:14,663 ERROR [http-nio-8080-exec-2] c.n.c.c.a.ExceptionAdvice [ExceptionAdvice.java:26] org.apache.catalina.core.ApplicationFilterChain.doFilter(ApplicationFilterChain.java:166)
2021-01-21 18:52:14,663 ERROR [http-nio-8080-exec-2] c.n.c.c.a.ExceptionAdvice [ExceptionAdvice.java:26] org.apache.catalina.core.StandardWrapperValve.invoke(StandardWrapperValve.java:200)
2021-01-21 18:52:14,663 ERROR [http-nio-8080-exec-2] c.n.c.c.a.ExceptionAdvice [ExceptionAdvice.java:26] org.apache.catalina.core.StandardContextValve.invoke(StandardContextValve.java:96)
2021-01-21 18:52:14,664 ERROR [http-nio-8080-exec-2] c.n.c.c.a.ExceptionAdvice [ExceptionAdvice.java:26] org.apache.catalina.authenticator.AuthenticatorBase.invoke(AuthenticatorBase.java:490)
2021-01-21 18:52:14,664 ERROR [http-nio-8080-exec-2] c.n.c.c.a.ExceptionAdvice [ExceptionAdvice.java:26] org.apache.catalina.core.StandardHostValve.invoke(StandardHostValve.java:139)
2021-01-21 18:52:14,664 ERROR [http-nio-8080-exec-2] c.n.c.c.a.ExceptionAdvice [ExceptionAdvice.java:26] org.apache.catalina.valves.ErrorReportValve.invoke(ErrorReportValve.java:92)
2021-01-21 18:52:14,664 ERROR [http-nio-8080-exec-2] c.n.c.c.a.ExceptionAdvice [ExceptionAdvice.java:26] org.apache.catalina.core.StandardEngineValve.invoke(StandardEngineValve.java:74)
2021-01-21 18:52:14,664 ERROR [http-nio-8080-exec-2] c.n.c.c.a.ExceptionAdvice [ExceptionAdvice.java:26] org.apache.catalina.connector.CoyoteAdapter.service(CoyoteAdapter.java:343)
2021-01-21 18:52:14,664 ERROR [http-nio-8080-exec-2] c.n.c.c.a.ExceptionAdvice [ExceptionAdvice.java:26] org.apache.coyote.http11.Http11Processor.service(Http11Processor.java:408)
2021-01-21 18:52:14,664 ERROR [http-nio-8080-exec-2] c.n.c.c.a.ExceptionAdvice [ExceptionAdvice.java:26] org.apache.coyote.AbstractProcessorLight.process(AbstractProcessorLight.java:66)
2021-01-21 18:52:14,664 ERROR [http-nio-8080-exec-2] c.n.c.c.a.ExceptionAdvice [ExceptionAdvice.java:26] org.apache.coyote.AbstractProtocol$ConnectionHandler.process(AbstractProtocol.java:836)
2021-01-21 18:52:14,664 ERROR [http-nio-8080-exec-2] c.n.c.c.a.ExceptionAdvice [ExceptionAdvice.java:26] org.apache.tomcat.util.net.NioEndpoint$SocketProcessor.doRun(NioEndpoint.java:1747)
2021-01-21 18:52:14,664 ERROR [http-nio-8080-exec-2] c.n.c.c.a.ExceptionAdvice [ExceptionAdvice.java:26] org.apache.tomcat.util.net.SocketProcessorBase.run(SocketProcessorBase.java:49)
2021-01-21 18:52:14,664 ERROR [http-nio-8080-exec-2] c.n.c.c.a.ExceptionAdvice [ExceptionAdvice.java:26] java.base/java.util.concurrent.ThreadPoolExecutor.runWorker(ThreadPoolExecutor.java:1128)
2021-01-21 18:52:14,664 ERROR [http-nio-8080-exec-2] c.n.c.c.a.ExceptionAdvice [ExceptionAdvice.java:26] java.base/java.util.concurrent.ThreadPoolExecutor$Worker.run(ThreadPoolExecutor.java:628)
2021-01-21 18:52:14,664 ERROR [http-nio-8080-exec-2] c.n.c.c.a.ExceptionAdvice [ExceptionAdvice.java:26] org.apache.tomcat.util.threads.TaskThread$WrappingRunnable.run(TaskThread.java:61)
2021-01-21 18:52:14,664 ERROR [http-nio-8080-exec-2] c.n.c.c.a.ExceptionAdvice [ExceptionAdvice.java:26] java.base/java.lang.Thread.run(Thread.java:835)
2021-01-21 18:53:21,008 ERROR [http-nio-8080-exec-3] c.n.c.c.a.ExceptionAdvice [ExceptionAdvice.java:24] 服务器发送异常 ： Failed to convert value of type 'java.lang.String' to required type 'int'; nested exception is java.lang.NumberFormatException: For input string: "my-reply.html"
2021-01-21 18:53:21,009 ERROR [http-nio-8080-exec-3] c.n.c.c.a.ExceptionAdvice [ExceptionAdvice.java:26] org.springframework.web.method.annotation.AbstractNamedValueMethodArgumentResolver.resolveArgument(AbstractNamedValueMethodArgumentResolver.java:132)
2021-01-21 18:53:21,009 ERROR [http-nio-8080-exec-3] c.n.c.c.a.ExceptionAdvice [ExceptionAdvice.java:26] org.springframework.web.method.support.HandlerMethodArgumentResolverComposite.resolveArgument(HandlerMethodArgumentResolverComposite.java:126)
2021-01-21 18:53:21,009 ERROR [http-nio-8080-exec-3] c.n.c.c.a.ExceptionAdvice [ExceptionAdvice.java:26] org.springframework.web.method.support.InvocableHandlerMethod.getMethodArgumentValues(InvocableHandlerMethod.java:167)
2021-01-21 18:53:21,009 ERROR [http-nio-8080-exec-3] c.n.c.c.a.ExceptionAdvice [ExceptionAdvice.java:26] org.springframework.web.method.support.InvocableHandlerMethod.invokeForRequest(InvocableHandlerMethod.java:134)
2021-01-21 18:53:21,009 ERROR [http-nio-8080-exec-3] c.n.c.c.a.ExceptionAdvice [ExceptionAdvice.java:26] org.springframework.web.servlet.mvc.method.annotation.ServletInvocableHandlerMethod.invokeAndHandle(ServletInvocableHandlerMethod.java:104)
2021-01-21 18:53:21,009 ERROR [http-nio-8080-exec-3] c.n.c.c.a.ExceptionAdvice [ExceptionAdvice.java:26] org.springframework.web.servlet.mvc.method.annotation.RequestMappingHandlerAdapter.invokeHandlerMethod(RequestMappingHandlerAdapter.java:892)
2021-01-21 18:53:21,009 ERROR [http-nio-8080-exec-3] c.n.c.c.a.ExceptionAdvice [ExceptionAdvice.java:26] org.springframework.web.servlet.mvc.method.annotation.RequestMappingHandlerAdapter.handleInternal(RequestMappingHandlerAdapter.java:797)
2021-01-21 18:53:21,009 ERROR [http-nio-8080-exec-3] c.n.c.c.a.ExceptionAdvice [ExceptionAdvice.java:26] org.springframework.web.servlet.mvc.method.AbstractHandlerMethodAdapter.handle(AbstractHandlerMethodAdapter.java:87)
2021-01-21 18:53:21,009 ERROR [http-nio-8080-exec-3] c.n.c.c.a.ExceptionAdvice [ExceptionAdvice.java:26] org.springframework.web.servlet.DispatcherServlet.doDispatch(DispatcherServlet.java:1039)
2021-01-21 18:53:21,009 ERROR [http-nio-8080-exec-3] c.n.c.c.a.ExceptionAdvice [ExceptionAdvice.java:26] org.springframework.web.servlet.DispatcherServlet.doService(DispatcherServlet.java:942)
2021-01-21 18:53:21,009 ERROR [http-nio-8080-exec-3] c.n.c.c.a.ExceptionAdvice [ExceptionAdvice.java:26] org.springframework.web.servlet.FrameworkServlet.processRequest(FrameworkServlet.java:1005)
2021-01-21 18:53:21,009 ERROR [http-nio-8080-exec-3] c.n.c.c.a.ExceptionAdvice [ExceptionAdvice.java:26] org.springframework.web.servlet.FrameworkServlet.doGet(FrameworkServlet.java:897)
2021-01-21 18:53:21,009 ERROR [http-nio-8080-exec-3] c.n.c.c.a.ExceptionAdvice [ExceptionAdvice.java:26] javax.servlet.http.HttpServlet.service(HttpServlet.java:634)
2021-01-21 18:53:21,009 ERROR [http-nio-8080-exec-3] c.n.c.c.a.ExceptionAdvice [ExceptionAdvice.java:26] org.springframework.web.servlet.FrameworkServlet.service(FrameworkServlet.java:882)
2021-01-21 18:53:21,009 ERROR [http-nio-8080-exec-3] c.n.c.c.a.ExceptionAdvice [ExceptionAdvice.java:26] javax.servlet.http.HttpServlet.service(HttpServlet.java:741)
2021-01-21 18:53:21,009 ERROR [http-nio-8080-exec-3] c.n.c.c.a.ExceptionAdvice [ExceptionAdvice.java:26] org.apache.catalina.core.ApplicationFilterChain.internalDoFilter(ApplicationFilterChain.java:231)
2021-01-21 18:53:21,009 ERROR [http-nio-8080-exec-3] c.n.c.c.a.ExceptionAdvice [ExceptionAdvice.java:26] org.apache.catalina.core.ApplicationFilterChain.doFilter(ApplicationFilterChain.java:166)
2021-01-21 18:53:21,009 ERROR [http-nio-8080-exec-3] c.n.c.c.a.ExceptionAdvice [ExceptionAdvice.java:26] org.apache.tomcat.websocket.server.WsFilter.doFilter(WsFilter.java:53)
2021-01-21 18:53:21,010 ERROR [http-nio-8080-exec-3] c.n.c.c.a.ExceptionAdvice [ExceptionAdvice.java:26] org.apache.catalina.core.ApplicationFilterChain.internalDoFilter(ApplicationFilterChain.java:193)
2021-01-21 18:53:21,010 ERROR [http-nio-8080-exec-3] c.n.c.c.a.ExceptionAdvice [ExceptionAdvice.java:26] org.apache.catalina.core.ApplicationFilterChain.doFilter(ApplicationFilterChain.java:166)
2021-01-21 18:53:21,010 ERROR [http-nio-8080-exec-3] c.n.c.c.a.ExceptionAdvice [ExceptionAdvice.java:26] org.springframework.security.web.FilterChainProxy$VirtualFilterChain.doFilter(FilterChainProxy.java:320)
2021-01-21 18:53:21,010 ERROR [http-nio-8080-exec-3] c.n.c.c.a.ExceptionAdvice [ExceptionAdvice.java:26] org.springframework.security.web.access.intercept.FilterSecurityInterceptor.invoke(FilterSecurityInterceptor.java:127)
2021-01-21 18:53:21,010 ERROR [http-nio-8080-exec-3] c.n.c.c.a.ExceptionAdvice [ExceptionAdvice.java:26] org.springframework.security.web.access.intercept.FilterSecurityInterceptor.doFilter(FilterSecurityInterceptor.java:91)
2021-01-21 18:53:21,010 ERROR [http-nio-8080-exec-3] c.n.c.c.a.ExceptionAdvice [ExceptionAdvice.java:26] org.springframework.security.web.FilterChainProxy$VirtualFilterChain.doFilter(FilterChainProxy.java:334)
2021-01-21 18:53:21,010 ERROR [http-nio-8080-exec-3] c.n.c.c.a.ExceptionAdvice [ExceptionAdvice.java:26] org.springframework.security.web.access.ExceptionTranslationFilter.doFilter(ExceptionTranslationFilter.java:119)
2021-01-21 18:53:21,010 ERROR [http-nio-8080-exec-3] c.n.c.c.a.ExceptionAdvice [ExceptionAdvice.java:26] org.springframework.security.web.FilterChainProxy$VirtualFilterChain.doFilter(FilterChainProxy.java:334)
2021-01-21 18:53:21,010 ERROR [http-nio-8080-exec-3] c.n.c.c.a.ExceptionAdvice [ExceptionAdvice.java:26] org.springframework.security.web.session.SessionManagementFilter.doFilter(SessionManagementFilter.java:137)
2021-01-21 18:53:21,010 ERROR [http-nio-8080-exec-3] c.n.c.c.a.ExceptionAdvice [ExceptionAdvice.java:26] org.springframework.security.web.FilterChainProxy$VirtualFilterChain.doFilter(FilterChainProxy.java:334)
2021-01-21 18:53:21,010 ERROR [http-nio-8080-exec-3] c.n.c.c.a.ExceptionAdvice [ExceptionAdvice.java:26] org.springframework.security.web.authentication.AnonymousAuthenticationFilter.doFilter(AnonymousAuthenticationFilter.java:111)
2021-01-21 18:53:21,010 ERROR [http-nio-8080-exec-3] c.n.c.c.a.ExceptionAdvice [ExceptionAdvice.java:26] org.springframework.security.web.FilterChainProxy$VirtualFilterChain.doFilter(FilterChainProxy.java:334)
2021-01-21 18:53:21,010 ERROR [http-nio-8080-exec-3] c.n.c.c.a.ExceptionAdvice [ExceptionAdvice.java:26] org.springframework.security.web.servletapi.SecurityContextHolderAwareRequestFilter.doFilter(SecurityContextHolderAwareRequestFilter.java:170)
2021-01-21 18:53:21,010 ERROR [http-nio-8080-exec-3] c.n.c.c.a.ExceptionAdvice [ExceptionAdvice.java:26] org.springframework.security.web.FilterChainProxy$VirtualFilterChain.doFilter(FilterChainProxy.java:334)
2021-01-21 18:53:21,010 ERROR [http-nio-8080-exec-3] c.n.c.c.a.ExceptionAdvice [ExceptionAdvice.java:26] org.springframework.security.web.savedrequest.RequestCacheAwareFilter.doFilter(RequestCacheAwareFilter.java:63)
2021-01-21 18:53:21,010 ERROR [http-nio-8080-exec-3] c.n.c.c.a.ExceptionAdvice [ExceptionAdvice.java:26] org.springframework.security.web.FilterChainProxy$VirtualFilterChain.doFilter(FilterChainProxy.java:334)
2021-01-21 18:53:21,010 ERROR [http-nio-8080-exec-3] c.n.c.c.a.ExceptionAdvice [ExceptionAdvice.java:26] org.springframework.security.web.authentication.logout.LogoutFilter.doFilter(LogoutFilter.java:116)
2021-01-21 18:53:21,010 ERROR [http-nio-8080-exec-3] c.n.c.c.a.ExceptionAdvice [ExceptionAdvice.java:26] org.springframework.security.web.FilterChainProxy$VirtualFilterChain.doFilter(FilterChainProxy.java:334)
2021-01-21 18:53:21,010 ERROR [http-nio-8080-exec-3] c.n.c.c.a.ExceptionAdvice [ExceptionAdvice.java:26] org.springframework.security.web.header.HeaderWriterFilter.doFilterInternal(HeaderWriterFilter.java:74)
2021-01-21 18:53:21,010 ERROR [http-nio-8080-exec-3] c.n.c.c.a.ExceptionAdvice [ExceptionAdvice.java:26] org.springframework.web.filter.OncePerRequestFilter.doFilter(OncePerRequestFilter.java:107)
2021-01-21 18:53:21,011 ERROR [http-nio-8080-exec-3] c.n.c.c.a.ExceptionAdvice [ExceptionAdvice.java:26] org.springframework.security.web.FilterChainProxy$VirtualFilterChain.doFilter(FilterChainProxy.java:334)
2021-01-21 18:53:21,011 ERROR [http-nio-8080-exec-3] c.n.c.c.a.ExceptionAdvice [ExceptionAdvice.java:26] org.springframework.security.web.context.SecurityContextPersistenceFilter.doFilter(SecurityContextPersistenceFilter.java:105)
2021-01-21 18:53:21,011 ERROR [http-nio-8080-exec-3] c.n.c.c.a.ExceptionAdvice [ExceptionAdvice.java:26] org.springframework.security.web.FilterChainProxy$VirtualFilterChain.doFilter(FilterChainProxy.java:334)
2021-01-21 18:53:21,012 ERROR [http-nio-8080-exec-3] c.n.c.c.a.ExceptionAdvice [ExceptionAdvice.java:26] org.springframework.security.web.context.request.async.WebAsyncManagerIntegrationFilter.doFilterInternal(WebAsyncManagerIntegrationFilter.java:56)
2021-01-21 18:53:21,012 ERROR [http-nio-8080-exec-3] c.n.c.c.a.ExceptionAdvice [ExceptionAdvice.java:26] org.springframework.web.filter.OncePerRequestFilter.doFilter(OncePerRequestFilter.java:107)
2021-01-21 18:53:21,012 ERROR [http-nio-8080-exec-3] c.n.c.c.a.ExceptionAdvice [ExceptionAdvice.java:26] org.springframework.security.web.FilterChainProxy$VirtualFilterChain.doFilter(FilterChainProxy.java:334)
2021-01-21 18:53:21,012 ERROR [http-nio-8080-exec-3] c.n.c.c.a.ExceptionAdvice [ExceptionAdvice.java:26] org.springframework.security.web.FilterChainProxy.doFilterInternal(FilterChainProxy.java:215)
2021-01-21 18:53:21,012 ERROR [http-nio-8080-exec-3] c.n.c.c.a.ExceptionAdvice [ExceptionAdvice.java:26] org.springframework.security.web.FilterChainProxy.doFilter(FilterChainProxy.java:178)
2021-01-21 18:53:21,012 ERROR [http-nio-8080-exec-3] c.n.c.c.a.ExceptionAdvice [ExceptionAdvice.java:26] org.springframework.web.filter.DelegatingFilterProxy.invokeDelegate(DelegatingFilterProxy.java:357)
2021-01-21 18:53:21,013 ERROR [http-nio-8080-exec-3] c.n.c.c.a.ExceptionAdvice [ExceptionAdvice.java:26] org.springframework.web.filter.DelegatingFilterProxy.doFilter(DelegatingFilterProxy.java:270)
2021-01-21 18:53:21,013 ERROR [http-nio-8080-exec-3] c.n.c.c.a.ExceptionAdvice [ExceptionAdvice.java:26] org.apache.catalina.core.ApplicationFilterChain.internalDoFilter(ApplicationFilterChain.java:193)
2021-01-21 18:53:21,013 ERROR [http-nio-8080-exec-3] c.n.c.c.a.ExceptionAdvice [ExceptionAdvice.java:26] org.apache.catalina.core.ApplicationFilterChain.doFilter(ApplicationFilterChain.java:166)
2021-01-21 18:53:21,013 ERROR [http-nio-8080-exec-3] c.n.c.c.a.ExceptionAdvice [ExceptionAdvice.java:26] org.springframework.web.filter.RequestContextFilter.doFilterInternal(RequestContextFilter.java:99)
2021-01-21 18:53:21,013 ERROR [http-nio-8080-exec-3] c.n.c.c.a.ExceptionAdvice [ExceptionAdvice.java:26] org.springframework.web.filter.OncePerRequestFilter.doFilter(OncePerRequestFilter.java:107)
2021-01-21 18:53:21,013 ERROR [http-nio-8080-exec-3] c.n.c.c.a.ExceptionAdvice [ExceptionAdvice.java:26] org.apache.catalina.core.ApplicationFilterChain.internalDoFilter(ApplicationFilterChain.java:193)
2021-01-21 18:53:21,013 ERROR [http-nio-8080-exec-3] c.n.c.c.a.ExceptionAdvice [ExceptionAdvice.java:26] org.apache.catalina.core.ApplicationFilterChain.doFilter(ApplicationFilterChain.java:166)
2021-01-21 18:53:21,013 ERROR [http-nio-8080-exec-3] c.n.c.c.a.ExceptionAdvice [ExceptionAdvice.java:26] org.springframework.web.filter.FormContentFilter.doFilterInternal(FormContentFilter.java:92)
2021-01-21 18:53:21,013 ERROR [http-nio-8080-exec-3] c.n.c.c.a.ExceptionAdvice [ExceptionAdvice.java:26] org.springframework.web.filter.OncePerRequestFilter.doFilter(OncePerRequestFilter.java:107)
2021-01-21 18:53:21,013 ERROR [http-nio-8080-exec-3] c.n.c.c.a.ExceptionAdvice [ExceptionAdvice.java:26] org.apache.catalina.core.ApplicationFilterChain.internalDoFilter(ApplicationFilterChain.java:193)
2021-01-21 18:53:21,013 ERROR [http-nio-8080-exec-3] c.n.c.c.a.ExceptionAdvice [ExceptionAdvice.java:26] org.apache.catalina.core.ApplicationFilterChain.doFilter(ApplicationFilterChain.java:166)
2021-01-21 18:53:21,013 ERROR [http-nio-8080-exec-3] c.n.c.c.a.ExceptionAdvice [ExceptionAdvice.java:26] org.springframework.web.filter.HiddenHttpMethodFilter.doFilterInternal(HiddenHttpMethodFilter.java:93)
2021-01-21 18:53:21,013 ERROR [http-nio-8080-exec-3] c.n.c.c.a.ExceptionAdvice [ExceptionAdvice.java:26] org.springframework.web.filter.OncePerRequestFilter.doFilter(OncePerRequestFilter.java:107)
2021-01-21 18:53:21,013 ERROR [http-nio-8080-exec-3] c.n.c.c.a.ExceptionAdvice [ExceptionAdvice.java:26] org.apache.catalina.core.ApplicationFilterChain.internalDoFilter(ApplicationFilterChain.java:193)
2021-01-21 18:53:21,013 ERROR [http-nio-8080-exec-3] c.n.c.c.a.ExceptionAdvice [ExceptionAdvice.java:26] org.apache.catalina.core.ApplicationFilterChain.doFilter(ApplicationFilterChain.java:166)
2021-01-21 18:53:21,013 ERROR [http-nio-8080-exec-3] c.n.c.c.a.ExceptionAdvice [ExceptionAdvice.java:26] org.springframework.web.filter.CharacterEncodingFilter.doFilterInternal(CharacterEncodingFilter.java:200)
2021-01-21 18:53:21,013 ERROR [http-nio-8080-exec-3] c.n.c.c.a.ExceptionAdvice [ExceptionAdvice.java:26] org.springframework.web.filter.OncePerRequestFilter.doFilter(OncePerRequestFilter.java:107)
2021-01-21 18:53:21,013 ERROR [http-nio-8080-exec-3] c.n.c.c.a.ExceptionAdvice [ExceptionAdvice.java:26] org.apache.catalina.core.ApplicationFilterChain.internalDoFilter(ApplicationFilterChain.java:193)
2021-01-21 18:53:21,013 ERROR [http-nio-8080-exec-3] c.n.c.c.a.ExceptionAdvice [ExceptionAdvice.java:26] org.apache.catalina.core.ApplicationFilterChain.doFilter(ApplicationFilterChain.java:166)
2021-01-21 18:53:21,013 ERROR [http-nio-8080-exec-3] c.n.c.c.a.ExceptionAdvice [ExceptionAdvice.java:26] org.apache.catalina.core.StandardWrapperValve.invoke(StandardWrapperValve.java:200)
2021-01-21 18:53:21,014 ERROR [http-nio-8080-exec-3] c.n.c.c.a.ExceptionAdvice [ExceptionAdvice.java:26] org.apache.catalina.core.StandardContextValve.invoke(StandardContextValve.java:96)
2021-01-21 18:53:21,014 ERROR [http-nio-8080-exec-3] c.n.c.c.a.ExceptionAdvice [ExceptionAdvice.java:26] org.apache.catalina.authenticator.AuthenticatorBase.invoke(AuthenticatorBase.java:490)
2021-01-21 18:53:21,014 ERROR [http-nio-8080-exec-3] c.n.c.c.a.ExceptionAdvice [ExceptionAdvice.java:26] org.apache.catalina.core.StandardHostValve.invoke(StandardHostValve.java:139)
2021-01-21 18:53:21,014 ERROR [http-nio-8080-exec-3] c.n.c.c.a.ExceptionAdvice [ExceptionAdvice.java:26] org.apache.catalina.valves.ErrorReportValve.invoke(ErrorReportValve.java:92)
2021-01-21 18:53:21,014 ERROR [http-nio-8080-exec-3] c.n.c.c.a.ExceptionAdvice [ExceptionAdvice.java:26] org.apache.catalina.core.StandardEngineValve.invoke(StandardEngineValve.java:74)
2021-01-21 18:53:21,014 ERROR [http-nio-8080-exec-3] c.n.c.c.a.ExceptionAdvice [ExceptionAdvice.java:26] org.apache.catalina.connector.CoyoteAdapter.service(CoyoteAdapter.java:343)
2021-01-21 18:53:21,014 ERROR [http-nio-8080-exec-3] c.n.c.c.a.ExceptionAdvice [ExceptionAdvice.java:26] org.apache.coyote.http11.Http11Processor.service(Http11Processor.java:408)
2021-01-21 18:53:21,014 ERROR [http-nio-8080-exec-3] c.n.c.c.a.ExceptionAdvice [ExceptionAdvice.java:26] org.apache.coyote.AbstractProcessorLight.process(AbstractProcessorLight.java:66)
2021-01-21 18:53:21,014 ERROR [http-nio-8080-exec-3] c.n.c.c.a.ExceptionAdvice [ExceptionAdvice.java:26] org.apache.coyote.AbstractProtocol$ConnectionHandler.process(AbstractProtocol.java:836)
2021-01-21 18:53:21,014 ERROR [http-nio-8080-exec-3] c.n.c.c.a.ExceptionAdvice [ExceptionAdvice.java:26] org.apache.tomcat.util.net.NioEndpoint$SocketProcessor.doRun(NioEndpoint.java:1747)
2021-01-21 18:53:21,014 ERROR [http-nio-8080-exec-3] c.n.c.c.a.ExceptionAdvice [ExceptionAdvice.java:26] org.apache.tomcat.util.net.SocketProcessorBase.run(SocketProcessorBase.java:49)
2021-01-21 18:53:21,014 ERROR [http-nio-8080-exec-3] c.n.c.c.a.ExceptionAdvice [ExceptionAdvice.java:26] java.base/java.util.concurrent.ThreadPoolExecutor.runWorker(ThreadPoolExecutor.java:1128)
2021-01-21 18:53:21,014 ERROR [http-nio-8080-exec-3] c.n.c.c.a.ExceptionAdvice [ExceptionAdvice.java:26] java.base/java.util.concurrent.ThreadPoolExecutor$Worker.run(ThreadPoolExecutor.java:628)
2021-01-21 18:53:21,014 ERROR [http-nio-8080-exec-3] c.n.c.c.a.ExceptionAdvice [ExceptionAdvice.java:26] org.apache.tomcat.util.threads.TaskThread$WrappingRunnable.run(TaskThread.java:61)
2021-01-21 18:53:21,014 ERROR [http-nio-8080-exec-3] c.n.c.c.a.ExceptionAdvice [ExceptionAdvice.java:26] java.base/java.lang.Thread.run(Thread.java:835)
2021-01-21 18:53:28,097 ERROR [http-nio-8080-exec-10] c.n.c.c.a.ExceptionAdvice [ExceptionAdvice.java:24] 服务器发送异常 ： Failed to convert value of type 'java.lang.String' to required type 'int'; nested exception is java.lang.NumberFormatException: For input string: "my-post.html"
2021-01-21 18:53:28,097 ERROR [http-nio-8080-exec-10] c.n.c.c.a.ExceptionAdvice [ExceptionAdvice.java:26] org.springframework.web.method.annotation.AbstractNamedValueMethodArgumentResolver.resolveArgument(AbstractNamedValueMethodArgumentResolver.java:132)
2021-01-21 18:53:28,097 ERROR [http-nio-8080-exec-10] c.n.c.c.a.ExceptionAdvice [ExceptionAdvice.java:26] org.springframework.web.method.support.HandlerMethodArgumentResolverComposite.resolveArgument(HandlerMethodArgumentResolverComposite.java:126)
2021-01-21 18:53:28,097 ERROR [http-nio-8080-exec-10] c.n.c.c.a.ExceptionAdvice [ExceptionAdvice.java:26] org.springframework.web.method.support.InvocableHandlerMethod.getMethodArgumentValues(InvocableHandlerMethod.java:167)
2021-01-21 18:53:28,097 ERROR [http-nio-8080-exec-10] c.n.c.c.a.ExceptionAdvice [ExceptionAdvice.java:26] org.springframework.web.method.support.InvocableHandlerMethod.invokeForRequest(InvocableHandlerMethod.java:134)
2021-01-21 18:53:28,098 ERROR [http-nio-8080-exec-10] c.n.c.c.a.ExceptionAdvice [ExceptionAdvice.java:26] org.springframework.web.servlet.mvc.method.annotation.ServletInvocableHandlerMethod.invokeAndHandle(ServletInvocableHandlerMethod.java:104)
2021-01-21 18:53:28,098 ERROR [http-nio-8080-exec-10] c.n.c.c.a.ExceptionAdvice [ExceptionAdvice.java:26] org.springframework.web.servlet.mvc.method.annotation.RequestMappingHandlerAdapter.invokeHandlerMethod(RequestMappingHandlerAdapter.java:892)
2021-01-21 18:53:28,098 ERROR [http-nio-8080-exec-10] c.n.c.c.a.ExceptionAdvice [ExceptionAdvice.java:26] org.springframework.web.servlet.mvc.method.annotation.RequestMappingHandlerAdapter.handleInternal(RequestMappingHandlerAdapter.java:797)
2021-01-21 18:53:28,098 ERROR [http-nio-8080-exec-10] c.n.c.c.a.ExceptionAdvice [ExceptionAdvice.java:26] org.springframework.web.servlet.mvc.method.AbstractHandlerMethodAdapter.handle(AbstractHandlerMethodAdapter.java:87)
2021-01-21 18:53:28,098 ERROR [http-nio-8080-exec-10] c.n.c.c.a.ExceptionAdvice [ExceptionAdvice.java:26] org.springframework.web.servlet.DispatcherServlet.doDispatch(DispatcherServlet.java:1039)
2021-01-21 18:53:28,098 ERROR [http-nio-8080-exec-10] c.n.c.c.a.ExceptionAdvice [ExceptionAdvice.java:26] org.springframework.web.servlet.DispatcherServlet.doService(DispatcherServlet.java:942)
2021-01-21 18:53:28,098 ERROR [http-nio-8080-exec-10] c.n.c.c.a.ExceptionAdvice [ExceptionAdvice.java:26] org.springframework.web.servlet.FrameworkServlet.processRequest(FrameworkServlet.java:1005)
2021-01-21 18:53:28,098 ERROR [http-nio-8080-exec-10] c.n.c.c.a.ExceptionAdvice [ExceptionAdvice.java:26] org.springframework.web.servlet.FrameworkServlet.doGet(FrameworkServlet.java:897)
2021-01-21 18:53:28,098 ERROR [http-nio-8080-exec-10] c.n.c.c.a.ExceptionAdvice [ExceptionAdvice.java:26] javax.servlet.http.HttpServlet.service(HttpServlet.java:634)
2021-01-21 18:53:28,098 ERROR [http-nio-8080-exec-10] c.n.c.c.a.ExceptionAdvice [ExceptionAdvice.java:26] org.springframework.web.servlet.FrameworkServlet.service(FrameworkServlet.java:882)
2021-01-21 18:53:28,098 ERROR [http-nio-8080-exec-10] c.n.c.c.a.ExceptionAdvice [ExceptionAdvice.java:26] javax.servlet.http.HttpServlet.service(HttpServlet.java:741)
2021-01-21 18:53:28,098 ERROR [http-nio-8080-exec-10] c.n.c.c.a.ExceptionAdvice [ExceptionAdvice.java:26] org.apache.catalina.core.ApplicationFilterChain.internalDoFilter(ApplicationFilterChain.java:231)
2021-01-21 18:53:28,098 ERROR [http-nio-8080-exec-10] c.n.c.c.a.ExceptionAdvice [ExceptionAdvice.java:26] org.apache.catalina.core.ApplicationFilterChain.doFilter(ApplicationFilterChain.java:166)
2021-01-21 18:53:28,098 ERROR [http-nio-8080-exec-10] c.n.c.c.a.ExceptionAdvice [ExceptionAdvice.java:26] org.apache.tomcat.websocket.server.WsFilter.doFilter(WsFilter.java:53)
2021-01-21 18:53:28,098 ERROR [http-nio-8080-exec-10] c.n.c.c.a.ExceptionAdvice [ExceptionAdvice.java:26] org.apache.catalina.core.ApplicationFilterChain.internalDoFilter(ApplicationFilterChain.java:193)
2021-01-21 18:53:28,098 ERROR [http-nio-8080-exec-10] c.n.c.c.a.ExceptionAdvice [ExceptionAdvice.java:26] org.apache.catalina.core.ApplicationFilterChain.doFilter(ApplicationFilterChain.java:166)
2021-01-21 18:53:28,098 ERROR [http-nio-8080-exec-10] c.n.c.c.a.ExceptionAdvice [ExceptionAdvice.java:26] org.springframework.security.web.FilterChainProxy$VirtualFilterChain.doFilter(FilterChainProxy.java:320)
2021-01-21 18:53:28,098 ERROR [http-nio-8080-exec-10] c.n.c.c.a.ExceptionAdvice [ExceptionAdvice.java:26] org.springframework.security.web.access.intercept.FilterSecurityInterceptor.invoke(FilterSecurityInterceptor.java:127)
2021-01-21 18:53:28,099 ERROR [http-nio-8080-exec-10] c.n.c.c.a.ExceptionAdvice [ExceptionAdvice.java:26] org.springframework.security.web.access.intercept.FilterSecurityInterceptor.doFilter(FilterSecurityInterceptor.java:91)
2021-01-21 18:53:28,099 ERROR [http-nio-8080-exec-10] c.n.c.c.a.ExceptionAdvice [ExceptionAdvice.java:26] org.springframework.security.web.FilterChainProxy$VirtualFilterChain.doFilter(FilterChainProxy.java:334)
2021-01-21 18:53:28,099 ERROR [http-nio-8080-exec-10] c.n.c.c.a.ExceptionAdvice [ExceptionAdvice.java:26] org.springframework.security.web.access.ExceptionTranslationFilter.doFilter(ExceptionTranslationFilter.java:119)
2021-01-21 18:53:28,099 ERROR [http-nio-8080-exec-10] c.n.c.c.a.ExceptionAdvice [ExceptionAdvice.java:26] org.springframework.security.web.FilterChainProxy$VirtualFilterChain.doFilter(FilterChainProxy.java:334)
2021-01-21 18:53:28,099 ERROR [http-nio-8080-exec-10] c.n.c.c.a.ExceptionAdvice [ExceptionAdvice.java:26] org.springframework.security.web.session.SessionManagementFilter.doFilter(SessionManagementFilter.java:137)
2021-01-21 18:53:28,099 ERROR [http-nio-8080-exec-10] c.n.c.c.a.ExceptionAdvice [ExceptionAdvice.java:26] org.springframework.security.web.FilterChainProxy$VirtualFilterChain.doFilter(FilterChainProxy.java:334)
2021-01-21 18:53:28,099 ERROR [http-nio-8080-exec-10] c.n.c.c.a.ExceptionAdvice [ExceptionAdvice.java:26] org.springframework.security.web.authentication.AnonymousAuthenticationFilter.doFilter(AnonymousAuthenticationFilter.java:111)
2021-01-21 18:53:28,099 ERROR [http-nio-8080-exec-10] c.n.c.c.a.ExceptionAdvice [ExceptionAdvice.java:26] org.springframework.security.web.FilterChainProxy$VirtualFilterChain.doFilter(FilterChainProxy.java:334)
2021-01-21 18:53:28,099 ERROR [http-nio-8080-exec-10] c.n.c.c.a.ExceptionAdvice [ExceptionAdvice.java:26] org.springframework.security.web.servletapi.SecurityContextHolderAwareRequestFilter.doFilter(SecurityContextHolderAwareRequestFilter.java:170)
2021-01-21 18:53:28,099 ERROR [http-nio-8080-exec-10] c.n.c.c.a.ExceptionAdvice [ExceptionAdvice.java:26] org.springframework.security.web.FilterChainProxy$VirtualFilterChain.doFilter(FilterChainProxy.java:334)
2021-01-21 18:53:28,099 ERROR [http-nio-8080-exec-10] c.n.c.c.a.ExceptionAdvice [ExceptionAdvice.java:26] org.springframework.security.web.savedrequest.RequestCacheAwareFilter.doFilter(RequestCacheAwareFilter.java:63)
2021-01-21 18:53:28,099 ERROR [http-nio-8080-exec-10] c.n.c.c.a.ExceptionAdvice [ExceptionAdvice.java:26] org.springframework.security.web.FilterChainProxy$VirtualFilterChain.doFilter(FilterChainProxy.java:334)
2021-01-21 18:53:28,099 ERROR [http-nio-8080-exec-10] c.n.c.c.a.ExceptionAdvice [ExceptionAdvice.java:26] org.springframework.security.web.authentication.logout.LogoutFilter.doFilter(LogoutFilter.java:116)
2021-01-21 18:53:28,099 ERROR [http-nio-8080-exec-10] c.n.c.c.a.ExceptionAdvice [ExceptionAdvice.java:26] org.springframework.security.web.FilterChainProxy$VirtualFilterChain.doFilter(FilterChainProxy.java:334)
2021-01-21 18:53:28,099 ERROR [http-nio-8080-exec-10] c.n.c.c.a.ExceptionAdvice [ExceptionAdvice.java:26] org.springframework.security.web.header.HeaderWriterFilter.doFilterInternal(HeaderWriterFilter.java:74)
2021-01-21 18:53:28,099 ERROR [http-nio-8080-exec-10] c.n.c.c.a.ExceptionAdvice [ExceptionAdvice.java:26] org.springframework.web.filter.OncePerRequestFilter.doFilter(OncePerRequestFilter.java:107)
2021-01-21 18:53:28,099 ERROR [http-nio-8080-exec-10] c.n.c.c.a.ExceptionAdvice [ExceptionAdvice.java:26] org.springframework.security.web.FilterChainProxy$VirtualFilterChain.doFilter(FilterChainProxy.java:334)
2021-01-21 18:53:28,100 ERROR [http-nio-8080-exec-10] c.n.c.c.a.ExceptionAdvice [ExceptionAdvice.java:26] org.springframework.security.web.context.SecurityContextPersistenceFilter.doFilter(SecurityContextPersistenceFilter.java:105)
2021-01-21 18:53:28,100 ERROR [http-nio-8080-exec-10] c.n.c.c.a.ExceptionAdvice [ExceptionAdvice.java:26] org.springframework.security.web.FilterChainProxy$VirtualFilterChain.doFilter(FilterChainProxy.java:334)
2021-01-21 18:53:28,100 ERROR [http-nio-8080-exec-10] c.n.c.c.a.ExceptionAdvice [ExceptionAdvice.java:26] org.springframework.security.web.context.request.async.WebAsyncManagerIntegrationFilter.doFilterInternal(WebAsyncManagerIntegrationFilter.java:56)
2021-01-21 18:53:28,100 ERROR [http-nio-8080-exec-10] c.n.c.c.a.ExceptionAdvice [ExceptionAdvice.java:26] org.springframework.web.filter.OncePerRequestFilter.doFilter(OncePerRequestFilter.java:107)
2021-01-21 18:53:28,100 ERROR [http-nio-8080-exec-10] c.n.c.c.a.ExceptionAdvice [ExceptionAdvice.java:26] org.springframework.security.web.FilterChainProxy$VirtualFilterChain.doFilter(FilterChainProxy.java:334)
2021-01-21 18:53:28,100 ERROR [http-nio-8080-exec-10] c.n.c.c.a.ExceptionAdvice [ExceptionAdvice.java:26] org.springframework.security.web.FilterChainProxy.doFilterInternal(FilterChainProxy.java:215)
2021-01-21 18:53:28,100 ERROR [http-nio-8080-exec-10] c.n.c.c.a.ExceptionAdvice [ExceptionAdvice.java:26] org.springframework.security.web.FilterChainProxy.doFilter(FilterChainProxy.java:178)
2021-01-21 18:53:28,100 ERROR [http-nio-8080-exec-10] c.n.c.c.a.ExceptionAdvice [ExceptionAdvice.java:26] org.springframework.web.filter.DelegatingFilterProxy.invokeDelegate(DelegatingFilterProxy.java:357)
2021-01-21 18:53:28,100 ERROR [http-nio-8080-exec-10] c.n.c.c.a.ExceptionAdvice [ExceptionAdvice.java:26] org.springframework.web.filter.DelegatingFilterProxy.doFilter(DelegatingFilterProxy.java:270)
2021-01-21 18:53:28,100 ERROR [http-nio-8080-exec-10] c.n.c.c.a.ExceptionAdvice [ExceptionAdvice.java:26] org.apache.catalina.core.ApplicationFilterChain.internalDoFilter(ApplicationFilterChain.java:193)
2021-01-21 18:53:28,100 ERROR [http-nio-8080-exec-10] c.n.c.c.a.ExceptionAdvice [ExceptionAdvice.java:26] org.apache.catalina.core.ApplicationFilterChain.doFilter(ApplicationFilterChain.java:166)
2021-01-21 18:53:28,100 ERROR [http-nio-8080-exec-10] c.n.c.c.a.ExceptionAdvice [ExceptionAdvice.java:26] org.springframework.web.filter.RequestContextFilter.doFilterInternal(RequestContextFilter.java:99)
2021-01-21 18:53:28,100 ERROR [http-nio-8080-exec-10] c.n.c.c.a.ExceptionAdvice [ExceptionAdvice.java:26] org.springframework.web.filter.OncePerRequestFilter.doFilter(OncePerRequestFilter.java:107)
2021-01-21 18:53:28,100 ERROR [http-nio-8080-exec-10] c.n.c.c.a.ExceptionAdvice [ExceptionAdvice.java:26] org.apache.catalina.core.ApplicationFilterChain.internalDoFilter(ApplicationFilterChain.java:193)
2021-01-21 18:53:28,100 ERROR [http-nio-8080-exec-10] c.n.c.c.a.ExceptionAdvice [ExceptionAdvice.java:26] org.apache.catalina.core.ApplicationFilterChain.doFilter(ApplicationFilterChain.java:166)
2021-01-21 18:53:28,100 ERROR [http-nio-8080-exec-10] c.n.c.c.a.ExceptionAdvice [ExceptionAdvice.java:26] org.springframework.web.filter.FormContentFilter.doFilterInternal(FormContentFilter.java:92)
2021-01-21 18:53:28,100 ERROR [http-nio-8080-exec-10] c.n.c.c.a.ExceptionAdvice [ExceptionAdvice.java:26] org.springframework.web.filter.OncePerRequestFilter.doFilter(OncePerRequestFilter.java:107)
2021-01-21 18:53:28,100 ERROR [http-nio-8080-exec-10] c.n.c.c.a.ExceptionAdvice [ExceptionAdvice.java:26] org.apache.catalina.core.ApplicationFilterChain.internalDoFilter(ApplicationFilterChain.java:193)
2021-01-21 18:53:28,101 ERROR [http-nio-8080-exec-10] c.n.c.c.a.ExceptionAdvice [ExceptionAdvice.java:26] org.apache.catalina.core.ApplicationFilterChain.doFilter(ApplicationFilterChain.java:166)
2021-01-21 18:53:28,101 ERROR [http-nio-8080-exec-10] c.n.c.c.a.ExceptionAdvice [ExceptionAdvice.java:26] org.springframework.web.filter.HiddenHttpMethodFilter.doFilterInternal(HiddenHttpMethodFilter.java:93)
2021-01-21 18:53:28,101 ERROR [http-nio-8080-exec-10] c.n.c.c.a.ExceptionAdvice [ExceptionAdvice.java:26] org.springframework.web.filter.OncePerRequestFilter.doFilter(OncePerRequestFilter.java:107)
2021-01-21 18:53:28,101 ERROR [http-nio-8080-exec-10] c.n.c.c.a.ExceptionAdvice [ExceptionAdvice.java:26] org.apache.catalina.core.ApplicationFilterChain.internalDoFilter(ApplicationFilterChain.java:193)
2021-01-21 18:53:28,101 ERROR [http-nio-8080-exec-10] c.n.c.c.a.ExceptionAdvice [ExceptionAdvice.java:26] org.apache.catalina.core.ApplicationFilterChain.doFilter(ApplicationFilterChain.java:166)
2021-01-21 18:53:28,101 ERROR [http-nio-8080-exec-10] c.n.c.c.a.ExceptionAdvice [ExceptionAdvice.java:26] org.springframework.web.filter.CharacterEncodingFilter.doFilterInternal(CharacterEncodingFilter.java:200)
2021-01-21 18:53:28,101 ERROR [http-nio-8080-exec-10] c.n.c.c.a.ExceptionAdvice [ExceptionAdvice.java:26] org.springframework.web.filter.OncePerRequestFilter.doFilter(OncePerRequestFilter.java:107)
2021-01-21 18:53:28,101 ERROR [http-nio-8080-exec-10] c.n.c.c.a.ExceptionAdvice [ExceptionAdvice.java:26] org.apache.catalina.core.ApplicationFilterChain.internalDoFilter(ApplicationFilterChain.java:193)
2021-01-21 18:53:28,101 ERROR [http-nio-8080-exec-10] c.n.c.c.a.ExceptionAdvice [ExceptionAdvice.java:26] org.apache.catalina.core.ApplicationFilterChain.doFilter(ApplicationFilterChain.java:166)
2021-01-21 18:53:28,101 ERROR [http-nio-8080-exec-10] c.n.c.c.a.ExceptionAdvice [ExceptionAdvice.java:26] org.apache.catalina.core.StandardWrapperValve.invoke(StandardWrapperValve.java:200)
2021-01-21 18:53:28,101 ERROR [http-nio-8080-exec-10] c.n.c.c.a.ExceptionAdvice [ExceptionAdvice.java:26] org.apache.catalina.core.StandardContextValve.invoke(StandardContextValve.java:96)
2021-01-21 18:53:28,101 ERROR [http-nio-8080-exec-10] c.n.c.c.a.ExceptionAdvice [ExceptionAdvice.java:26] org.apache.catalina.authenticator.AuthenticatorBase.invoke(AuthenticatorBase.java:490)
2021-01-21 18:53:28,101 ERROR [http-nio-8080-exec-10] c.n.c.c.a.ExceptionAdvice [ExceptionAdvice.java:26] org.apache.catalina.core.StandardHostValve.invoke(StandardHostValve.java:139)
2021-01-21 18:53:28,101 ERROR [http-nio-8080-exec-10] c.n.c.c.a.ExceptionAdvice [ExceptionAdvice.java:26] org.apache.catalina.valves.ErrorReportValve.invoke(ErrorReportValve.java:92)
2021-01-21 18:53:28,101 ERROR [http-nio-8080-exec-10] c.n.c.c.a.ExceptionAdvice [ExceptionAdvice.java:26] org.apache.catalina.core.StandardEngineValve.invoke(StandardEngineValve.java:74)
2021-01-21 18:53:28,101 ERROR [http-nio-8080-exec-10] c.n.c.c.a.ExceptionAdvice [ExceptionAdvice.java:26] org.apache.catalina.connector.CoyoteAdapter.service(CoyoteAdapter.java:343)
2021-01-21 18:53:28,101 ERROR [http-nio-8080-exec-10] c.n.c.c.a.ExceptionAdvice [ExceptionAdvice.java:26] org.apache.coyote.http11.Http11Processor.service(Http11Processor.java:408)
2021-01-21 18:53:28,102 ERROR [http-nio-8080-exec-10] c.n.c.c.a.ExceptionAdvice [ExceptionAdvice.java:26] org.apache.coyote.AbstractProcessorLight.process(AbstractProcessorLight.java:66)
2021-01-21 18:53:28,102 ERROR [http-nio-8080-exec-10] c.n.c.c.a.ExceptionAdvice [ExceptionAdvice.java:26] org.apache.coyote.AbstractProtocol$ConnectionHandler.process(AbstractProtocol.java:836)
2021-01-21 18:53:28,102 ERROR [http-nio-8080-exec-10] c.n.c.c.a.ExceptionAdvice [ExceptionAdvice.java:26] org.apache.tomcat.util.net.NioEndpoint$SocketProcessor.doRun(NioEndpoint.java:1747)
2021-01-21 18:53:28,102 ERROR [http-nio-8080-exec-10] c.n.c.c.a.ExceptionAdvice [ExceptionAdvice.java:26] org.apache.tomcat.util.net.SocketProcessorBase.run(SocketProcessorBase.java:49)
2021-01-21 18:53:28,102 ERROR [http-nio-8080-exec-10] c.n.c.c.a.ExceptionAdvice [ExceptionAdvice.java:26] java.base/java.util.concurrent.ThreadPoolExecutor.runWorker(ThreadPoolExecutor.java:1128)
2021-01-21 18:53:28,102 ERROR [http-nio-8080-exec-10] c.n.c.c.a.ExceptionAdvice [ExceptionAdvice.java:26] java.base/java.util.concurrent.ThreadPoolExecutor$Worker.run(ThreadPoolExecutor.java:628)
2021-01-21 18:53:28,102 ERROR [http-nio-8080-exec-10] c.n.c.c.a.ExceptionAdvice [ExceptionAdvice.java:26] org.apache.tomcat.util.threads.TaskThread$WrappingRunnable.run(TaskThread.java:61)
2021-01-21 18:53:28,102 ERROR [http-nio-8080-exec-10] c.n.c.c.a.ExceptionAdvice [ExceptionAdvice.java:26] java.base/java.lang.Thread.run(Thread.java:835)
2021-01-21 18:53:38,258 ERROR [http-nio-8080-exec-9] c.n.c.c.a.ExceptionAdvice [ExceptionAdvice.java:24] 服务器发送异常 ： Handler dispatch failed; nested exception is java.lang.NoClassDefFoundError: com/google/gson/Gson
2021-01-21 18:53:38,258 ERROR [http-nio-8080-exec-9] c.n.c.c.a.ExceptionAdvice [ExceptionAdvice.java:26] org.springframework.web.servlet.DispatcherServlet.doDispatch(DispatcherServlet.java:1054)
2021-01-21 18:53:38,258 ERROR [http-nio-8080-exec-9] c.n.c.c.a.ExceptionAdvice [ExceptionAdvice.java:26] org.springframework.web.servlet.DispatcherServlet.doService(DispatcherServlet.java:942)
2021-01-21 18:53:38,258 ERROR [http-nio-8080-exec-9] c.n.c.c.a.ExceptionAdvice [ExceptionAdvice.java:26] org.springframework.web.servlet.FrameworkServlet.processRequest(FrameworkServlet.java:1005)
2021-01-21 18:53:38,259 ERROR [http-nio-8080-exec-9] c.n.c.c.a.ExceptionAdvice [ExceptionAdvice.java:26] org.springframework.web.servlet.FrameworkServlet.doGet(FrameworkServlet.java:897)
2021-01-21 18:53:38,259 ERROR [http-nio-8080-exec-9] c.n.c.c.a.ExceptionAdvice [ExceptionAdvice.java:26] javax.servlet.http.HttpServlet.service(HttpServlet.java:634)
2021-01-21 18:53:38,259 ERROR [http-nio-8080-exec-9] c.n.c.c.a.ExceptionAdvice [ExceptionAdvice.java:26] org.springframework.web.servlet.FrameworkServlet.service(FrameworkServlet.java:882)
2021-01-21 18:53:38,259 ERROR [http-nio-8080-exec-9] c.n.c.c.a.ExceptionAdvice [ExceptionAdvice.java:26] javax.servlet.http.HttpServlet.service(HttpServlet.java:741)
2021-01-21 18:53:38,259 ERROR [http-nio-8080-exec-9] c.n.c.c.a.ExceptionAdvice [ExceptionAdvice.java:26] org.apache.catalina.core.ApplicationFilterChain.internalDoFilter(ApplicationFilterChain.java:231)
2021-01-21 18:53:38,259 ERROR [http-nio-8080-exec-9] c.n.c.c.a.ExceptionAdvice [ExceptionAdvice.java:26] org.apache.catalina.core.ApplicationFilterChain.doFilter(ApplicationFilterChain.java:166)
2021-01-21 18:53:38,259 ERROR [http-nio-8080-exec-9] c.n.c.c.a.ExceptionAdvice [ExceptionAdvice.java:26] org.apache.tomcat.websocket.server.WsFilter.doFilter(WsFilter.java:53)
2021-01-21 18:53:38,259 ERROR [http-nio-8080-exec-9] c.n.c.c.a.ExceptionAdvice [ExceptionAdvice.java:26] org.apache.catalina.core.ApplicationFilterChain.internalDoFilter(ApplicationFilterChain.java:193)
2021-01-21 18:53:38,259 ERROR [http-nio-8080-exec-9] c.n.c.c.a.ExceptionAdvice [ExceptionAdvice.java:26] org.apache.catalina.core.ApplicationFilterChain.doFilter(ApplicationFilterChain.java:166)
2021-01-21 18:53:38,259 ERROR [http-nio-8080-exec-9] c.n.c.c.a.ExceptionAdvice [ExceptionAdvice.java:26] org.springframework.security.web.FilterChainProxy$VirtualFilterChain.doFilter(FilterChainProxy.java:320)
2021-01-21 18:53:38,259 ERROR [http-nio-8080-exec-9] c.n.c.c.a.ExceptionAdvice [ExceptionAdvice.java:26] org.springframework.security.web.access.intercept.FilterSecurityInterceptor.invoke(FilterSecurityInterceptor.java:127)
2021-01-21 18:53:38,259 ERROR [http-nio-8080-exec-9] c.n.c.c.a.ExceptionAdvice [ExceptionAdvice.java:26] org.springframework.security.web.access.intercept.FilterSecurityInterceptor.doFilter(FilterSecurityInterceptor.java:91)
2021-01-21 18:53:38,259 ERROR [http-nio-8080-exec-9] c.n.c.c.a.ExceptionAdvice [ExceptionAdvice.java:26] org.springframework.security.web.FilterChainProxy$VirtualFilterChain.doFilter(FilterChainProxy.java:334)
2021-01-21 18:53:38,259 ERROR [http-nio-8080-exec-9] c.n.c.c.a.ExceptionAdvice [ExceptionAdvice.java:26] org.springframework.security.web.access.ExceptionTranslationFilter.doFilter(ExceptionTranslationFilter.java:119)
2021-01-21 18:53:38,259 ERROR [http-nio-8080-exec-9] c.n.c.c.a.ExceptionAdvice [ExceptionAdvice.java:26] org.springframework.security.web.FilterChainProxy$VirtualFilterChain.doFilter(FilterChainProxy.java:334)
2021-01-21 18:53:38,259 ERROR [http-nio-8080-exec-9] c.n.c.c.a.ExceptionAdvice [ExceptionAdvice.java:26] org.springframework.security.web.session.SessionManagementFilter.doFilter(SessionManagementFilter.java:137)
2021-01-21 18:53:38,259 ERROR [http-nio-8080-exec-9] c.n.c.c.a.ExceptionAdvice [ExceptionAdvice.java:26] org.springframework.security.web.FilterChainProxy$VirtualFilterChain.doFilter(FilterChainProxy.java:334)
2021-01-21 18:53:38,259 ERROR [http-nio-8080-exec-9] c.n.c.c.a.ExceptionAdvice [ExceptionAdvice.java:26] org.springframework.security.web.authentication.AnonymousAuthenticationFilter.doFilter(AnonymousAuthenticationFilter.java:111)
2021-01-21 18:53:38,259 ERROR [http-nio-8080-exec-9] c.n.c.c.a.ExceptionAdvice [ExceptionAdvice.java:26] org.springframework.security.web.FilterChainProxy$VirtualFilterChain.doFilter(FilterChainProxy.java:334)
2021-01-21 18:53:38,260 ERROR [http-nio-8080-exec-9] c.n.c.c.a.ExceptionAdvice [ExceptionAdvice.java:26] org.springframework.security.web.servletapi.SecurityContextHolderAwareRequestFilter.doFilter(SecurityContextHolderAwareRequestFilter.java:170)
2021-01-21 18:53:38,260 ERROR [http-nio-8080-exec-9] c.n.c.c.a.ExceptionAdvice [ExceptionAdvice.java:26] org.springframework.security.web.FilterChainProxy$VirtualFilterChain.doFilter(FilterChainProxy.java:334)
2021-01-21 18:53:38,260 ERROR [http-nio-8080-exec-9] c.n.c.c.a.ExceptionAdvice [ExceptionAdvice.java:26] org.springframework.security.web.savedrequest.RequestCacheAwareFilter.doFilter(RequestCacheAwareFilter.java:63)
2021-01-21 18:53:38,260 ERROR [http-nio-8080-exec-9] c.n.c.c.a.ExceptionAdvice [ExceptionAdvice.java:26] org.springframework.security.web.FilterChainProxy$VirtualFilterChain.doFilter(FilterChainProxy.java:334)
2021-01-21 18:53:38,260 ERROR [http-nio-8080-exec-9] c.n.c.c.a.ExceptionAdvice [ExceptionAdvice.java:26] org.springframework.security.web.authentication.logout.LogoutFilter.doFilter(LogoutFilter.java:116)
2021-01-21 18:53:38,260 ERROR [http-nio-8080-exec-9] c.n.c.c.a.ExceptionAdvice [ExceptionAdvice.java:26] org.springframework.security.web.FilterChainProxy$VirtualFilterChain.doFilter(FilterChainProxy.java:334)
2021-01-21 18:53:38,260 ERROR [http-nio-8080-exec-9] c.n.c.c.a.ExceptionAdvice [ExceptionAdvice.java:26] org.springframework.security.web.header.HeaderWriterFilter.doFilterInternal(HeaderWriterFilter.java:74)
2021-01-21 18:53:38,260 ERROR [http-nio-8080-exec-9] c.n.c.c.a.ExceptionAdvice [ExceptionAdvice.java:26] org.springframework.web.filter.OncePerRequestFilter.doFilter(OncePerRequestFilter.java:107)
2021-01-21 18:53:38,260 ERROR [http-nio-8080-exec-9] c.n.c.c.a.ExceptionAdvice [ExceptionAdvice.java:26] org.springframework.security.web.FilterChainProxy$VirtualFilterChain.doFilter(FilterChainProxy.java:334)
2021-01-21 18:53:38,260 ERROR [http-nio-8080-exec-9] c.n.c.c.a.ExceptionAdvice [ExceptionAdvice.java:26] org.springframework.security.web.context.SecurityContextPersistenceFilter.doFilter(SecurityContextPersistenceFilter.java:105)
2021-01-21 18:53:38,260 ERROR [http-nio-8080-exec-9] c.n.c.c.a.ExceptionAdvice [ExceptionAdvice.java:26] org.springframework.security.web.FilterChainProxy$VirtualFilterChain.doFilter(FilterChainProxy.java:334)
2021-01-21 18:53:38,260 ERROR [http-nio-8080-exec-9] c.n.c.c.a.ExceptionAdvice [ExceptionAdvice.java:26] org.springframework.security.web.context.request.async.WebAsyncManagerIntegrationFilter.doFilterInternal(WebAsyncManagerIntegrationFilter.java:56)
2021-01-21 18:53:38,260 ERROR [http-nio-8080-exec-9] c.n.c.c.a.ExceptionAdvice [ExceptionAdvice.java:26] org.springframework.web.filter.OncePerRequestFilter.doFilter(OncePerRequestFilter.java:107)
2021-01-21 18:53:38,260 ERROR [http-nio-8080-exec-9] c.n.c.c.a.ExceptionAdvice [ExceptionAdvice.java:26] org.springframework.security.web.FilterChainProxy$VirtualFilterChain.doFilter(FilterChainProxy.java:334)
2021-01-21 18:53:38,260 ERROR [http-nio-8080-exec-9] c.n.c.c.a.ExceptionAdvice [ExceptionAdvice.java:26] org.springframework.security.web.FilterChainProxy.doFilterInternal(FilterChainProxy.java:215)
2021-01-21 18:53:38,260 ERROR [http-nio-8080-exec-9] c.n.c.c.a.ExceptionAdvice [ExceptionAdvice.java:26] org.springframework.security.web.FilterChainProxy.doFilter(FilterChainProxy.java:178)
2021-01-21 18:53:38,260 ERROR [http-nio-8080-exec-9] c.n.c.c.a.ExceptionAdvice [ExceptionAdvice.java:26] org.springframework.web.filter.DelegatingFilterProxy.invokeDelegate(DelegatingFilterProxy.java:357)
2021-01-21 18:53:38,260 ERROR [http-nio-8080-exec-9] c.n.c.c.a.ExceptionAdvice [ExceptionAdvice.java:26] org.springframework.web.filter.DelegatingFilterProxy.doFilter(DelegatingFilterProxy.java:270)
2021-01-21 18:53:38,260 ERROR [http-nio-8080-exec-9] c.n.c.c.a.ExceptionAdvice [ExceptionAdvice.java:26] org.apache.catalina.core.ApplicationFilterChain.internalDoFilter(ApplicationFilterChain.java:193)
2021-01-21 18:53:38,260 ERROR [http-nio-8080-exec-9] c.n.c.c.a.ExceptionAdvice [ExceptionAdvice.java:26] org.apache.catalina.core.ApplicationFilterChain.doFilter(ApplicationFilterChain.java:166)
2021-01-21 18:53:38,261 ERROR [http-nio-8080-exec-9] c.n.c.c.a.ExceptionAdvice [ExceptionAdvice.java:26] org.springframework.web.filter.RequestContextFilter.doFilterInternal(RequestContextFilter.java:99)
2021-01-21 18:53:38,261 ERROR [http-nio-8080-exec-9] c.n.c.c.a.ExceptionAdvice [ExceptionAdvice.java:26] org.springframework.web.filter.OncePerRequestFilter.doFilter(OncePerRequestFilter.java:107)
2021-01-21 18:53:38,261 ERROR [http-nio-8080-exec-9] c.n.c.c.a.ExceptionAdvice [ExceptionAdvice.java:26] org.apache.catalina.core.ApplicationFilterChain.internalDoFilter(ApplicationFilterChain.java:193)
2021-01-21 18:53:38,261 ERROR [http-nio-8080-exec-9] c.n.c.c.a.ExceptionAdvice [ExceptionAdvice.java:26] org.apache.catalina.core.ApplicationFilterChain.doFilter(ApplicationFilterChain.java:166)
2021-01-21 18:53:38,261 ERROR [http-nio-8080-exec-9] c.n.c.c.a.ExceptionAdvice [ExceptionAdvice.java:26] org.springframework.web.filter.FormContentFilter.doFilterInternal(FormContentFilter.java:92)
2021-01-21 18:53:38,261 ERROR [http-nio-8080-exec-9] c.n.c.c.a.ExceptionAdvice [ExceptionAdvice.java:26] org.springframework.web.filter.OncePerRequestFilter.doFilter(OncePerRequestFilter.java:107)
2021-01-21 18:53:38,261 ERROR [http-nio-8080-exec-9] c.n.c.c.a.ExceptionAdvice [ExceptionAdvice.java:26] org.apache.catalina.core.ApplicationFilterChain.internalDoFilter(ApplicationFilterChain.java:193)
2021-01-21 18:53:38,261 ERROR [http-nio-8080-exec-9] c.n.c.c.a.ExceptionAdvice [ExceptionAdvice.java:26] org.apache.catalina.core.ApplicationFilterChain.doFilter(ApplicationFilterChain.java:166)
2021-01-21 18:53:38,261 ERROR [http-nio-8080-exec-9] c.n.c.c.a.ExceptionAdvice [ExceptionAdvice.java:26] org.springframework.web.filter.HiddenHttpMethodFilter.doFilterInternal(HiddenHttpMethodFilter.java:93)
2021-01-21 18:53:38,261 ERROR [http-nio-8080-exec-9] c.n.c.c.a.ExceptionAdvice [ExceptionAdvice.java:26] org.springframework.web.filter.OncePerRequestFilter.doFilter(OncePerRequestFilter.java:107)
2021-01-21 18:53:38,261 ERROR [http-nio-8080-exec-9] c.n.c.c.a.ExceptionAdvice [ExceptionAdvice.java:26] org.apache.catalina.core.ApplicationFilterChain.internalDoFilter(ApplicationFilterChain.java:193)
2021-01-21 18:53:38,261 ERROR [http-nio-8080-exec-9] c.n.c.c.a.ExceptionAdvice [ExceptionAdvice.java:26] org.apache.catalina.core.ApplicationFilterChain.doFilter(ApplicationFilterChain.java:166)
2021-01-21 18:53:38,261 ERROR [http-nio-8080-exec-9] c.n.c.c.a.ExceptionAdvice [ExceptionAdvice.java:26] org.springframework.web.filter.CharacterEncodingFilter.doFilterInternal(CharacterEncodingFilter.java:200)
2021-01-21 18:53:38,261 ERROR [http-nio-8080-exec-9] c.n.c.c.a.ExceptionAdvice [ExceptionAdvice.java:26] org.springframework.web.filter.OncePerRequestFilter.doFilter(OncePerRequestFilter.java:107)
2021-01-21 18:53:38,261 ERROR [http-nio-8080-exec-9] c.n.c.c.a.ExceptionAdvice [ExceptionAdvice.java:26] org.apache.catalina.core.ApplicationFilterChain.internalDoFilter(ApplicationFilterChain.java:193)
2021-01-21 18:53:38,261 ERROR [http-nio-8080-exec-9] c.n.c.c.a.ExceptionAdvice [ExceptionAdvice.java:26] org.apache.catalina.core.ApplicationFilterChain.doFilter(ApplicationFilterChain.java:166)
2021-01-21 18:53:38,261 ERROR [http-nio-8080-exec-9] c.n.c.c.a.ExceptionAdvice [ExceptionAdvice.java:26] org.apache.catalina.core.StandardWrapperValve.invoke(StandardWrapperValve.java:200)
2021-01-21 18:53:38,261 ERROR [http-nio-8080-exec-9] c.n.c.c.a.ExceptionAdvice [ExceptionAdvice.java:26] org.apache.catalina.core.StandardContextValve.invoke(StandardContextValve.java:96)
2021-01-21 18:53:38,261 ERROR [http-nio-8080-exec-9] c.n.c.c.a.ExceptionAdvice [ExceptionAdvice.java:26] org.apache.catalina.authenticator.AuthenticatorBase.invoke(AuthenticatorBase.java:490)
2021-01-21 18:53:38,261 ERROR [http-nio-8080-exec-9] c.n.c.c.a.ExceptionAdvice [ExceptionAdvice.java:26] org.apache.catalina.core.StandardHostValve.invoke(StandardHostValve.java:139)
2021-01-21 18:53:38,262 ERROR [http-nio-8080-exec-9] c.n.c.c.a.ExceptionAdvice [ExceptionAdvice.java:26] org.apache.catalina.valves.ErrorReportValve.invoke(ErrorReportValve.java:92)
2021-01-21 18:53:38,262 ERROR [http-nio-8080-exec-9] c.n.c.c.a.ExceptionAdvice [ExceptionAdvice.java:26] org.apache.catalina.core.StandardEngineValve.invoke(StandardEngineValve.java:74)
2021-01-21 18:53:38,262 ERROR [http-nio-8080-exec-9] c.n.c.c.a.ExceptionAdvice [ExceptionAdvice.java:26] org.apache.catalina.connector.CoyoteAdapter.service(CoyoteAdapter.java:343)
2021-01-21 18:53:38,262 ERROR [http-nio-8080-exec-9] c.n.c.c.a.ExceptionAdvice [ExceptionAdvice.java:26] org.apache.coyote.http11.Http11Processor.service(Http11Processor.java:408)
2021-01-21 18:53:38,262 ERROR [http-nio-8080-exec-9] c.n.c.c.a.ExceptionAdvice [ExceptionAdvice.java:26] org.apache.coyote.AbstractProcessorLight.process(AbstractProcessorLight.java:66)
2021-01-21 18:53:38,262 ERROR [http-nio-8080-exec-9] c.n.c.c.a.ExceptionAdvice [ExceptionAdvice.java:26] org.apache.coyote.AbstractProtocol$ConnectionHandler.process(AbstractProtocol.java:836)
2021-01-21 18:53:38,262 ERROR [http-nio-8080-exec-9] c.n.c.c.a.ExceptionAdvice [ExceptionAdvice.java:26] org.apache.tomcat.util.net.NioEndpoint$SocketProcessor.doRun(NioEndpoint.java:1747)
2021-01-21 18:53:38,262 ERROR [http-nio-8080-exec-9] c.n.c.c.a.ExceptionAdvice [ExceptionAdvice.java:26] org.apache.tomcat.util.net.SocketProcessorBase.run(SocketProcessorBase.java:49)
2021-01-21 18:53:38,262 ERROR [http-nio-8080-exec-9] c.n.c.c.a.ExceptionAdvice [ExceptionAdvice.java:26] java.base/java.util.concurrent.ThreadPoolExecutor.runWorker(ThreadPoolExecutor.java:1128)
2021-01-21 18:53:38,262 ERROR [http-nio-8080-exec-9] c.n.c.c.a.ExceptionAdvice [ExceptionAdvice.java:26] java.base/java.util.concurrent.ThreadPoolExecutor$Worker.run(ThreadPoolExecutor.java:628)
2021-01-21 18:53:38,262 ERROR [http-nio-8080-exec-9] c.n.c.c.a.ExceptionAdvice [ExceptionAdvice.java:26] org.apache.tomcat.util.threads.TaskThread$WrappingRunnable.run(TaskThread.java:61)
2021-01-21 18:53:38,262 ERROR [http-nio-8080-exec-9] c.n.c.c.a.ExceptionAdvice [ExceptionAdvice.java:26] java.base/java.lang.Thread.run(Thread.java:835)
2021-01-21 18:53:52,052 ERROR [http-nio-8080-exec-1] c.n.c.c.a.ExceptionAdvice [ExceptionAdvice.java:24] 服务器发送异常 ： Handler dispatch failed; nested exception is java.lang.NoClassDefFoundError: com/google/gson/Gson
2021-01-21 18:53:52,052 ERROR [http-nio-8080-exec-1] c.n.c.c.a.ExceptionAdvice [ExceptionAdvice.java:26] org.springframework.web.servlet.DispatcherServlet.doDispatch(DispatcherServlet.java:1054)
2021-01-21 18:53:52,052 ERROR [http-nio-8080-exec-1] c.n.c.c.a.ExceptionAdvice [ExceptionAdvice.java:26] org.springframework.web.servlet.DispatcherServlet.doService(DispatcherServlet.java:942)
2021-01-21 18:53:52,052 ERROR [http-nio-8080-exec-1] c.n.c.c.a.ExceptionAdvice [ExceptionAdvice.java:26] org.springframework.web.servlet.FrameworkServlet.processRequest(FrameworkServlet.java:1005)
2021-01-21 18:53:52,052 ERROR [http-nio-8080-exec-1] c.n.c.c.a.ExceptionAdvice [ExceptionAdvice.java:26] org.springframework.web.servlet.FrameworkServlet.doGet(FrameworkServlet.java:897)
2021-01-21 18:53:52,052 ERROR [http-nio-8080-exec-1] c.n.c.c.a.ExceptionAdvice [ExceptionAdvice.java:26] javax.servlet.http.HttpServlet.service(HttpServlet.java:634)
2021-01-21 18:53:52,052 ERROR [http-nio-8080-exec-1] c.n.c.c.a.ExceptionAdvice [ExceptionAdvice.java:26] org.springframework.web.servlet.FrameworkServlet.service(FrameworkServlet.java:882)
2021-01-21 18:53:52,052 ERROR [http-nio-8080-exec-1] c.n.c.c.a.ExceptionAdvice [ExceptionAdvice.java:26] javax.servlet.http.HttpServlet.service(HttpServlet.java:741)
2021-01-21 18:53:52,052 ERROR [http-nio-8080-exec-1] c.n.c.c.a.ExceptionAdvice [ExceptionAdvice.java:26] org.apache.catalina.core.ApplicationFilterChain.internalDoFilter(ApplicationFilterChain.java:231)
2021-01-21 18:53:52,052 ERROR [http-nio-8080-exec-1] c.n.c.c.a.ExceptionAdvice [ExceptionAdvice.java:26] org.apache.catalina.core.ApplicationFilterChain.doFilter(ApplicationFilterChain.java:166)
2021-01-21 18:53:52,052 ERROR [http-nio-8080-exec-1] c.n.c.c.a.ExceptionAdvice [ExceptionAdvice.java:26] org.apache.tomcat.websocket.server.WsFilter.doFilter(WsFilter.java:53)
2021-01-21 18:53:52,052 ERROR [http-nio-8080-exec-1] c.n.c.c.a.ExceptionAdvice [ExceptionAdvice.java:26] org.apache.catalina.core.ApplicationFilterChain.internalDoFilter(ApplicationFilterChain.java:193)
2021-01-21 18:53:52,052 ERROR [http-nio-8080-exec-1] c.n.c.c.a.ExceptionAdvice [ExceptionAdvice.java:26] org.apache.catalina.core.ApplicationFilterChain.doFilter(ApplicationFilterChain.java:166)
2021-01-21 18:53:52,052 ERROR [http-nio-8080-exec-1] c.n.c.c.a.ExceptionAdvice [ExceptionAdvice.java:26] org.springframework.security.web.FilterChainProxy$VirtualFilterChain.doFilter(FilterChainProxy.java:320)
2021-01-21 18:53:52,052 ERROR [http-nio-8080-exec-1] c.n.c.c.a.ExceptionAdvice [ExceptionAdvice.java:26] org.springframework.security.web.access.intercept.FilterSecurityInterceptor.invoke(FilterSecurityInterceptor.java:127)
2021-01-21 18:53:52,052 ERROR [http-nio-8080-exec-1] c.n.c.c.a.ExceptionAdvice [ExceptionAdvice.java:26] org.springframework.security.web.access.intercept.FilterSecurityInterceptor.doFilter(FilterSecurityInterceptor.java:91)
2021-01-21 18:53:52,053 ERROR [http-nio-8080-exec-1] c.n.c.c.a.ExceptionAdvice [ExceptionAdvice.java:26] org.springframework.security.web.FilterChainProxy$VirtualFilterChain.doFilter(FilterChainProxy.java:334)
2021-01-21 18:53:52,053 ERROR [http-nio-8080-exec-1] c.n.c.c.a.ExceptionAdvice [ExceptionAdvice.java:26] org.springframework.security.web.access.ExceptionTranslationFilter.doFilter(ExceptionTranslationFilter.java:119)
2021-01-21 18:53:52,053 ERROR [http-nio-8080-exec-1] c.n.c.c.a.ExceptionAdvice [ExceptionAdvice.java:26] org.springframework.security.web.FilterChainProxy$VirtualFilterChain.doFilter(FilterChainProxy.java:334)
2021-01-21 18:53:52,053 ERROR [http-nio-8080-exec-1] c.n.c.c.a.ExceptionAdvice [ExceptionAdvice.java:26] org.springframework.security.web.session.SessionManagementFilter.doFilter(SessionManagementFilter.java:137)
2021-01-21 18:53:52,053 ERROR [http-nio-8080-exec-1] c.n.c.c.a.ExceptionAdvice [ExceptionAdvice.java:26] org.springframework.security.web.FilterChainProxy$VirtualFilterChain.doFilter(FilterChainProxy.java:334)
2021-01-21 18:53:52,053 ERROR [http-nio-8080-exec-1] c.n.c.c.a.ExceptionAdvice [ExceptionAdvice.java:26] org.springframework.security.web.authentication.AnonymousAuthenticationFilter.doFilter(AnonymousAuthenticationFilter.java:111)
2021-01-21 18:53:52,053 ERROR [http-nio-8080-exec-1] c.n.c.c.a.ExceptionAdvice [ExceptionAdvice.java:26] org.springframework.security.web.FilterChainProxy$VirtualFilterChain.doFilter(FilterChainProxy.java:334)
2021-01-21 18:53:52,053 ERROR [http-nio-8080-exec-1] c.n.c.c.a.ExceptionAdvice [ExceptionAdvice.java:26] org.springframework.security.web.servletapi.SecurityContextHolderAwareRequestFilter.doFilter(SecurityContextHolderAwareRequestFilter.java:170)
2021-01-21 18:53:52,053 ERROR [http-nio-8080-exec-1] c.n.c.c.a.ExceptionAdvice [ExceptionAdvice.java:26] org.springframework.security.web.FilterChainProxy$VirtualFilterChain.doFilter(FilterChainProxy.java:334)
2021-01-21 18:53:52,053 ERROR [http-nio-8080-exec-1] c.n.c.c.a.ExceptionAdvice [ExceptionAdvice.java:26] org.springframework.security.web.savedrequest.RequestCacheAwareFilter.doFilter(RequestCacheAwareFilter.java:63)
2021-01-21 18:53:52,053 ERROR [http-nio-8080-exec-1] c.n.c.c.a.ExceptionAdvice [ExceptionAdvice.java:26] org.springframework.security.web.FilterChainProxy$VirtualFilterChain.doFilter(FilterChainProxy.java:334)
2021-01-21 18:53:52,053 ERROR [http-nio-8080-exec-1] c.n.c.c.a.ExceptionAdvice [ExceptionAdvice.java:26] org.springframework.security.web.authentication.logout.LogoutFilter.doFilter(LogoutFilter.java:116)
2021-01-21 18:53:52,053 ERROR [http-nio-8080-exec-1] c.n.c.c.a.ExceptionAdvice [ExceptionAdvice.java:26] org.springframework.security.web.FilterChainProxy$VirtualFilterChain.doFilter(FilterChainProxy.java:334)
2021-01-21 18:53:52,053 ERROR [http-nio-8080-exec-1] c.n.c.c.a.ExceptionAdvice [ExceptionAdvice.java:26] org.springframework.security.web.header.HeaderWriterFilter.doFilterInternal(HeaderWriterFilter.java:74)
2021-01-21 18:53:52,053 ERROR [http-nio-8080-exec-1] c.n.c.c.a.ExceptionAdvice [ExceptionAdvice.java:26] org.springframework.web.filter.OncePerRequestFilter.doFilter(OncePerRequestFilter.java:107)
2021-01-21 18:53:52,053 ERROR [http-nio-8080-exec-1] c.n.c.c.a.ExceptionAdvice [ExceptionAdvice.java:26] org.springframework.security.web.FilterChainProxy$VirtualFilterChain.doFilter(FilterChainProxy.java:334)
2021-01-21 18:53:52,053 ERROR [http-nio-8080-exec-1] c.n.c.c.a.ExceptionAdvice [ExceptionAdvice.java:26] org.springframework.security.web.context.SecurityContextPersistenceFilter.doFilter(SecurityContextPersistenceFilter.java:105)
2021-01-21 18:53:52,053 ERROR [http-nio-8080-exec-1] c.n.c.c.a.ExceptionAdvice [ExceptionAdvice.java:26] org.springframework.security.web.FilterChainProxy$VirtualFilterChain.doFilter(FilterChainProxy.java:334)
2021-01-21 18:53:52,053 ERROR [http-nio-8080-exec-1] c.n.c.c.a.ExceptionAdvice [ExceptionAdvice.java:26] org.springframework.security.web.context.request.async.WebAsyncManagerIntegrationFilter.doFilterInternal(WebAsyncManagerIntegrationFilter.java:56)
2021-01-21 18:53:52,054 ERROR [http-nio-8080-exec-1] c.n.c.c.a.ExceptionAdvice [ExceptionAdvice.java:26] org.springframework.web.filter.OncePerRequestFilter.doFilter(OncePerRequestFilter.java:107)
2021-01-21 18:53:52,054 ERROR [http-nio-8080-exec-1] c.n.c.c.a.ExceptionAdvice [ExceptionAdvice.java:26] org.springframework.security.web.FilterChainProxy$VirtualFilterChain.doFilter(FilterChainProxy.java:334)
2021-01-21 18:53:52,054 ERROR [http-nio-8080-exec-1] c.n.c.c.a.ExceptionAdvice [ExceptionAdvice.java:26] org.springframework.security.web.FilterChainProxy.doFilterInternal(FilterChainProxy.java:215)
2021-01-21 18:53:52,054 ERROR [http-nio-8080-exec-1] c.n.c.c.a.ExceptionAdvice [ExceptionAdvice.java:26] org.springframework.security.web.FilterChainProxy.doFilter(FilterChainProxy.java:178)
2021-01-21 18:53:52,054 ERROR [http-nio-8080-exec-1] c.n.c.c.a.ExceptionAdvice [ExceptionAdvice.java:26] org.springframework.web.filter.DelegatingFilterProxy.invokeDelegate(DelegatingFilterProxy.java:357)
2021-01-21 18:53:52,054 ERROR [http-nio-8080-exec-1] c.n.c.c.a.ExceptionAdvice [ExceptionAdvice.java:26] org.springframework.web.filter.DelegatingFilterProxy.doFilter(DelegatingFilterProxy.java:270)
2021-01-21 18:53:52,054 ERROR [http-nio-8080-exec-1] c.n.c.c.a.ExceptionAdvice [ExceptionAdvice.java:26] org.apache.catalina.core.ApplicationFilterChain.internalDoFilter(ApplicationFilterChain.java:193)
2021-01-21 18:53:52,054 ERROR [http-nio-8080-exec-1] c.n.c.c.a.ExceptionAdvice [ExceptionAdvice.java:26] org.apache.catalina.core.ApplicationFilterChain.doFilter(ApplicationFilterChain.java:166)
2021-01-21 18:53:52,054 ERROR [http-nio-8080-exec-1] c.n.c.c.a.ExceptionAdvice [ExceptionAdvice.java:26] org.springframework.web.filter.RequestContextFilter.doFilterInternal(RequestContextFilter.java:99)
2021-01-21 18:53:52,054 ERROR [http-nio-8080-exec-1] c.n.c.c.a.ExceptionAdvice [ExceptionAdvice.java:26] org.springframework.web.filter.OncePerRequestFilter.doFilter(OncePerRequestFilter.java:107)
2021-01-21 18:53:52,054 ERROR [http-nio-8080-exec-1] c.n.c.c.a.ExceptionAdvice [ExceptionAdvice.java:26] org.apache.catalina.core.ApplicationFilterChain.internalDoFilter(ApplicationFilterChain.java:193)
2021-01-21 18:53:52,054 ERROR [http-nio-8080-exec-1] c.n.c.c.a.ExceptionAdvice [ExceptionAdvice.java:26] org.apache.catalina.core.ApplicationFilterChain.doFilter(ApplicationFilterChain.java:166)
2021-01-21 18:53:52,054 ERROR [http-nio-8080-exec-1] c.n.c.c.a.ExceptionAdvice [ExceptionAdvice.java:26] org.springframework.web.filter.FormContentFilter.doFilterInternal(FormContentFilter.java:92)
2021-01-21 18:53:52,054 ERROR [http-nio-8080-exec-1] c.n.c.c.a.ExceptionAdvice [ExceptionAdvice.java:26] org.springframework.web.filter.OncePerRequestFilter.doFilter(OncePerRequestFilter.java:107)
2021-01-21 18:53:52,054 ERROR [http-nio-8080-exec-1] c.n.c.c.a.ExceptionAdvice [ExceptionAdvice.java:26] org.apache.catalina.core.ApplicationFilterChain.internalDoFilter(ApplicationFilterChain.java:193)
2021-01-21 18:53:52,054 ERROR [http-nio-8080-exec-1] c.n.c.c.a.ExceptionAdvice [ExceptionAdvice.java:26] org.apache.catalina.core.ApplicationFilterChain.doFilter(ApplicationFilterChain.java:166)
2021-01-21 18:53:52,054 ERROR [http-nio-8080-exec-1] c.n.c.c.a.ExceptionAdvice [ExceptionAdvice.java:26] org.springframework.web.filter.HiddenHttpMethodFilter.doFilterInternal(HiddenHttpMethodFilter.java:93)
2021-01-21 18:53:52,054 ERROR [http-nio-8080-exec-1] c.n.c.c.a.ExceptionAdvice [ExceptionAdvice.java:26] org.springframework.web.filter.OncePerRequestFilter.doFilter(OncePerRequestFilter.java:107)
2021-01-21 18:53:52,054 ERROR [http-nio-8080-exec-1] c.n.c.c.a.ExceptionAdvice [ExceptionAdvice.java:26] org.apache.catalina.core.ApplicationFilterChain.internalDoFilter(ApplicationFilterChain.java:193)
2021-01-21 18:53:52,054 ERROR [http-nio-8080-exec-1] c.n.c.c.a.ExceptionAdvice [ExceptionAdvice.java:26] org.apache.catalina.core.ApplicationFilterChain.doFilter(ApplicationFilterChain.java:166)
2021-01-21 18:53:52,055 ERROR [http-nio-8080-exec-1] c.n.c.c.a.ExceptionAdvice [ExceptionAdvice.java:26] org.springframework.web.filter.CharacterEncodingFilter.doFilterInternal(CharacterEncodingFilter.java:200)
2021-01-21 18:53:52,055 ERROR [http-nio-8080-exec-1] c.n.c.c.a.ExceptionAdvice [ExceptionAdvice.java:26] org.springframework.web.filter.OncePerRequestFilter.doFilter(OncePerRequestFilter.java:107)
2021-01-21 18:53:52,055 ERROR [http-nio-8080-exec-1] c.n.c.c.a.ExceptionAdvice [ExceptionAdvice.java:26] org.apache.catalina.core.ApplicationFilterChain.internalDoFilter(ApplicationFilterChain.java:193)
2021-01-21 18:53:52,055 ERROR [http-nio-8080-exec-1] c.n.c.c.a.ExceptionAdvice [ExceptionAdvice.java:26] org.apache.catalina.core.ApplicationFilterChain.doFilter(ApplicationFilterChain.java:166)
2021-01-21 18:53:52,055 ERROR [http-nio-8080-exec-1] c.n.c.c.a.ExceptionAdvice [ExceptionAdvice.java:26] org.apache.catalina.core.StandardWrapperValve.invoke(StandardWrapperValve.java:200)
2021-01-21 18:53:52,055 ERROR [http-nio-8080-exec-1] c.n.c.c.a.ExceptionAdvice [ExceptionAdvice.java:26] org.apache.catalina.core.StandardContextValve.invoke(StandardContextValve.java:96)
2021-01-21 18:53:52,055 ERROR [http-nio-8080-exec-1] c.n.c.c.a.ExceptionAdvice [ExceptionAdvice.java:26] org.apache.catalina.authenticator.AuthenticatorBase.invoke(AuthenticatorBase.java:490)
2021-01-21 18:53:52,055 ERROR [http-nio-8080-exec-1] c.n.c.c.a.ExceptionAdvice [ExceptionAdvice.java:26] org.apache.catalina.core.StandardHostValve.invoke(StandardHostValve.java:139)
2021-01-21 18:53:52,055 ERROR [http-nio-8080-exec-1] c.n.c.c.a.ExceptionAdvice [ExceptionAdvice.java:26] org.apache.catalina.valves.ErrorReportValve.invoke(ErrorReportValve.java:92)
2021-01-21 18:53:52,055 ERROR [http-nio-8080-exec-1] c.n.c.c.a.ExceptionAdvice [ExceptionAdvice.java:26] org.apache.catalina.core.StandardEngineValve.invoke(StandardEngineValve.java:74)
2021-01-21 18:53:52,055 ERROR [http-nio-8080-exec-1] c.n.c.c.a.ExceptionAdvice [ExceptionAdvice.java:26] org.apache.catalina.connector.CoyoteAdapter.service(CoyoteAdapter.java:343)
2021-01-21 18:53:52,055 ERROR [http-nio-8080-exec-1] c.n.c.c.a.ExceptionAdvice [ExceptionAdvice.java:26] org.apache.coyote.http11.Http11Processor.service(Http11Processor.java:408)
2021-01-21 18:53:52,055 ERROR [http-nio-8080-exec-1] c.n.c.c.a.ExceptionAdvice [ExceptionAdvice.java:26] org.apache.coyote.AbstractProcessorLight.process(AbstractProcessorLight.java:66)
2021-01-21 18:53:52,055 ERROR [http-nio-8080-exec-1] c.n.c.c.a.ExceptionAdvice [ExceptionAdvice.java:26] org.apache.coyote.AbstractProtocol$ConnectionHandler.process(AbstractProtocol.java:836)
2021-01-21 18:53:52,055 ERROR [http-nio-8080-exec-1] c.n.c.c.a.ExceptionAdvice [ExceptionAdvice.java:26] org.apache.tomcat.util.net.NioEndpoint$SocketProcessor.doRun(NioEndpoint.java:1747)
2021-01-21 18:53:52,055 ERROR [http-nio-8080-exec-1] c.n.c.c.a.ExceptionAdvice [ExceptionAdvice.java:26] org.apache.tomcat.util.net.SocketProcessorBase.run(SocketProcessorBase.java:49)
2021-01-21 18:53:52,055 ERROR [http-nio-8080-exec-1] c.n.c.c.a.ExceptionAdvice [ExceptionAdvice.java:26] java.base/java.util.concurrent.ThreadPoolExecutor.runWorker(ThreadPoolExecutor.java:1128)
2021-01-21 18:53:52,055 ERROR [http-nio-8080-exec-1] c.n.c.c.a.ExceptionAdvice [ExceptionAdvice.java:26] java.base/java.util.concurrent.ThreadPoolExecutor$Worker.run(ThreadPoolExecutor.java:628)
2021-01-21 18:53:52,055 ERROR [http-nio-8080-exec-1] c.n.c.c.a.ExceptionAdvice [ExceptionAdvice.java:26] org.apache.tomcat.util.threads.TaskThread$WrappingRunnable.run(TaskThread.java:61)
2021-01-21 18:53:52,055 ERROR [http-nio-8080-exec-1] c.n.c.c.a.ExceptionAdvice [ExceptionAdvice.java:26] java.base/java.lang.Thread.run(Thread.java:835)
2021-01-21 19:51:05,889 ERROR [scheduling-3] c.n.c.e.EventConsumer [EventConsumer.java:244] 第1上传失败[dae8b7a1d369478b894c43de5a902543]
2021-01-21 19:51:05,889 ERROR [scheduling-3] c.n.c.e.EventConsumer [EventConsumer.java:207] 执行时间过长，终止任务dae8b7a1d369478b894c43de5a902543
2021-01-21 20:01:29,114 ERROR [scheduling-3] c.n.c.e.EventConsumer [EventConsumer.java:244] 第1上传失败[5524dc1c0b08430ebdb244ec4267503e]
