2020-12-06 11:32:38,815 ERROR [restartedMain] o.s.b.d.LoggingFailureAnalysisReporter [LoggingFailureAnalysisReporter.java:40] 

***************************
APPLICATION FAILED TO START
***************************

Description:

Invalid mapping pattern detected: /**/*.css
^
No more pattern data allowed after {*...} or ** pattern element

Action:

Fix this pattern in your application or switch to the legacy parser implementation with `spring.mvc.pathpattern.matching-strategy=ant_path_matcher`.

2020-12-06 11:32:57,824 ERROR [restartedMain] o.s.b.d.LoggingFailureAnalysisReporter [LoggingFailureAnalysisReporter.java:40] 

***************************
APPLICATION FAILED TO START
***************************

Description:

Invalid mapping pattern detected: /**/*.css
^
No more pattern data allowed after {*...} or ** pattern element

Action:

Fix this pattern in your application or switch to the legacy parser implementation with `spring.mvc.pathpattern.matching-strategy=ant_path_matcher`.

2020-12-06 11:38:22,902 ERROR [restartedMain] o.s.b.d.LoggingFailureAnalysisReporter [LoggingFailureAnalysisReporter.java:40] 

***************************
APPLICATION FAILED TO START
***************************

Description:

Invalid mapping pattern detected: /**/*.js
^
No more pattern data allowed after {*...} or ** pattern element

Action:

Fix this pattern in your application or switch to the legacy parser implementation with `spring.mvc.pathpattern.matching-strategy=ant_path_matcher`.

2020-12-06 11:39:02,234 ERROR [restartedMain] o.s.b.d.LoggingFailureAnalysisReporter [LoggingFailureAnalysisReporter.java:40] 

***************************
APPLICATION FAILED TO START
***************************

Description:

Invalid mapping pattern detected: /**/*.jpeg
^
No more pattern data allowed after {*...} or ** pattern element

Action:

Fix this pattern in your application or switch to the legacy parser implementation with `spring.mvc.pathpattern.matching-strategy=ant_path_matcher`.

