2020-12-05 15:13:42,932 INFO [main] c.n.c.MapperTests [StartupInfoLogger.java:55] Starting MapperTests using Java 12.0.2 on DESKTOP-OH4ATJV with PID 19396 (started by Administrator in D:\Spring Boot\workspace\community)
2020-12-05 15:13:42,938 INFO [main] c.n.c.MapperTests [SpringApplication.java:660] No active profile set, falling back to default profiles: default
2020-12-05 15:13:44,278 INFO [main] o.s.s.c.ThreadPoolTaskExecutor [ExecutorConfigurationSupport.java:181] Initializing ExecutorService 'applicationTaskExecutor'
2020-12-05 15:13:44,371 INFO [main] o.s.b.a.w.s.WelcomePageHandlerMapping [WelcomePageHandlerMapping.java:58] Adding welcome page template: index
2020-12-05 15:13:44,547 INFO [main] c.n.c.MapperTests [StartupInfoLogger.java:61] Started MapperTests in 1.929 seconds (JVM running for 2.625)
2020-12-05 15:13:44,901 INFO [main] c.z.h.HikariDataSource [HikariDataSource.java:110] HikariPool-1 - Starting...
2020-12-05 15:13:45,022 INFO [main] c.z.h.HikariDataSource [HikariDataSource.java:123] HikariPool-1 - Start completed.
2020-12-05 15:13:45,090 INFO [SpringContextShutdownHook] o.s.s.c.ThreadPoolTaskExecutor [ExecutorConfigurationSupport.java:218] Shutting down ExecutorService 'applicationTaskExecutor'
2020-12-05 15:13:45,090 INFO [SpringContextShutdownHook] c.z.h.HikariDataSource [HikariDataSource.java:350] HikariPool-1 - Shutdown initiated...
2020-12-05 15:13:45,097 INFO [SpringContextShutdownHook] c.z.h.HikariDataSource [HikariDataSource.java:352] HikariPool-1 - Shutdown completed.
2020-12-05 15:17:34,182 INFO [main] c.n.c.MapperTests [StartupInfoLogger.java:55] Starting MapperTests using Java 12.0.2 on DESKTOP-OH4ATJV with PID 21676 (started by Administrator in D:\Spring Boot\workspace\community)
2020-12-05 15:17:34,184 INFO [main] c.n.c.MapperTests [SpringApplication.java:660] No active profile set, falling back to default profiles: default
2020-12-05 15:17:35,428 INFO [main] o.s.s.c.ThreadPoolTaskExecutor [ExecutorConfigurationSupport.java:181] Initializing ExecutorService 'applicationTaskExecutor'
2020-12-05 15:17:35,508 INFO [main] o.s.b.a.w.s.WelcomePageHandlerMapping [WelcomePageHandlerMapping.java:58] Adding welcome page template: index
2020-12-05 15:17:35,680 INFO [main] c.n.c.MapperTests [StartupInfoLogger.java:61] Started MapperTests in 1.806 seconds (JVM running for 2.342)
2020-12-05 15:17:36,000 INFO [main] c.z.h.HikariDataSource [HikariDataSource.java:110] HikariPool-1 - Starting...
2020-12-05 15:17:36,115 INFO [main] c.z.h.HikariDataSource [HikariDataSource.java:123] HikariPool-1 - Start completed.
2020-12-05 15:17:36,211 INFO [SpringContextShutdownHook] o.s.s.c.ThreadPoolTaskExecutor [ExecutorConfigurationSupport.java:218] Shutting down ExecutorService 'applicationTaskExecutor'
2020-12-05 15:17:36,212 INFO [SpringContextShutdownHook] c.z.h.HikariDataSource [HikariDataSource.java:350] HikariPool-1 - Shutdown initiated...
2020-12-05 15:17:36,217 INFO [SpringContextShutdownHook] c.z.h.HikariDataSource [HikariDataSource.java:352] HikariPool-1 - Shutdown completed.
2020-12-05 16:15:02,769 INFO [main] c.n.c.MapperTests [StartupInfoLogger.java:55] Starting MapperTests using Java 12.0.2 on DESKTOP-OH4ATJV with PID 11616 (started by Administrator in D:\Spring Boot\workspace\community)
2020-12-05 16:15:02,771 INFO [main] c.n.c.MapperTests [SpringApplication.java:660] No active profile set, falling back to default profiles: default
2020-12-05 16:15:04,021 INFO [main] o.s.s.c.ThreadPoolTaskExecutor [ExecutorConfigurationSupport.java:181] Initializing ExecutorService 'applicationTaskExecutor'
2020-12-05 16:15:04,110 INFO [main] o.s.b.a.w.s.WelcomePageHandlerMapping [WelcomePageHandlerMapping.java:58] Adding welcome page template: index
2020-12-05 16:15:04,297 INFO [main] c.n.c.MapperTests [StartupInfoLogger.java:61] Started MapperTests in 1.844 seconds (JVM running for 2.394)
2020-12-05 16:15:04,615 INFO [main] c.z.h.HikariDataSource [HikariDataSource.java:110] HikariPool-1 - Starting...
2020-12-05 16:15:04,731 INFO [main] c.z.h.HikariDataSource [HikariDataSource.java:123] HikariPool-1 - Start completed.
2020-12-05 16:15:04,825 INFO [SpringContextShutdownHook] o.s.s.c.ThreadPoolTaskExecutor [ExecutorConfigurationSupport.java:218] Shutting down ExecutorService 'applicationTaskExecutor'
2020-12-05 16:15:04,826 INFO [SpringContextShutdownHook] c.z.h.HikariDataSource [HikariDataSource.java:350] HikariPool-1 - Shutdown initiated...
2020-12-05 16:15:04,832 INFO [SpringContextShutdownHook] c.z.h.HikariDataSource [HikariDataSource.java:352] HikariPool-1 - Shutdown completed.
2020-12-05 16:15:32,411 INFO [restartedMain] c.n.c.CommunityApplication [StartupInfoLogger.java:55] Starting CommunityApplication using Java 12.0.2 on DESKTOP-OH4ATJV with PID 1636 (D:\Spring Boot\workspace\community\target\classes started by Administrator in D:\Spring Boot\workspace\community)
2020-12-05 16:15:32,413 INFO [restartedMain] c.n.c.CommunityApplication [SpringApplication.java:660] No active profile set, falling back to default profiles: default
2020-12-05 16:15:32,439 INFO [restartedMain] o.s.b.d.e.DevToolsPropertyDefaultsPostProcessor [DeferredLog.java:255] Devtools property defaults active! Set 'spring.devtools.add-properties' to 'false' to disable
2020-12-05 16:15:32,439 INFO [restartedMain] o.s.b.d.e.DevToolsPropertyDefaultsPostProcessor [DeferredLog.java:255] For additional web related logging consider setting the 'logging.level.web' property to 'DEBUG'
2020-12-05 16:15:33,034 INFO [restartedMain] o.s.b.w.e.t.TomcatWebServer [TomcatWebServer.java:108] Tomcat initialized with port(s): 8080 (http)
2020-12-05 16:15:33,040 INFO [restartedMain] o.a.c.h.Http11NioProtocol [DirectJDKLog.java:173] Initializing ProtocolHandler ["http-nio-8080"]
2020-12-05 16:15:33,041 INFO [restartedMain] o.a.c.c.StandardService [DirectJDKLog.java:173] Starting service [Tomcat]
2020-12-05 16:15:33,041 INFO [restartedMain] o.a.c.c.StandardEngine [DirectJDKLog.java:173] Starting Servlet engine: [Apache Tomcat/9.0.39]
2020-12-05 16:15:33,095 INFO [restartedMain] o.a.c.c.C.[.[.[/community] [DirectJDKLog.java:173] Initializing Spring embedded WebApplicationContext
2020-12-05 16:15:33,095 INFO [restartedMain] o.s.b.w.s.c.ServletWebServerApplicationContext [ServletWebServerApplicationContext.java:289] Root WebApplicationContext: initialization completed in 656 ms
2020-12-05 16:15:33,366 INFO [restartedMain] o.s.s.c.ThreadPoolTaskExecutor [ExecutorConfigurationSupport.java:181] Initializing ExecutorService 'applicationTaskExecutor'
2020-12-05 16:15:33,409 INFO [restartedMain] o.s.b.a.w.s.WelcomePageHandlerMapping [WelcomePageHandlerMapping.java:58] Adding welcome page template: index
2020-12-05 16:15:33,479 INFO [restartedMain] o.s.b.d.a.OptionalLiveReloadServer [OptionalLiveReloadServer.java:58] LiveReload server is running on port 35729
2020-12-05 16:15:33,491 INFO [restartedMain] o.a.c.h.Http11NioProtocol [DirectJDKLog.java:173] Starting ProtocolHandler ["http-nio-8080"]
2020-12-05 16:15:33,502 INFO [restartedMain] o.s.b.w.e.t.TomcatWebServer [TomcatWebServer.java:220] Tomcat started on port(s): 8080 (http) with context path '/community'
2020-12-05 16:15:33,511 INFO [restartedMain] c.n.c.CommunityApplication [StartupInfoLogger.java:61] Started CommunityApplication in 1.339 seconds (JVM running for 1.909)
2020-12-05 16:15:50,035 INFO [http-nio-8080-exec-1] o.a.c.c.C.[.[.[/community] [DirectJDKLog.java:173] Initializing Spring DispatcherServlet 'dispatcherServlet'
2020-12-05 16:15:50,035 INFO [http-nio-8080-exec-1] o.s.w.s.DispatcherServlet [FrameworkServlet.java:525] Initializing Servlet 'dispatcherServlet'
2020-12-05 16:15:50,036 INFO [http-nio-8080-exec-1] o.s.w.s.DispatcherServlet [FrameworkServlet.java:547] Completed initialization in 0 ms
2020-12-05 16:15:50,068 INFO [http-nio-8080-exec-1] c.z.h.HikariDataSource [HikariDataSource.java:110] HikariPool-1 - Starting...
2020-12-05 16:15:50,141 INFO [http-nio-8080-exec-1] c.z.h.HikariDataSource [HikariDataSource.java:123] HikariPool-1 - Start completed.
2020-12-05 16:20:52,013 INFO [restartedMain] c.n.c.CommunityApplication [StartupInfoLogger.java:55] Starting CommunityApplication using Java 12.0.2 on DESKTOP-OH4ATJV with PID 19604 (D:\Spring Boot\workspace\community\target\classes started by Administrator in D:\Spring Boot\workspace\community)
2020-12-05 16:20:52,015 INFO [restartedMain] c.n.c.CommunityApplication [SpringApplication.java:660] No active profile set, falling back to default profiles: default
2020-12-05 16:20:52,044 INFO [restartedMain] o.s.b.d.e.DevToolsPropertyDefaultsPostProcessor [DeferredLog.java:255] Devtools property defaults active! Set 'spring.devtools.add-properties' to 'false' to disable
2020-12-05 16:20:52,044 INFO [restartedMain] o.s.b.d.e.DevToolsPropertyDefaultsPostProcessor [DeferredLog.java:255] For additional web related logging consider setting the 'logging.level.web' property to 'DEBUG'
2020-12-05 16:20:52,671 INFO [restartedMain] o.s.b.w.e.t.TomcatWebServer [TomcatWebServer.java:108] Tomcat initialized with port(s): 8080 (http)
2020-12-05 16:20:52,676 INFO [restartedMain] o.a.c.h.Http11NioProtocol [DirectJDKLog.java:173] Initializing ProtocolHandler ["http-nio-8080"]
2020-12-05 16:20:52,677 INFO [restartedMain] o.a.c.c.StandardService [DirectJDKLog.java:173] Starting service [Tomcat]
2020-12-05 16:20:52,677 INFO [restartedMain] o.a.c.c.StandardEngine [DirectJDKLog.java:173] Starting Servlet engine: [Apache Tomcat/9.0.39]
2020-12-05 16:20:52,730 INFO [restartedMain] o.a.c.c.C.[.[.[/community] [DirectJDKLog.java:173] Initializing Spring embedded WebApplicationContext
2020-12-05 16:20:52,730 INFO [restartedMain] o.s.b.w.s.c.ServletWebServerApplicationContext [ServletWebServerApplicationContext.java:289] Root WebApplicationContext: initialization completed in 685 ms
2020-12-05 16:20:53,020 INFO [restartedMain] o.s.s.c.ThreadPoolTaskExecutor [ExecutorConfigurationSupport.java:181] Initializing ExecutorService 'applicationTaskExecutor'
2020-12-05 16:20:53,063 INFO [restartedMain] o.s.b.a.w.s.WelcomePageHandlerMapping [WelcomePageHandlerMapping.java:58] Adding welcome page template: index
2020-12-05 16:20:53,140 INFO [restartedMain] o.s.b.d.a.OptionalLiveReloadServer [OptionalLiveReloadServer.java:58] LiveReload server is running on port 35729
2020-12-05 16:20:53,152 INFO [restartedMain] o.a.c.h.Http11NioProtocol [DirectJDKLog.java:173] Starting ProtocolHandler ["http-nio-8080"]
2020-12-05 16:20:53,164 INFO [restartedMain] o.s.b.w.e.t.TomcatWebServer [TomcatWebServer.java:220] Tomcat started on port(s): 8080 (http) with context path '/community'
2020-12-05 16:20:53,175 INFO [restartedMain] c.n.c.CommunityApplication [StartupInfoLogger.java:61] Started CommunityApplication in 1.42 seconds (JVM running for 1.986)
2020-12-05 16:21:03,066 INFO [http-nio-8080-exec-1] o.a.c.c.C.[.[.[/community] [DirectJDKLog.java:173] Initializing Spring DispatcherServlet 'dispatcherServlet'
2020-12-05 16:21:03,067 INFO [http-nio-8080-exec-1] o.s.w.s.DispatcherServlet [FrameworkServlet.java:525] Initializing Servlet 'dispatcherServlet'
2020-12-05 16:21:03,068 INFO [http-nio-8080-exec-1] o.s.w.s.DispatcherServlet [FrameworkServlet.java:547] Completed initialization in 1 ms
2020-12-05 16:21:03,098 INFO [http-nio-8080-exec-1] c.z.h.HikariDataSource [HikariDataSource.java:110] HikariPool-1 - Starting...
2020-12-05 16:21:03,178 INFO [http-nio-8080-exec-1] c.z.h.HikariDataSource [HikariDataSource.java:123] HikariPool-1 - Start completed.
2020-12-05 16:22:13,494 INFO [restartedMain] c.n.c.CommunityApplication [StartupInfoLogger.java:55] Starting CommunityApplication using Java 12.0.2 on DESKTOP-OH4ATJV with PID 10148 (D:\Spring Boot\workspace\community\target\classes started by Administrator in D:\Spring Boot\workspace\community)
2020-12-05 16:22:13,496 INFO [restartedMain] c.n.c.CommunityApplication [SpringApplication.java:660] No active profile set, falling back to default profiles: default
2020-12-05 16:22:13,526 INFO [restartedMain] o.s.b.d.e.DevToolsPropertyDefaultsPostProcessor [DeferredLog.java:255] Devtools property defaults active! Set 'spring.devtools.add-properties' to 'false' to disable
2020-12-05 16:22:13,527 INFO [restartedMain] o.s.b.d.e.DevToolsPropertyDefaultsPostProcessor [DeferredLog.java:255] For additional web related logging consider setting the 'logging.level.web' property to 'DEBUG'
2020-12-05 16:22:14,167 INFO [restartedMain] o.s.b.w.e.t.TomcatWebServer [TomcatWebServer.java:108] Tomcat initialized with port(s): 8080 (http)
2020-12-05 16:22:14,173 INFO [restartedMain] o.a.c.h.Http11NioProtocol [DirectJDKLog.java:173] Initializing ProtocolHandler ["http-nio-8080"]
2020-12-05 16:22:14,173 INFO [restartedMain] o.a.c.c.StandardService [DirectJDKLog.java:173] Starting service [Tomcat]
2020-12-05 16:22:14,173 INFO [restartedMain] o.a.c.c.StandardEngine [DirectJDKLog.java:173] Starting Servlet engine: [Apache Tomcat/9.0.39]
2020-12-05 16:22:14,223 INFO [restartedMain] o.a.c.c.C.[.[.[/community] [DirectJDKLog.java:173] Initializing Spring embedded WebApplicationContext
2020-12-05 16:22:14,223 INFO [restartedMain] o.s.b.w.s.c.ServletWebServerApplicationContext [ServletWebServerApplicationContext.java:289] Root WebApplicationContext: initialization completed in 696 ms
2020-12-05 16:22:14,502 INFO [restartedMain] o.s.s.c.ThreadPoolTaskExecutor [ExecutorConfigurationSupport.java:181] Initializing ExecutorService 'applicationTaskExecutor'
2020-12-05 16:22:14,542 INFO [restartedMain] o.s.b.a.w.s.WelcomePageHandlerMapping [WelcomePageHandlerMapping.java:58] Adding welcome page template: index
2020-12-05 16:22:14,614 INFO [restartedMain] o.s.b.d.a.OptionalLiveReloadServer [OptionalLiveReloadServer.java:58] LiveReload server is running on port 35729
2020-12-05 16:22:14,625 INFO [restartedMain] o.a.c.h.Http11NioProtocol [DirectJDKLog.java:173] Starting ProtocolHandler ["http-nio-8080"]
2020-12-05 16:22:14,639 INFO [restartedMain] o.s.b.w.e.t.TomcatWebServer [TomcatWebServer.java:220] Tomcat started on port(s): 8080 (http) with context path '/community'
2020-12-05 16:22:14,649 INFO [restartedMain] c.n.c.CommunityApplication [StartupInfoLogger.java:61] Started CommunityApplication in 1.41 seconds (JVM running for 1.969)
2020-12-05 16:22:21,928 INFO [http-nio-8080-exec-1] o.a.c.c.C.[.[.[/community] [DirectJDKLog.java:173] Initializing Spring DispatcherServlet 'dispatcherServlet'
2020-12-05 16:22:21,929 INFO [http-nio-8080-exec-1] o.s.w.s.DispatcherServlet [FrameworkServlet.java:525] Initializing Servlet 'dispatcherServlet'
2020-12-05 16:22:21,930 INFO [http-nio-8080-exec-1] o.s.w.s.DispatcherServlet [FrameworkServlet.java:547] Completed initialization in 1 ms
2020-12-05 16:22:21,961 INFO [http-nio-8080-exec-1] c.z.h.HikariDataSource [HikariDataSource.java:110] HikariPool-1 - Starting...
2020-12-05 16:22:22,039 INFO [http-nio-8080-exec-1] c.z.h.HikariDataSource [HikariDataSource.java:123] HikariPool-1 - Start completed.
2020-12-05 16:42:18,848 INFO [restartedMain] c.n.c.CommunityApplication [StartupInfoLogger.java:55] Starting CommunityApplication using Java 12.0.2 on DESKTOP-OH4ATJV with PID 8004 (D:\Spring Boot\workspace\community\target\classes started by Administrator in D:\Spring Boot\workspace\community)
2020-12-05 16:42:18,850 INFO [restartedMain] c.n.c.CommunityApplication [SpringApplication.java:660] No active profile set, falling back to default profiles: default
2020-12-05 16:42:18,876 INFO [restartedMain] o.s.b.d.e.DevToolsPropertyDefaultsPostProcessor [DeferredLog.java:255] Devtools property defaults active! Set 'spring.devtools.add-properties' to 'false' to disable
2020-12-05 16:42:18,877 INFO [restartedMain] o.s.b.d.e.DevToolsPropertyDefaultsPostProcessor [DeferredLog.java:255] For additional web related logging consider setting the 'logging.level.web' property to 'DEBUG'
2020-12-05 16:42:19,532 INFO [restartedMain] o.s.b.w.e.t.TomcatWebServer [TomcatWebServer.java:108] Tomcat initialized with port(s): 8080 (http)
2020-12-05 16:42:19,545 INFO [restartedMain] o.a.c.h.Http11NioProtocol [DirectJDKLog.java:173] Initializing ProtocolHandler ["http-nio-8080"]
2020-12-05 16:42:19,545 INFO [restartedMain] o.a.c.c.StandardService [DirectJDKLog.java:173] Starting service [Tomcat]
2020-12-05 16:42:19,545 INFO [restartedMain] o.a.c.c.StandardEngine [DirectJDKLog.java:173] Starting Servlet engine: [Apache Tomcat/9.0.39]
2020-12-05 16:42:19,600 INFO [restartedMain] o.a.c.c.C.[.[.[/community] [DirectJDKLog.java:173] Initializing Spring embedded WebApplicationContext
2020-12-05 16:42:19,600 INFO [restartedMain] o.s.b.w.s.c.ServletWebServerApplicationContext [ServletWebServerApplicationContext.java:289] Root WebApplicationContext: initialization completed in 723 ms
2020-12-05 16:42:19,881 INFO [restartedMain] o.s.s.c.ThreadPoolTaskExecutor [ExecutorConfigurationSupport.java:181] Initializing ExecutorService 'applicationTaskExecutor'
2020-12-05 16:42:19,922 INFO [restartedMain] o.s.b.a.w.s.WelcomePageHandlerMapping [WelcomePageHandlerMapping.java:58] Adding welcome page template: index
2020-12-05 16:42:19,989 INFO [restartedMain] o.s.b.d.a.OptionalLiveReloadServer [OptionalLiveReloadServer.java:58] LiveReload server is running on port 35729
2020-12-05 16:42:20,004 INFO [restartedMain] o.a.c.h.Http11NioProtocol [DirectJDKLog.java:173] Starting ProtocolHandler ["http-nio-8080"]
2020-12-05 16:42:20,016 INFO [restartedMain] o.s.b.w.e.t.TomcatWebServer [TomcatWebServer.java:220] Tomcat started on port(s): 8080 (http) with context path '/community'
2020-12-05 16:42:20,025 INFO [restartedMain] c.n.c.CommunityApplication [StartupInfoLogger.java:61] Started CommunityApplication in 1.433 seconds (JVM running for 2.02)
2020-12-05 16:42:21,861 INFO [http-nio-8080-exec-1] o.a.c.c.C.[.[.[/community] [DirectJDKLog.java:173] Initializing Spring DispatcherServlet 'dispatcherServlet'
2020-12-05 16:42:21,861 INFO [http-nio-8080-exec-1] o.s.w.s.DispatcherServlet [FrameworkServlet.java:525] Initializing Servlet 'dispatcherServlet'
2020-12-05 16:42:21,862 INFO [http-nio-8080-exec-1] o.s.w.s.DispatcherServlet [FrameworkServlet.java:547] Completed initialization in 1 ms
2020-12-05 16:42:21,893 INFO [http-nio-8080-exec-1] c.z.h.HikariDataSource [HikariDataSource.java:110] HikariPool-1 - Starting...
2020-12-05 16:42:21,970 INFO [http-nio-8080-exec-1] c.z.h.HikariDataSource [HikariDataSource.java:123] HikariPool-1 - Start completed.
2020-12-05 16:43:12,854 INFO [restartedMain] c.n.c.CommunityApplication [StartupInfoLogger.java:55] Starting CommunityApplication using Java 12.0.2 on DESKTOP-OH4ATJV with PID 19200 (D:\Spring Boot\workspace\community\target\classes started by Administrator in D:\Spring Boot\workspace\community)
2020-12-05 16:43:12,856 INFO [restartedMain] c.n.c.CommunityApplication [SpringApplication.java:660] No active profile set, falling back to default profiles: default
2020-12-05 16:43:12,885 INFO [restartedMain] o.s.b.d.e.DevToolsPropertyDefaultsPostProcessor [DeferredLog.java:255] Devtools property defaults active! Set 'spring.devtools.add-properties' to 'false' to disable
2020-12-05 16:43:12,886 INFO [restartedMain] o.s.b.d.e.DevToolsPropertyDefaultsPostProcessor [DeferredLog.java:255] For additional web related logging consider setting the 'logging.level.web' property to 'DEBUG'
2020-12-05 16:43:13,612 INFO [restartedMain] o.s.b.w.e.t.TomcatWebServer [TomcatWebServer.java:108] Tomcat initialized with port(s): 8080 (http)
2020-12-05 16:43:13,618 INFO [restartedMain] o.a.c.h.Http11NioProtocol [DirectJDKLog.java:173] Initializing ProtocolHandler ["http-nio-8080"]
2020-12-05 16:43:13,619 INFO [restartedMain] o.a.c.c.StandardService [DirectJDKLog.java:173] Starting service [Tomcat]
2020-12-05 16:43:13,619 INFO [restartedMain] o.a.c.c.StandardEngine [DirectJDKLog.java:173] Starting Servlet engine: [Apache Tomcat/9.0.39]
2020-12-05 16:43:13,671 INFO [restartedMain] o.a.c.c.C.[.[.[/community] [DirectJDKLog.java:173] Initializing Spring embedded WebApplicationContext
2020-12-05 16:43:13,671 INFO [restartedMain] o.s.b.w.s.c.ServletWebServerApplicationContext [ServletWebServerApplicationContext.java:289] Root WebApplicationContext: initialization completed in 785 ms
2020-12-05 16:43:39,668 INFO [restartedMain] o.s.s.c.ThreadPoolTaskExecutor [ExecutorConfigurationSupport.java:181] Initializing ExecutorService 'applicationTaskExecutor'
2020-12-05 16:43:40,795 INFO [restartedMain] o.s.b.a.w.s.WelcomePageHandlerMapping [WelcomePageHandlerMapping.java:58] Adding welcome page template: index
2020-12-05 16:43:42,932 INFO [restartedMain] o.s.b.d.a.OptionalLiveReloadServer [OptionalLiveReloadServer.java:58] LiveReload server is running on port 35729
2020-12-05 16:44:44,010 INFO [restartedMain] o.s.b.w.e.t.TomcatWebServer [TomcatWebServer.java:220] Tomcat started on port(s): 8080 (http) with context path '/community'
2020-12-05 16:44:44,372 INFO [restartedMain] c.n.c.CommunityApplication [StartupInfoLogger.java:61] Started CommunityApplication in 91.823 seconds (JVM running for 93.001)
2020-12-05 16:44:44,579 INFO [SpringContextShutdownHook] o.s.s.c.ThreadPoolTaskExecutor [ExecutorConfigurationSupport.java:218] Shutting down ExecutorService 'applicationTaskExecutor'
2020-12-05 16:44:46,764 INFO [restartedMain] c.n.c.CommunityApplication [StartupInfoLogger.java:55] Starting CommunityApplication using Java 12.0.2 on DESKTOP-OH4ATJV with PID 18296 (D:\Spring Boot\workspace\community\target\classes started by Administrator in D:\Spring Boot\workspace\community)
2020-12-05 16:44:46,767 INFO [restartedMain] c.n.c.CommunityApplication [SpringApplication.java:660] No active profile set, falling back to default profiles: default
2020-12-05 16:44:46,798 INFO [restartedMain] o.s.b.d.e.DevToolsPropertyDefaultsPostProcessor [DeferredLog.java:255] Devtools property defaults active! Set 'spring.devtools.add-properties' to 'false' to disable
2020-12-05 16:44:46,799 INFO [restartedMain] o.s.b.d.e.DevToolsPropertyDefaultsPostProcessor [DeferredLog.java:255] For additional web related logging consider setting the 'logging.level.web' property to 'DEBUG'
2020-12-05 16:44:47,536 INFO [restartedMain] o.s.b.w.e.t.TomcatWebServer [TomcatWebServer.java:108] Tomcat initialized with port(s): 8080 (http)
2020-12-05 16:44:47,542 INFO [restartedMain] o.a.c.h.Http11NioProtocol [DirectJDKLog.java:173] Initializing ProtocolHandler ["http-nio-8080"]
2020-12-05 16:44:47,542 INFO [restartedMain] o.a.c.c.StandardService [DirectJDKLog.java:173] Starting service [Tomcat]
2020-12-05 16:44:47,542 INFO [restartedMain] o.a.c.c.StandardEngine [DirectJDKLog.java:173] Starting Servlet engine: [Apache Tomcat/9.0.39]
2020-12-05 16:44:47,591 INFO [restartedMain] o.a.c.c.C.[.[.[/community] [DirectJDKLog.java:173] Initializing Spring embedded WebApplicationContext
2020-12-05 16:44:47,592 INFO [restartedMain] o.s.b.w.s.c.ServletWebServerApplicationContext [ServletWebServerApplicationContext.java:289] Root WebApplicationContext: initialization completed in 792 ms
2020-12-05 16:44:47,929 INFO [restartedMain] o.s.s.c.ThreadPoolTaskExecutor [ExecutorConfigurationSupport.java:181] Initializing ExecutorService 'applicationTaskExecutor'
2020-12-05 16:44:47,976 INFO [restartedMain] o.s.b.a.w.s.WelcomePageHandlerMapping [WelcomePageHandlerMapping.java:58] Adding welcome page template: index
2020-12-05 16:44:48,056 INFO [restartedMain] o.s.b.d.a.OptionalLiveReloadServer [OptionalLiveReloadServer.java:58] LiveReload server is running on port 35729
2020-12-05 16:44:48,071 INFO [restartedMain] o.a.c.h.Http11NioProtocol [DirectJDKLog.java:173] Starting ProtocolHandler ["http-nio-8080"]
2020-12-05 16:44:48,085 INFO [restartedMain] o.s.b.w.e.t.TomcatWebServer [TomcatWebServer.java:220] Tomcat started on port(s): 8080 (http) with context path '/community'
2020-12-05 16:44:48,096 INFO [restartedMain] c.n.c.CommunityApplication [StartupInfoLogger.java:61] Started CommunityApplication in 1.639 seconds (JVM running for 2.385)
2020-12-05 16:44:53,755 INFO [http-nio-8080-exec-1] o.a.c.c.C.[.[.[/community] [DirectJDKLog.java:173] Initializing Spring DispatcherServlet 'dispatcherServlet'
2020-12-05 16:44:53,755 INFO [http-nio-8080-exec-1] o.s.w.s.DispatcherServlet [FrameworkServlet.java:525] Initializing Servlet 'dispatcherServlet'
2020-12-05 16:44:53,756 INFO [http-nio-8080-exec-1] o.s.w.s.DispatcherServlet [FrameworkServlet.java:547] Completed initialization in 1 ms
2020-12-05 16:44:53,796 INFO [http-nio-8080-exec-1] c.z.h.HikariDataSource [HikariDataSource.java:110] HikariPool-1 - Starting...
2020-12-05 16:44:53,913 INFO [http-nio-8080-exec-1] c.z.h.HikariDataSource [HikariDataSource.java:123] HikariPool-1 - Start completed.
2020-12-05 16:48:40,640 INFO [SpringContextShutdownHook] o.s.s.c.ThreadPoolTaskExecutor [ExecutorConfigurationSupport.java:218] Shutting down ExecutorService 'applicationTaskExecutor'
2020-12-05 16:48:40,641 INFO [SpringContextShutdownHook] c.z.h.HikariDataSource [HikariDataSource.java:350] HikariPool-1 - Shutdown initiated...
2020-12-05 16:48:40,646 INFO [SpringContextShutdownHook] c.z.h.HikariDataSource [HikariDataSource.java:352] HikariPool-1 - Shutdown completed.
2020-12-05 16:48:43,313 INFO [restartedMain] c.n.c.CommunityApplication [StartupInfoLogger.java:55] Starting CommunityApplication using Java 12.0.2 on DESKTOP-OH4ATJV with PID 7552 (D:\Spring Boot\workspace\community\target\classes started by Administrator in D:\Spring Boot\workspace\community)
2020-12-05 16:48:43,316 INFO [restartedMain] c.n.c.CommunityApplication [SpringApplication.java:660] No active profile set, falling back to default profiles: default
2020-12-05 16:48:43,347 INFO [restartedMain] o.s.b.d.e.DevToolsPropertyDefaultsPostProcessor [DeferredLog.java:255] Devtools property defaults active! Set 'spring.devtools.add-properties' to 'false' to disable
2020-12-05 16:48:43,347 INFO [restartedMain] o.s.b.d.e.DevToolsPropertyDefaultsPostProcessor [DeferredLog.java:255] For additional web related logging consider setting the 'logging.level.web' property to 'DEBUG'
2020-12-05 16:48:44,033 INFO [restartedMain] o.s.b.w.e.t.TomcatWebServer [TomcatWebServer.java:108] Tomcat initialized with port(s): 8080 (http)
2020-12-05 16:48:44,039 INFO [restartedMain] o.a.c.h.Http11NioProtocol [DirectJDKLog.java:173] Initializing ProtocolHandler ["http-nio-8080"]
2020-12-05 16:48:44,039 INFO [restartedMain] o.a.c.c.StandardService [DirectJDKLog.java:173] Starting service [Tomcat]
2020-12-05 16:48:44,039 INFO [restartedMain] o.a.c.c.StandardEngine [DirectJDKLog.java:173] Starting Servlet engine: [Apache Tomcat/9.0.39]
2020-12-05 16:48:44,083 INFO [restartedMain] o.a.c.c.C.[.[.[/community] [DirectJDKLog.java:173] Initializing Spring embedded WebApplicationContext
2020-12-05 16:48:44,083 INFO [restartedMain] o.s.b.w.s.c.ServletWebServerApplicationContext [ServletWebServerApplicationContext.java:289] Root WebApplicationContext: initialization completed in 735 ms
2020-12-05 16:48:44,362 INFO [restartedMain] o.s.s.c.ThreadPoolTaskExecutor [ExecutorConfigurationSupport.java:181] Initializing ExecutorService 'applicationTaskExecutor'
2020-12-05 16:48:44,420 INFO [restartedMain] o.s.b.a.w.s.WelcomePageHandlerMapping [WelcomePageHandlerMapping.java:58] Adding welcome page template: index
2020-12-05 16:48:44,500 INFO [restartedMain] o.s.b.d.a.OptionalLiveReloadServer [OptionalLiveReloadServer.java:58] LiveReload server is running on port 35729
2020-12-05 16:48:44,513 INFO [restartedMain] o.a.c.h.Http11NioProtocol [DirectJDKLog.java:173] Starting ProtocolHandler ["http-nio-8080"]
2020-12-05 16:48:44,525 INFO [restartedMain] o.s.b.w.e.t.TomcatWebServer [TomcatWebServer.java:220] Tomcat started on port(s): 8080 (http) with context path '/community'
2020-12-05 16:48:44,533 INFO [restartedMain] c.n.c.CommunityApplication [StartupInfoLogger.java:61] Started CommunityApplication in 1.483 seconds (JVM running for 2.05)
2020-12-05 16:48:47,205 INFO [http-nio-8080-exec-1] o.a.c.c.C.[.[.[/community] [DirectJDKLog.java:173] Initializing Spring DispatcherServlet 'dispatcherServlet'
2020-12-05 16:48:47,206 INFO [http-nio-8080-exec-1] o.s.w.s.DispatcherServlet [FrameworkServlet.java:525] Initializing Servlet 'dispatcherServlet'
2020-12-05 16:48:47,207 INFO [http-nio-8080-exec-1] o.s.w.s.DispatcherServlet [FrameworkServlet.java:547] Completed initialization in 1 ms
2020-12-05 16:48:47,241 INFO [http-nio-8080-exec-1] c.z.h.HikariDataSource [HikariDataSource.java:110] HikariPool-1 - Starting...
2020-12-05 16:48:47,323 INFO [http-nio-8080-exec-1] c.z.h.HikariDataSource [HikariDataSource.java:123] HikariPool-1 - Start completed.
2020-12-05 16:52:25,367 INFO [restartedMain] c.n.c.CommunityApplication [StartupInfoLogger.java:55] Starting CommunityApplication using Java 12.0.2 on DESKTOP-OH4ATJV with PID 10792 (D:\Spring Boot\workspace\community\target\classes started by Administrator in D:\Spring Boot\workspace\community)
2020-12-05 16:52:25,369 INFO [restartedMain] c.n.c.CommunityApplication [SpringApplication.java:660] No active profile set, falling back to default profiles: default
2020-12-05 16:52:25,394 INFO [restartedMain] o.s.b.d.e.DevToolsPropertyDefaultsPostProcessor [DeferredLog.java:255] Devtools property defaults active! Set 'spring.devtools.add-properties' to 'false' to disable
2020-12-05 16:52:25,394 INFO [restartedMain] o.s.b.d.e.DevToolsPropertyDefaultsPostProcessor [DeferredLog.java:255] For additional web related logging consider setting the 'logging.level.web' property to 'DEBUG'
2020-12-05 16:52:26,015 INFO [restartedMain] o.s.b.w.e.t.TomcatWebServer [TomcatWebServer.java:108] Tomcat initialized with port(s): 8080 (http)
2020-12-05 16:52:26,020 INFO [restartedMain] o.a.c.h.Http11NioProtocol [DirectJDKLog.java:173] Initializing ProtocolHandler ["http-nio-8080"]
2020-12-05 16:52:26,020 INFO [restartedMain] o.a.c.c.StandardService [DirectJDKLog.java:173] Starting service [Tomcat]
2020-12-05 16:52:26,021 INFO [restartedMain] o.a.c.c.StandardEngine [DirectJDKLog.java:173] Starting Servlet engine: [Apache Tomcat/9.0.39]
2020-12-05 16:52:26,071 INFO [restartedMain] o.a.c.c.C.[.[.[/community] [DirectJDKLog.java:173] Initializing Spring embedded WebApplicationContext
2020-12-05 16:52:26,071 INFO [restartedMain] o.s.b.w.s.c.ServletWebServerApplicationContext [ServletWebServerApplicationContext.java:289] Root WebApplicationContext: initialization completed in 676 ms
2020-12-05 16:52:26,352 INFO [restartedMain] o.s.s.c.ThreadPoolTaskExecutor [ExecutorConfigurationSupport.java:181] Initializing ExecutorService 'applicationTaskExecutor'
2020-12-05 16:52:26,392 INFO [restartedMain] o.s.b.a.w.s.WelcomePageHandlerMapping [WelcomePageHandlerMapping.java:58] Adding welcome page template: index
2020-12-05 16:52:26,461 INFO [restartedMain] o.s.b.d.a.OptionalLiveReloadServer [OptionalLiveReloadServer.java:58] LiveReload server is running on port 35729
2020-12-05 16:52:26,472 INFO [restartedMain] o.a.c.h.Http11NioProtocol [DirectJDKLog.java:173] Starting ProtocolHandler ["http-nio-8080"]
2020-12-05 16:52:26,483 INFO [restartedMain] o.s.b.w.e.t.TomcatWebServer [TomcatWebServer.java:220] Tomcat started on port(s): 8080 (http) with context path '/community'
2020-12-05 16:52:26,492 INFO [restartedMain] c.n.c.CommunityApplication [StartupInfoLogger.java:61] Started CommunityApplication in 1.395 seconds (JVM running for 1.95)
2020-12-05 16:53:51,123 INFO [http-nio-8080-exec-1] o.a.c.c.C.[.[.[/community] [DirectJDKLog.java:173] Initializing Spring DispatcherServlet 'dispatcherServlet'
2020-12-05 16:53:51,123 INFO [http-nio-8080-exec-1] o.s.w.s.DispatcherServlet [FrameworkServlet.java:525] Initializing Servlet 'dispatcherServlet'
2020-12-05 16:53:51,124 INFO [http-nio-8080-exec-1] o.s.w.s.DispatcherServlet [FrameworkServlet.java:547] Completed initialization in 0 ms
2020-12-05 16:54:24,078 INFO [restartedMain] c.n.c.CommunityApplication [StartupInfoLogger.java:55] Starting CommunityApplication using Java 12.0.2 on DESKTOP-OH4ATJV with PID 6448 (D:\Spring Boot\workspace\community\target\classes started by Administrator in D:\Spring Boot\workspace\community)
2020-12-05 16:54:24,080 INFO [restartedMain] c.n.c.CommunityApplication [SpringApplication.java:660] No active profile set, falling back to default profiles: default
2020-12-05 16:54:24,105 INFO [restartedMain] o.s.b.d.e.DevToolsPropertyDefaultsPostProcessor [DeferredLog.java:255] Devtools property defaults active! Set 'spring.devtools.add-properties' to 'false' to disable
2020-12-05 16:54:24,106 INFO [restartedMain] o.s.b.d.e.DevToolsPropertyDefaultsPostProcessor [DeferredLog.java:255] For additional web related logging consider setting the 'logging.level.web' property to 'DEBUG'
2020-12-05 16:54:24,732 INFO [restartedMain] o.s.b.w.e.t.TomcatWebServer [TomcatWebServer.java:108] Tomcat initialized with port(s): 8080 (http)
2020-12-05 16:54:24,738 INFO [restartedMain] o.a.c.h.Http11NioProtocol [DirectJDKLog.java:173] Initializing ProtocolHandler ["http-nio-8080"]
2020-12-05 16:54:24,739 INFO [restartedMain] o.a.c.c.StandardService [DirectJDKLog.java:173] Starting service [Tomcat]
2020-12-05 16:54:24,739 INFO [restartedMain] o.a.c.c.StandardEngine [DirectJDKLog.java:173] Starting Servlet engine: [Apache Tomcat/9.0.39]
2020-12-05 16:54:24,787 INFO [restartedMain] o.a.c.c.C.[.[.[/community] [DirectJDKLog.java:173] Initializing Spring embedded WebApplicationContext
2020-12-05 16:54:24,788 INFO [restartedMain] o.s.b.w.s.c.ServletWebServerApplicationContext [ServletWebServerApplicationContext.java:289] Root WebApplicationContext: initialization completed in 681 ms
2020-12-05 16:54:25,076 INFO [restartedMain] o.s.s.c.ThreadPoolTaskExecutor [ExecutorConfigurationSupport.java:181] Initializing ExecutorService 'applicationTaskExecutor'
2020-12-05 16:54:25,118 INFO [restartedMain] o.s.b.a.w.s.WelcomePageHandlerMapping [WelcomePageHandlerMapping.java:58] Adding welcome page template: index
2020-12-05 16:54:25,189 INFO [restartedMain] o.s.b.d.a.OptionalLiveReloadServer [OptionalLiveReloadServer.java:58] LiveReload server is running on port 35729
2020-12-05 16:54:25,201 INFO [restartedMain] o.a.c.h.Http11NioProtocol [DirectJDKLog.java:173] Starting ProtocolHandler ["http-nio-8080"]
2020-12-05 16:54:25,213 INFO [restartedMain] o.s.b.w.e.t.TomcatWebServer [TomcatWebServer.java:220] Tomcat started on port(s): 8080 (http) with context path '/community'
2020-12-05 16:54:25,222 INFO [restartedMain] c.n.c.CommunityApplication [StartupInfoLogger.java:61] Started CommunityApplication in 1.4 seconds (JVM running for 1.969)
2020-12-05 16:54:31,432 INFO [http-nio-8080-exec-2] o.a.c.c.C.[.[.[/community] [DirectJDKLog.java:173] Initializing Spring DispatcherServlet 'dispatcherServlet'
2020-12-05 16:54:31,432 INFO [http-nio-8080-exec-2] o.s.w.s.DispatcherServlet [FrameworkServlet.java:525] Initializing Servlet 'dispatcherServlet'
2020-12-05 16:54:31,433 INFO [http-nio-8080-exec-2] o.s.w.s.DispatcherServlet [FrameworkServlet.java:547] Completed initialization in 1 ms
2020-12-05 16:54:32,359 INFO [http-nio-8080-exec-4] c.z.h.HikariDataSource [HikariDataSource.java:110] HikariPool-1 - Starting...
2020-12-05 16:54:32,435 INFO [http-nio-8080-exec-4] c.z.h.HikariDataSource [HikariDataSource.java:123] HikariPool-1 - Start completed.
2020-12-05 17:10:24,269 INFO [restartedMain] c.n.c.CommunityApplication [StartupInfoLogger.java:55] Starting CommunityApplication using Java 12.0.2 on DESKTOP-OH4ATJV with PID 18064 (D:\Spring Boot\workspace\community\target\classes started by Administrator in D:\Spring Boot\workspace\community)
2020-12-05 17:10:24,271 INFO [restartedMain] c.n.c.CommunityApplication [SpringApplication.java:660] No active profile set, falling back to default profiles: default
2020-12-05 17:10:24,298 INFO [restartedMain] o.s.b.d.e.DevToolsPropertyDefaultsPostProcessor [DeferredLog.java:255] Devtools property defaults active! Set 'spring.devtools.add-properties' to 'false' to disable
2020-12-05 17:10:24,298 INFO [restartedMain] o.s.b.d.e.DevToolsPropertyDefaultsPostProcessor [DeferredLog.java:255] For additional web related logging consider setting the 'logging.level.web' property to 'DEBUG'
2020-12-05 17:10:24,933 INFO [restartedMain] o.s.b.w.e.t.TomcatWebServer [TomcatWebServer.java:108] Tomcat initialized with port(s): 8080 (http)
2020-12-05 17:10:24,938 INFO [restartedMain] o.a.c.h.Http11NioProtocol [DirectJDKLog.java:173] Initializing ProtocolHandler ["http-nio-8080"]
2020-12-05 17:10:24,939 INFO [restartedMain] o.a.c.c.StandardService [DirectJDKLog.java:173] Starting service [Tomcat]
2020-12-05 17:10:24,939 INFO [restartedMain] o.a.c.c.StandardEngine [DirectJDKLog.java:173] Starting Servlet engine: [Apache Tomcat/9.0.39]
2020-12-05 17:10:24,998 INFO [restartedMain] o.a.c.c.C.[.[.[/community] [DirectJDKLog.java:173] Initializing Spring embedded WebApplicationContext
2020-12-05 17:10:24,998 INFO [restartedMain] o.s.b.w.s.c.ServletWebServerApplicationContext [ServletWebServerApplicationContext.java:289] Root WebApplicationContext: initialization completed in 699 ms
2020-12-05 17:10:25,285 INFO [restartedMain] o.s.s.c.ThreadPoolTaskExecutor [ExecutorConfigurationSupport.java:181] Initializing ExecutorService 'applicationTaskExecutor'
2020-12-05 17:10:25,326 INFO [restartedMain] o.s.b.a.w.s.WelcomePageHandlerMapping [WelcomePageHandlerMapping.java:58] Adding welcome page template: index
2020-12-05 17:10:25,399 INFO [restartedMain] o.s.b.d.a.OptionalLiveReloadServer [OptionalLiveReloadServer.java:58] LiveReload server is running on port 35729
2020-12-05 17:10:25,411 INFO [restartedMain] o.a.c.h.Http11NioProtocol [DirectJDKLog.java:173] Starting ProtocolHandler ["http-nio-8080"]
2020-12-05 17:10:25,423 INFO [restartedMain] o.s.b.w.e.t.TomcatWebServer [TomcatWebServer.java:220] Tomcat started on port(s): 8080 (http) with context path '/community'
2020-12-05 17:10:25,432 INFO [restartedMain] c.n.c.CommunityApplication [StartupInfoLogger.java:61] Started CommunityApplication in 1.423 seconds (JVM running for 1.988)
2020-12-05 17:10:35,918 INFO [http-nio-8080-exec-1] o.a.c.c.C.[.[.[/community] [DirectJDKLog.java:173] Initializing Spring DispatcherServlet 'dispatcherServlet'
2020-12-05 17:10:35,919 INFO [http-nio-8080-exec-1] o.s.w.s.DispatcherServlet [FrameworkServlet.java:525] Initializing Servlet 'dispatcherServlet'
2020-12-05 17:10:35,920 INFO [http-nio-8080-exec-1] o.s.w.s.DispatcherServlet [FrameworkServlet.java:547] Completed initialization in 1 ms
2020-12-05 17:10:37,995 INFO [http-nio-8080-exec-6] c.z.h.HikariDataSource [HikariDataSource.java:110] HikariPool-1 - Starting...
2020-12-05 17:10:38,058 INFO [http-nio-8080-exec-6] c.z.h.HikariDataSource [HikariDataSource.java:123] HikariPool-1 - Start completed.
