2021-01-09 11:32:07,742 INFO [restartedMain] c.n.c.CommunityApplication [StartupInfoLogger.java:50] Starting CommunityApplication on DESKTOP-OH4ATJV with PID 12916 (started by Administrator in D:\Spring Boot\workspace\community)
2021-01-09 11:32:07,746 INFO [restartedMain] c.n.c.CommunityApplication [SpringApplication.java:675] No active profile set, falling back to default profiles: default
2021-01-09 11:32:07,770 INFO [restartedMain] o.s.b.d.e.DevToolsPropertyDefaultsPostProcessor [DeferredLog.java:227] Devtools property defaults active! Set 'spring.devtools.add-properties' to 'false' to disable
2021-01-09 11:32:07,770 INFO [restartedMain] o.s.b.d.e.DevToolsPropertyDefaultsPostProcessor [DeferredLog.java:227] For additional web related logging consider setting the 'logging.level.web' property to 'DEBUG'
2021-01-09 11:32:08,266 INFO [restartedMain] o.s.d.r.c.RepositoryConfigurationDelegate [RepositoryConfigurationDelegate.java:244] Multiple Spring Data modules found, entering strict repository configuration mode!
2021-01-09 11:32:08,267 INFO [restartedMain] o.s.d.r.c.RepositoryConfigurationDelegate [RepositoryConfigurationDelegate.java:126] Bootstrapping Spring Data repositories in DEFAULT mode.
2021-01-09 11:32:08,305 INFO [restartedMain] o.s.d.r.c.RepositoryConfigurationDelegate [RepositoryConfigurationDelegate.java:182] Finished Spring Data repository scanning in 34ms. Found 1 repository interfaces.
2021-01-09 11:32:08,312 INFO [restartedMain] o.s.d.r.c.RepositoryConfigurationDelegate [RepositoryConfigurationDelegate.java:244] Multiple Spring Data modules found, entering strict repository configuration mode!
2021-01-09 11:32:08,313 INFO [restartedMain] o.s.d.r.c.RepositoryConfigurationDelegate [RepositoryConfigurationDelegate.java:126] Bootstrapping Spring Data repositories in DEFAULT mode.
2021-01-09 11:32:08,330 INFO [restartedMain] o.s.d.r.c.RepositoryConfigurationExtensionSupport [RepositoryConfigurationExtensionSupport.java:363] Spring Data Redis - Could not safely identify store assignment for repository candidate interface com.nowcoder.community.dao.elasticsearch.DiscussPostRepository.
2021-01-09 11:32:08,330 INFO [restartedMain] o.s.d.r.c.RepositoryConfigurationDelegate [RepositoryConfigurationDelegate.java:182] Finished Spring Data repository scanning in 6ms. Found 0 repository interfaces.
2021-01-09 11:32:08,547 INFO [restartedMain] o.s.c.s.PostProcessorRegistrationDelegate$BeanPostProcessorChecker [PostProcessorRegistrationDelegate.java:330] Bean 'org.springframework.kafka.annotation.KafkaBootstrapConfiguration' of type [org.springframework.kafka.annotation.KafkaBootstrapConfiguration$$EnhancerBySpringCGLIB$$d3b884e1] is not eligible for getting processed by all BeanPostProcessors (for example: not eligible for auto-proxying)
2021-01-09 11:32:08,584 INFO [restartedMain] o.s.c.s.PostProcessorRegistrationDelegate$BeanPostProcessorChecker [PostProcessorRegistrationDelegate.java:330] Bean 'org.springframework.transaction.annotation.ProxyTransactionManagementConfiguration' of type [org.springframework.transaction.annotation.ProxyTransactionManagementConfiguration$$EnhancerBySpringCGLIB$$6735e] is not eligible for getting processed by all BeanPostProcessors (for example: not eligible for auto-proxying)
2021-01-09 11:32:08,884 INFO [restartedMain] o.s.b.w.e.t.TomcatWebServer [TomcatWebServer.java:90] Tomcat initialized with port(s): 8080 (http)
2021-01-09 11:32:08,893 INFO [restartedMain] o.a.c.h.Http11NioProtocol [DirectJDKLog.java:173] Initializing ProtocolHandler ["http-nio-8080"]
2021-01-09 11:32:08,899 INFO [restartedMain] o.a.c.c.StandardService [DirectJDKLog.java:173] Starting service [Tomcat]
2021-01-09 11:32:08,900 INFO [restartedMain] o.a.c.c.StandardEngine [DirectJDKLog.java:173] Starting Servlet engine: [Apache Tomcat/9.0.19]
2021-01-09 11:32:08,979 INFO [restartedMain] o.a.c.c.C.[.[.[/community] [DirectJDKLog.java:173] Initializing Spring embedded WebApplicationContext
2021-01-09 11:32:08,979 INFO [restartedMain] o.s.w.c.ContextLoader [ServletWebServerApplicationContext.java:296] Root WebApplicationContext: initialization completed in 1209 ms
2021-01-09 11:32:09,758 INFO [restartedMain] o.e.p.PluginsService [PluginsService.java:190] no modules loaded
2021-01-09 11:32:09,759 INFO [restartedMain] o.e.p.PluginsService [PluginsService.java:193] loaded plugin [org.elasticsearch.index.reindex.ReindexPlugin]
2021-01-09 11:32:09,759 INFO [restartedMain] o.e.p.PluginsService [PluginsService.java:193] loaded plugin [org.elasticsearch.join.ParentJoinPlugin]
2021-01-09 11:32:09,759 INFO [restartedMain] o.e.p.PluginsService [PluginsService.java:193] loaded plugin [org.elasticsearch.percolator.PercolatorPlugin]
2021-01-09 11:32:09,759 INFO [restartedMain] o.e.p.PluginsService [PluginsService.java:193] loaded plugin [org.elasticsearch.script.mustache.MustachePlugin]
2021-01-09 11:32:09,759 INFO [restartedMain] o.e.p.PluginsService [PluginsService.java:193] loaded plugin [org.elasticsearch.transport.Netty4Plugin]
2021-01-09 11:32:10,507 INFO [restartedMain] o.s.d.e.c.TransportClientFactoryBean [TransportClientFactoryBean.java:88] Adding transport node : 127.0.0.1:9300
2021-01-09 11:32:11,061 INFO [restartedMain] o.s.b.d.a.OptionalLiveReloadServer [OptionalLiveReloadServer.java:57] LiveReload server is running on port 35729
2021-01-09 11:32:11,341 INFO [restartedMain] o.s.s.c.ThreadPoolTaskExecutor [ExecutorConfigurationSupport.java:171] Initializing ExecutorService 'applicationTaskExecutor'
2021-01-09 11:32:11,434 INFO [restartedMain] o.s.b.a.w.s.WelcomePageHandlerMapping [WelcomePageHandlerMapping.java:61] Adding welcome page template: index
2021-01-09 11:32:11,841 INFO [restartedMain] o.a.k.c.c.ConsumerConfig [AbstractConfig.java:279] ConsumerConfig values: 
	auto.commit.interval.ms = 3000
	auto.offset.reset = latest
	bootstrap.servers = [localhost:9092]
	check.crcs = true
	client.id = 
	connections.max.idle.ms = 540000
	default.api.timeout.ms = 60000
	enable.auto.commit = true
	exclude.internal.topics = true
	fetch.max.bytes = 52428800
	fetch.max.wait.ms = 500
	fetch.min.bytes = 1
	group.id = community-consumer-group
	heartbeat.interval.ms = 3000
	interceptor.classes = []
	internal.leave.group.on.close = true
	isolation.level = read_uncommitted
	key.deserializer = class org.apache.kafka.common.serialization.StringDeserializer
	max.partition.fetch.bytes = 1048576
	max.poll.interval.ms = 300000
	max.poll.records = 500
	metadata.max.age.ms = 300000
	metric.reporters = []
	metrics.num.samples = 2
	metrics.recording.level = INFO
	metrics.sample.window.ms = 30000
	partition.assignment.strategy = [class org.apache.kafka.clients.consumer.RangeAssignor]
	receive.buffer.bytes = 65536
	reconnect.backoff.max.ms = 1000
	reconnect.backoff.ms = 50
	request.timeout.ms = 30000
	retry.backoff.ms = 100
	sasl.client.callback.handler.class = null
	sasl.jaas.config = null
	sasl.kerberos.kinit.cmd = /usr/bin/kinit
	sasl.kerberos.min.time.before.relogin = 60000
	sasl.kerberos.service.name = null
	sasl.kerberos.ticket.renew.jitter = 0.05
	sasl.kerberos.ticket.renew.window.factor = 0.8
	sasl.login.callback.handler.class = null
	sasl.login.class = null
	sasl.login.refresh.buffer.seconds = 300
	sasl.login.refresh.min.period.seconds = 60
	sasl.login.refresh.window.factor = 0.8
	sasl.login.refresh.window.jitter = 0.05
	sasl.mechanism = GSSAPI
	security.protocol = PLAINTEXT
	send.buffer.bytes = 131072
	session.timeout.ms = 10000
	ssl.cipher.suites = null
	ssl.enabled.protocols = [TLSv1.2, TLSv1.1, TLSv1]
	ssl.endpoint.identification.algorithm = https
	ssl.key.password = null
	ssl.keymanager.algorithm = SunX509
	ssl.keystore.location = null
	ssl.keystore.password = null
	ssl.keystore.type = JKS
	ssl.protocol = TLS
	ssl.provider = null
	ssl.secure.random.implementation = null
	ssl.trustmanager.algorithm = PKIX
	ssl.truststore.location = null
	ssl.truststore.password = null
	ssl.truststore.type = JKS
	value.deserializer = class org.apache.kafka.common.serialization.StringDeserializer

2021-01-09 11:32:11,871 INFO [restartedMain] o.a.k.c.u.AppInfoParser [AppInfoParser.java:109] Kafka version : 2.0.1
2021-01-09 11:32:11,871 INFO [restartedMain] o.a.k.c.u.AppInfoParser [AppInfoParser.java:110] Kafka commitId : fa14705e51bd2ce5
2021-01-09 11:32:11,933 INFO [restartedMain] o.a.k.c.Metadata [Metadata.java:285] Cluster ID: 9C3cC4uhTDepV7hAfKzVbQ
2021-01-09 11:32:11,949 INFO [restartedMain] o.a.k.c.c.ConsumerConfig [AbstractConfig.java:279] ConsumerConfig values: 
	auto.commit.interval.ms = 3000
	auto.offset.reset = latest
	bootstrap.servers = [localhost:9092]
	check.crcs = true
	client.id = 
	connections.max.idle.ms = 540000
	default.api.timeout.ms = 60000
	enable.auto.commit = true
	exclude.internal.topics = true
	fetch.max.bytes = 52428800
	fetch.max.wait.ms = 500
	fetch.min.bytes = 1
	group.id = community-consumer-group
	heartbeat.interval.ms = 3000
	interceptor.classes = []
	internal.leave.group.on.close = true
	isolation.level = read_uncommitted
	key.deserializer = class org.apache.kafka.common.serialization.StringDeserializer
	max.partition.fetch.bytes = 1048576
	max.poll.interval.ms = 300000
	max.poll.records = 500
	metadata.max.age.ms = 300000
	metric.reporters = []
	metrics.num.samples = 2
	metrics.recording.level = INFO
	metrics.sample.window.ms = 30000
	partition.assignment.strategy = [class org.apache.kafka.clients.consumer.RangeAssignor]
	receive.buffer.bytes = 65536
	reconnect.backoff.max.ms = 1000
	reconnect.backoff.ms = 50
	request.timeout.ms = 30000
	retry.backoff.ms = 100
	sasl.client.callback.handler.class = null
	sasl.jaas.config = null
	sasl.kerberos.kinit.cmd = /usr/bin/kinit
	sasl.kerberos.min.time.before.relogin = 60000
	sasl.kerberos.service.name = null
	sasl.kerberos.ticket.renew.jitter = 0.05
	sasl.kerberos.ticket.renew.window.factor = 0.8
	sasl.login.callback.handler.class = null
	sasl.login.class = null
	sasl.login.refresh.buffer.seconds = 300
	sasl.login.refresh.min.period.seconds = 60
	sasl.login.refresh.window.factor = 0.8
	sasl.login.refresh.window.jitter = 0.05
	sasl.mechanism = GSSAPI
	security.protocol = PLAINTEXT
	send.buffer.bytes = 131072
	session.timeout.ms = 10000
	ssl.cipher.suites = null
	ssl.enabled.protocols = [TLSv1.2, TLSv1.1, TLSv1]
	ssl.endpoint.identification.algorithm = https
	ssl.key.password = null
	ssl.keymanager.algorithm = SunX509
	ssl.keystore.location = null
	ssl.keystore.password = null
	ssl.keystore.type = JKS
	ssl.protocol = TLS
	ssl.provider = null
	ssl.secure.random.implementation = null
	ssl.trustmanager.algorithm = PKIX
	ssl.truststore.location = null
	ssl.truststore.password = null
	ssl.truststore.type = JKS
	value.deserializer = class org.apache.kafka.common.serialization.StringDeserializer

2021-01-09 11:32:11,952 INFO [restartedMain] o.a.k.c.u.AppInfoParser [AppInfoParser.java:109] Kafka version : 2.0.1
2021-01-09 11:32:11,952 INFO [restartedMain] o.a.k.c.u.AppInfoParser [AppInfoParser.java:110] Kafka commitId : fa14705e51bd2ce5
2021-01-09 11:32:11,953 INFO [restartedMain] o.s.s.c.ThreadPoolTaskScheduler [ExecutorConfigurationSupport.java:171] Initializing ExecutorService
2021-01-09 11:32:11,956 INFO [restartedMain] o.a.k.c.c.ConsumerConfig [AbstractConfig.java:279] ConsumerConfig values: 
	auto.commit.interval.ms = 3000
	auto.offset.reset = latest
	bootstrap.servers = [localhost:9092]
	check.crcs = true
	client.id = 
	connections.max.idle.ms = 540000
	default.api.timeout.ms = 60000
	enable.auto.commit = true
	exclude.internal.topics = true
	fetch.max.bytes = 52428800
	fetch.max.wait.ms = 500
	fetch.min.bytes = 1
	group.id = community-consumer-group
	heartbeat.interval.ms = 3000
	interceptor.classes = []
	internal.leave.group.on.close = true
	isolation.level = read_uncommitted
	key.deserializer = class org.apache.kafka.common.serialization.StringDeserializer
	max.partition.fetch.bytes = 1048576
	max.poll.interval.ms = 300000
	max.poll.records = 500
	metadata.max.age.ms = 300000
	metric.reporters = []
	metrics.num.samples = 2
	metrics.recording.level = INFO
	metrics.sample.window.ms = 30000
	partition.assignment.strategy = [class org.apache.kafka.clients.consumer.RangeAssignor]
	receive.buffer.bytes = 65536
	reconnect.backoff.max.ms = 1000
	reconnect.backoff.ms = 50
	request.timeout.ms = 30000
	retry.backoff.ms = 100
	sasl.client.callback.handler.class = null
	sasl.jaas.config = null
	sasl.kerberos.kinit.cmd = /usr/bin/kinit
	sasl.kerberos.min.time.before.relogin = 60000
	sasl.kerberos.service.name = null
	sasl.kerberos.ticket.renew.jitter = 0.05
	sasl.kerberos.ticket.renew.window.factor = 0.8
	sasl.login.callback.handler.class = null
	sasl.login.class = null
	sasl.login.refresh.buffer.seconds = 300
	sasl.login.refresh.min.period.seconds = 60
	sasl.login.refresh.window.factor = 0.8
	sasl.login.refresh.window.jitter = 0.05
	sasl.mechanism = GSSAPI
	security.protocol = PLAINTEXT
	send.buffer.bytes = 131072
	session.timeout.ms = 10000
	ssl.cipher.suites = null
	ssl.enabled.protocols = [TLSv1.2, TLSv1.1, TLSv1]
	ssl.endpoint.identification.algorithm = https
	ssl.key.password = null
	ssl.keymanager.algorithm = SunX509
	ssl.keystore.location = null
	ssl.keystore.password = null
	ssl.keystore.type = JKS
	ssl.protocol = TLS
	ssl.provider = null
	ssl.secure.random.implementation = null
	ssl.trustmanager.algorithm = PKIX
	ssl.truststore.location = null
	ssl.truststore.password = null
	ssl.truststore.type = JKS
	value.deserializer = class org.apache.kafka.common.serialization.StringDeserializer

2021-01-09 11:32:11,959 INFO [restartedMain] o.a.k.c.u.AppInfoParser [AppInfoParser.java:109] Kafka version : 2.0.1
2021-01-09 11:32:11,959 INFO [restartedMain] o.a.k.c.u.AppInfoParser [AppInfoParser.java:110] Kafka commitId : fa14705e51bd2ce5
2021-01-09 11:32:11,960 INFO [org.springframework.kafka.KafkaListenerEndpointContainer#0-0-C-1] o.a.k.c.Metadata [Metadata.java:285] Cluster ID: 9C3cC4uhTDepV7hAfKzVbQ
2021-01-09 11:32:11,962 INFO [restartedMain] o.a.k.c.Metadata [Metadata.java:285] Cluster ID: 9C3cC4uhTDepV7hAfKzVbQ
2021-01-09 11:32:11,963 INFO [restartedMain] o.a.k.c.c.ConsumerConfig [AbstractConfig.java:279] ConsumerConfig values: 
	auto.commit.interval.ms = 3000
	auto.offset.reset = latest
	bootstrap.servers = [localhost:9092]
	check.crcs = true
	client.id = 
	connections.max.idle.ms = 540000
	default.api.timeout.ms = 60000
	enable.auto.commit = true
	exclude.internal.topics = true
	fetch.max.bytes = 52428800
	fetch.max.wait.ms = 500
	fetch.min.bytes = 1
	group.id = community-consumer-group
	heartbeat.interval.ms = 3000
	interceptor.classes = []
	internal.leave.group.on.close = true
	isolation.level = read_uncommitted
	key.deserializer = class org.apache.kafka.common.serialization.StringDeserializer
	max.partition.fetch.bytes = 1048576
	max.poll.interval.ms = 300000
	max.poll.records = 500
	metadata.max.age.ms = 300000
	metric.reporters = []
	metrics.num.samples = 2
	metrics.recording.level = INFO
	metrics.sample.window.ms = 30000
	partition.assignment.strategy = [class org.apache.kafka.clients.consumer.RangeAssignor]
	receive.buffer.bytes = 65536
	reconnect.backoff.max.ms = 1000
	reconnect.backoff.ms = 50
	request.timeout.ms = 30000
	retry.backoff.ms = 100
	sasl.client.callback.handler.class = null
	sasl.jaas.config = null
	sasl.kerberos.kinit.cmd = /usr/bin/kinit
	sasl.kerberos.min.time.before.relogin = 60000
	sasl.kerberos.service.name = null
	sasl.kerberos.ticket.renew.jitter = 0.05
	sasl.kerberos.ticket.renew.window.factor = 0.8
	sasl.login.callback.handler.class = null
	sasl.login.class = null
	sasl.login.refresh.buffer.seconds = 300
	sasl.login.refresh.min.period.seconds = 60
	sasl.login.refresh.window.factor = 0.8
	sasl.login.refresh.window.jitter = 0.05
	sasl.mechanism = GSSAPI
	security.protocol = PLAINTEXT
	send.buffer.bytes = 131072
	session.timeout.ms = 10000
	ssl.cipher.suites = null
	ssl.enabled.protocols = [TLSv1.2, TLSv1.1, TLSv1]
	ssl.endpoint.identification.algorithm = https
	ssl.key.password = null
	ssl.keymanager.algorithm = SunX509
	ssl.keystore.location = null
	ssl.keystore.password = null
	ssl.keystore.type = JKS
	ssl.protocol = TLS
	ssl.provider = null
	ssl.secure.random.implementation = null
	ssl.trustmanager.algorithm = PKIX
	ssl.truststore.location = null
	ssl.truststore.password = null
	ssl.truststore.type = JKS
	value.deserializer = class org.apache.kafka.common.serialization.StringDeserializer

2021-01-09 11:32:11,964 INFO [org.springframework.kafka.KafkaListenerEndpointContainer#0-0-C-1] o.a.k.c.c.i.AbstractCoordinator [AbstractCoordinator.java:677] [Consumer clientId=consumer-2, groupId=community-consumer-group] Discovered group coordinator DESKTOP-OH4ATJV:9092 (id: 2147483647 rack: null)
2021-01-09 11:32:11,966 INFO [org.springframework.kafka.KafkaListenerEndpointContainer#0-0-C-1] o.a.k.c.c.i.ConsumerCoordinator [ConsumerCoordinator.java:472] [Consumer clientId=consumer-2, groupId=community-consumer-group] Revoking previously assigned partitions []
2021-01-09 11:32:11,966 INFO [org.springframework.kafka.KafkaListenerEndpointContainer#0-0-C-1] o.s.k.l.KafkaMessageListenerContainer [AbstractMessageListenerContainer.java:375] partitions revoked: []
2021-01-09 11:32:11,966 INFO [org.springframework.kafka.KafkaListenerEndpointContainer#0-0-C-1] o.a.k.c.c.i.AbstractCoordinator [AbstractCoordinator.java:509] [Consumer clientId=consumer-2, groupId=community-consumer-group] (Re-)joining group
2021-01-09 11:32:11,967 INFO [restartedMain] o.a.k.c.u.AppInfoParser [AppInfoParser.java:109] Kafka version : 2.0.1
2021-01-09 11:32:11,967 INFO [restartedMain] o.a.k.c.u.AppInfoParser [AppInfoParser.java:110] Kafka commitId : fa14705e51bd2ce5
2021-01-09 11:32:11,967 INFO [restartedMain] o.s.s.c.ThreadPoolTaskScheduler [ExecutorConfigurationSupport.java:171] Initializing ExecutorService
2021-01-09 11:32:11,970 INFO [org.springframework.kafka.KafkaListenerEndpointContainer#1-0-C-1] o.a.k.c.Metadata [Metadata.java:285] Cluster ID: 9C3cC4uhTDepV7hAfKzVbQ
2021-01-09 11:32:11,972 INFO [org.springframework.kafka.KafkaListenerEndpointContainer#1-0-C-1] o.a.k.c.c.i.AbstractCoordinator [AbstractCoordinator.java:677] [Consumer clientId=consumer-4, groupId=community-consumer-group] Discovered group coordinator DESKTOP-OH4ATJV:9092 (id: 2147483647 rack: null)
2021-01-09 11:32:11,972 INFO [org.springframework.kafka.KafkaListenerEndpointContainer#1-0-C-1] o.a.k.c.c.i.ConsumerCoordinator [ConsumerCoordinator.java:472] [Consumer clientId=consumer-4, groupId=community-consumer-group] Revoking previously assigned partitions []
2021-01-09 11:32:11,972 INFO [org.springframework.kafka.KafkaListenerEndpointContainer#1-0-C-1] o.s.k.l.KafkaMessageListenerContainer [AbstractMessageListenerContainer.java:375] partitions revoked: []
2021-01-09 11:32:11,973 INFO [org.springframework.kafka.KafkaListenerEndpointContainer#1-0-C-1] o.a.k.c.c.i.AbstractCoordinator [AbstractCoordinator.java:509] [Consumer clientId=consumer-4, groupId=community-consumer-group] (Re-)joining group
2021-01-09 11:32:11,975 INFO [restartedMain] o.a.c.h.Http11NioProtocol [DirectJDKLog.java:173] Starting ProtocolHandler ["http-nio-8080"]
2021-01-09 11:32:11,984 INFO [restartedMain] o.s.b.w.e.t.TomcatWebServer [TomcatWebServer.java:204] Tomcat started on port(s): 8080 (http) with context path '/community'
2021-01-09 11:32:11,986 INFO [restartedMain] c.n.c.CommunityApplication [StartupInfoLogger.java:59] Started CommunityApplication in 4.53 seconds (JVM running for 5.228)
2021-01-09 11:32:12,030 INFO [org.springframework.kafka.KafkaListenerEndpointContainer#1-0-C-1] o.a.k.c.c.i.AbstractCoordinator [AbstractCoordinator.java:473] [Consumer clientId=consumer-4, groupId=community-consumer-group] Successfully joined group with generation 22
2021-01-09 11:32:12,030 INFO [org.springframework.kafka.KafkaListenerEndpointContainer#0-0-C-1] o.a.k.c.c.i.AbstractCoordinator [AbstractCoordinator.java:473] [Consumer clientId=consumer-2, groupId=community-consumer-group] Successfully joined group with generation 22
2021-01-09 11:32:12,031 INFO [org.springframework.kafka.KafkaListenerEndpointContainer#1-0-C-1] o.a.k.c.c.i.ConsumerCoordinator [ConsumerCoordinator.java:280] [Consumer clientId=consumer-4, groupId=community-consumer-group] Setting newly assigned partitions [publish-0]
2021-01-09 11:32:12,031 INFO [org.springframework.kafka.KafkaListenerEndpointContainer#0-0-C-1] o.a.k.c.c.i.ConsumerCoordinator [ConsumerCoordinator.java:280] [Consumer clientId=consumer-2, groupId=community-consumer-group] Setting newly assigned partitions [comment-0, like-0, follow-0]
2021-01-09 11:32:12,038 INFO [org.springframework.kafka.KafkaListenerEndpointContainer#1-0-C-1] o.s.k.l.KafkaMessageListenerContainer [AbstractMessageListenerContainer.java:380] partitions assigned: [publish-0]
2021-01-09 11:32:12,038 INFO [org.springframework.kafka.KafkaListenerEndpointContainer#0-0-C-1] o.s.k.l.KafkaMessageListenerContainer [AbstractMessageListenerContainer.java:380] partitions assigned: [comment-0, like-0, follow-0]
2021-01-09 11:32:24,135 INFO [http-nio-8080-exec-1] o.a.c.c.C.[.[.[/community] [DirectJDKLog.java:173] Initializing Spring DispatcherServlet 'dispatcherServlet'
2021-01-09 11:32:24,135 INFO [http-nio-8080-exec-1] o.s.w.s.DispatcherServlet [FrameworkServlet.java:524] Initializing Servlet 'dispatcherServlet'
2021-01-09 11:32:24,145 INFO [http-nio-8080-exec-1] o.s.w.s.DispatcherServlet [FrameworkServlet.java:546] Completed initialization in 9 ms
2021-01-09 11:32:24,166 INFO [http-nio-8080-exec-1] c.n.c.a.ServiceLogAspect [ServiceLogAspect.java:53] 用户[0:0:0:0:0:0:0:1],在[2021-01-09 11:32:24],访问了[com.nowcoder.community.service.DiscussPostService.findDiscussPostRows]
2021-01-09 11:32:24,185 INFO [http-nio-8080-exec-1] c.z.h.HikariDataSource [HikariDataSource.java:110] HikariPool-1 - Starting...
2021-01-09 11:32:24,258 INFO [http-nio-8080-exec-1] c.z.h.HikariDataSource [HikariDataSource.java:123] HikariPool-1 - Start completed.
2021-01-09 11:32:24,291 INFO [http-nio-8080-exec-1] c.n.c.a.ServiceLogAspect [ServiceLogAspect.java:53] 用户[0:0:0:0:0:0:0:1],在[2021-01-09 11:32:24],访问了[com.nowcoder.community.service.DiscussPostService.findDiscussPosts]
2021-01-09 11:32:24,298 INFO [http-nio-8080-exec-1] c.n.c.a.ServiceLogAspect [ServiceLogAspect.java:53] 用户[0:0:0:0:0:0:0:1],在[2021-01-09 11:32:24],访问了[com.nowcoder.community.service.UserService.findUserById]
2021-01-09 11:32:24,367 INFO [http-nio-8080-exec-1] i.l.c.EpollProvider [Netty4InternalESLogger.java:104] Starting without optional epoll library
2021-01-09 11:32:24,368 INFO [http-nio-8080-exec-1] i.l.c.KqueueProvider [Netty4InternalESLogger.java:104] Starting without optional kqueue library
2021-01-09 11:32:24,429 INFO [http-nio-8080-exec-1] c.n.c.a.ServiceLogAspect [ServiceLogAspect.java:53] 用户[0:0:0:0:0:0:0:1],在[2021-01-09 11:32:24],访问了[com.nowcoder.community.service.LikeService.findEntityLikeCount]
2021-01-09 11:32:24,434 INFO [http-nio-8080-exec-1] c.n.c.a.ServiceLogAspect [ServiceLogAspect.java:53] 用户[0:0:0:0:0:0:0:1],在[2021-01-09 11:32:24],访问了[com.nowcoder.community.service.UserService.findUserById]
2021-01-09 11:32:24,437 INFO [http-nio-8080-exec-1] c.n.c.a.ServiceLogAspect [ServiceLogAspect.java:53] 用户[0:0:0:0:0:0:0:1],在[2021-01-09 11:32:24],访问了[com.nowcoder.community.service.LikeService.findEntityLikeCount]
2021-01-09 11:32:24,438 INFO [http-nio-8080-exec-1] c.n.c.a.ServiceLogAspect [ServiceLogAspect.java:53] 用户[0:0:0:0:0:0:0:1],在[2021-01-09 11:32:24],访问了[com.nowcoder.community.service.UserService.findUserById]
2021-01-09 11:32:24,441 INFO [http-nio-8080-exec-1] c.n.c.a.ServiceLogAspect [ServiceLogAspect.java:53] 用户[0:0:0:0:0:0:0:1],在[2021-01-09 11:32:24],访问了[com.nowcoder.community.service.LikeService.findEntityLikeCount]
2021-01-09 11:32:24,442 INFO [http-nio-8080-exec-1] c.n.c.a.ServiceLogAspect [ServiceLogAspect.java:53] 用户[0:0:0:0:0:0:0:1],在[2021-01-09 11:32:24],访问了[com.nowcoder.community.service.UserService.findUserById]
2021-01-09 11:32:24,463 INFO [http-nio-8080-exec-1] c.n.c.a.ServiceLogAspect [ServiceLogAspect.java:53] 用户[0:0:0:0:0:0:0:1],在[2021-01-09 11:32:24],访问了[com.nowcoder.community.service.LikeService.findEntityLikeCount]
2021-01-09 11:32:24,510 INFO [http-nio-8080-exec-1] c.n.c.a.ServiceLogAspect [ServiceLogAspect.java:53] 用户[0:0:0:0:0:0:0:1],在[2021-01-09 11:32:24],访问了[com.nowcoder.community.service.UserService.findUserById]
2021-01-09 11:32:24,511 INFO [http-nio-8080-exec-1] c.n.c.a.ServiceLogAspect [ServiceLogAspect.java:53] 用户[0:0:0:0:0:0:0:1],在[2021-01-09 11:32:24],访问了[com.nowcoder.community.service.LikeService.findEntityLikeCount]
2021-01-09 11:32:24,512 INFO [http-nio-8080-exec-1] c.n.c.a.ServiceLogAspect [ServiceLogAspect.java:53] 用户[0:0:0:0:0:0:0:1],在[2021-01-09 11:32:24],访问了[com.nowcoder.community.service.UserService.findUserById]
2021-01-09 11:32:24,512 INFO [http-nio-8080-exec-1] c.n.c.a.ServiceLogAspect [ServiceLogAspect.java:53] 用户[0:0:0:0:0:0:0:1],在[2021-01-09 11:32:24],访问了[com.nowcoder.community.service.LikeService.findEntityLikeCount]
2021-01-09 11:32:24,513 INFO [http-nio-8080-exec-1] c.n.c.a.ServiceLogAspect [ServiceLogAspect.java:53] 用户[0:0:0:0:0:0:0:1],在[2021-01-09 11:32:24],访问了[com.nowcoder.community.service.UserService.findUserById]
2021-01-09 11:32:24,514 INFO [http-nio-8080-exec-1] c.n.c.a.ServiceLogAspect [ServiceLogAspect.java:53] 用户[0:0:0:0:0:0:0:1],在[2021-01-09 11:32:24],访问了[com.nowcoder.community.service.LikeService.findEntityLikeCount]
2021-01-09 11:32:24,515 INFO [http-nio-8080-exec-1] c.n.c.a.ServiceLogAspect [ServiceLogAspect.java:53] 用户[0:0:0:0:0:0:0:1],在[2021-01-09 11:32:24],访问了[com.nowcoder.community.service.UserService.findUserById]
2021-01-09 11:32:24,517 INFO [http-nio-8080-exec-1] c.n.c.a.ServiceLogAspect [ServiceLogAspect.java:53] 用户[0:0:0:0:0:0:0:1],在[2021-01-09 11:32:24],访问了[com.nowcoder.community.service.LikeService.findEntityLikeCount]
2021-01-09 11:32:24,518 INFO [http-nio-8080-exec-1] c.n.c.a.ServiceLogAspect [ServiceLogAspect.java:53] 用户[0:0:0:0:0:0:0:1],在[2021-01-09 11:32:24],访问了[com.nowcoder.community.service.UserService.findUserById]
2021-01-09 11:32:24,521 INFO [http-nio-8080-exec-1] c.n.c.a.ServiceLogAspect [ServiceLogAspect.java:53] 用户[0:0:0:0:0:0:0:1],在[2021-01-09 11:32:24],访问了[com.nowcoder.community.service.LikeService.findEntityLikeCount]
2021-01-09 11:32:24,521 INFO [http-nio-8080-exec-1] c.n.c.a.ServiceLogAspect [ServiceLogAspect.java:53] 用户[0:0:0:0:0:0:0:1],在[2021-01-09 11:32:24],访问了[com.nowcoder.community.service.UserService.findUserById]
2021-01-09 11:32:24,522 INFO [http-nio-8080-exec-1] c.n.c.a.ServiceLogAspect [ServiceLogAspect.java:53] 用户[0:0:0:0:0:0:0:1],在[2021-01-09 11:32:24],访问了[com.nowcoder.community.service.LikeService.findEntityLikeCount]
2021-01-09 11:32:40,611 INFO [http-nio-8080-exec-5] c.n.c.a.ServiceLogAspect [ServiceLogAspect.java:53] 用户[0:0:0:0:0:0:0:1],在[2021-01-09 11:32:40],访问了[com.nowcoder.community.service.UserService.login]
2021-01-09 11:32:40,627 INFO [http-nio-8080-exec-4] c.n.c.a.ServiceLogAspect [ServiceLogAspect.java:53] 用户[0:0:0:0:0:0:0:1],在[2021-01-09 11:32:40],访问了[com.nowcoder.community.service.UserService.findLoginTicket]
2021-01-09 11:32:40,629 INFO [http-nio-8080-exec-4] c.n.c.a.ServiceLogAspect [ServiceLogAspect.java:53] 用户[0:0:0:0:0:0:0:1],在[2021-01-09 11:32:40],访问了[com.nowcoder.community.service.UserService.findUserById]
2021-01-09 11:32:40,630 INFO [http-nio-8080-exec-4] c.n.c.a.ServiceLogAspect [ServiceLogAspect.java:53] 用户[0:0:0:0:0:0:0:1],在[2021-01-09 11:32:40],访问了[com.nowcoder.community.service.DiscussPostService.findDiscussPostRows]
2021-01-09 11:32:40,632 INFO [http-nio-8080-exec-4] c.n.c.a.ServiceLogAspect [ServiceLogAspect.java:53] 用户[0:0:0:0:0:0:0:1],在[2021-01-09 11:32:40],访问了[com.nowcoder.community.service.DiscussPostService.findDiscussPosts]
2021-01-09 11:32:40,636 INFO [http-nio-8080-exec-4] c.n.c.a.ServiceLogAspect [ServiceLogAspect.java:53] 用户[0:0:0:0:0:0:0:1],在[2021-01-09 11:32:40],访问了[com.nowcoder.community.service.UserService.findUserById]
2021-01-09 11:32:40,637 INFO [http-nio-8080-exec-4] c.n.c.a.ServiceLogAspect [ServiceLogAspect.java:53] 用户[0:0:0:0:0:0:0:1],在[2021-01-09 11:32:40],访问了[com.nowcoder.community.service.LikeService.findEntityLikeCount]
2021-01-09 11:32:40,637 INFO [http-nio-8080-exec-4] c.n.c.a.ServiceLogAspect [ServiceLogAspect.java:53] 用户[0:0:0:0:0:0:0:1],在[2021-01-09 11:32:40],访问了[com.nowcoder.community.service.UserService.findUserById]
2021-01-09 11:32:40,637 INFO [http-nio-8080-exec-4] c.n.c.a.ServiceLogAspect [ServiceLogAspect.java:53] 用户[0:0:0:0:0:0:0:1],在[2021-01-09 11:32:40],访问了[com.nowcoder.community.service.LikeService.findEntityLikeCount]
2021-01-09 11:32:40,638 INFO [http-nio-8080-exec-4] c.n.c.a.ServiceLogAspect [ServiceLogAspect.java:53] 用户[0:0:0:0:0:0:0:1],在[2021-01-09 11:32:40],访问了[com.nowcoder.community.service.UserService.findUserById]
2021-01-09 11:32:40,639 INFO [http-nio-8080-exec-4] c.n.c.a.ServiceLogAspect [ServiceLogAspect.java:53] 用户[0:0:0:0:0:0:0:1],在[2021-01-09 11:32:40],访问了[com.nowcoder.community.service.LikeService.findEntityLikeCount]
2021-01-09 11:32:40,639 INFO [http-nio-8080-exec-4] c.n.c.a.ServiceLogAspect [ServiceLogAspect.java:53] 用户[0:0:0:0:0:0:0:1],在[2021-01-09 11:32:40],访问了[com.nowcoder.community.service.UserService.findUserById]
2021-01-09 11:32:40,641 INFO [http-nio-8080-exec-4] c.n.c.a.ServiceLogAspect [ServiceLogAspect.java:53] 用户[0:0:0:0:0:0:0:1],在[2021-01-09 11:32:40],访问了[com.nowcoder.community.service.LikeService.findEntityLikeCount]
2021-01-09 11:32:40,641 INFO [http-nio-8080-exec-4] c.n.c.a.ServiceLogAspect [ServiceLogAspect.java:53] 用户[0:0:0:0:0:0:0:1],在[2021-01-09 11:32:40],访问了[com.nowcoder.community.service.UserService.findUserById]
2021-01-09 11:32:40,641 INFO [http-nio-8080-exec-4] c.n.c.a.ServiceLogAspect [ServiceLogAspect.java:53] 用户[0:0:0:0:0:0:0:1],在[2021-01-09 11:32:40],访问了[com.nowcoder.community.service.LikeService.findEntityLikeCount]
2021-01-09 11:32:40,642 INFO [http-nio-8080-exec-4] c.n.c.a.ServiceLogAspect [ServiceLogAspect.java:53] 用户[0:0:0:0:0:0:0:1],在[2021-01-09 11:32:40],访问了[com.nowcoder.community.service.UserService.findUserById]
2021-01-09 11:32:40,642 INFO [http-nio-8080-exec-4] c.n.c.a.ServiceLogAspect [ServiceLogAspect.java:53] 用户[0:0:0:0:0:0:0:1],在[2021-01-09 11:32:40],访问了[com.nowcoder.community.service.LikeService.findEntityLikeCount]
2021-01-09 11:32:40,643 INFO [http-nio-8080-exec-4] c.n.c.a.ServiceLogAspect [ServiceLogAspect.java:53] 用户[0:0:0:0:0:0:0:1],在[2021-01-09 11:32:40],访问了[com.nowcoder.community.service.UserService.findUserById]
2021-01-09 11:32:40,643 INFO [http-nio-8080-exec-4] c.n.c.a.ServiceLogAspect [ServiceLogAspect.java:53] 用户[0:0:0:0:0:0:0:1],在[2021-01-09 11:32:40],访问了[com.nowcoder.community.service.LikeService.findEntityLikeCount]
2021-01-09 11:32:40,644 INFO [http-nio-8080-exec-4] c.n.c.a.ServiceLogAspect [ServiceLogAspect.java:53] 用户[0:0:0:0:0:0:0:1],在[2021-01-09 11:32:40],访问了[com.nowcoder.community.service.UserService.findUserById]
2021-01-09 11:32:40,644 INFO [http-nio-8080-exec-4] c.n.c.a.ServiceLogAspect [ServiceLogAspect.java:53] 用户[0:0:0:0:0:0:0:1],在[2021-01-09 11:32:40],访问了[com.nowcoder.community.service.LikeService.findEntityLikeCount]
2021-01-09 11:32:40,645 INFO [http-nio-8080-exec-4] c.n.c.a.ServiceLogAspect [ServiceLogAspect.java:53] 用户[0:0:0:0:0:0:0:1],在[2021-01-09 11:32:40],访问了[com.nowcoder.community.service.UserService.findUserById]
2021-01-09 11:32:40,645 INFO [http-nio-8080-exec-4] c.n.c.a.ServiceLogAspect [ServiceLogAspect.java:53] 用户[0:0:0:0:0:0:0:1],在[2021-01-09 11:32:40],访问了[com.nowcoder.community.service.LikeService.findEntityLikeCount]
2021-01-09 11:32:40,645 INFO [http-nio-8080-exec-4] c.n.c.a.ServiceLogAspect [ServiceLogAspect.java:53] 用户[0:0:0:0:0:0:0:1],在[2021-01-09 11:32:40],访问了[com.nowcoder.community.service.UserService.findUserById]
2021-01-09 11:32:40,646 INFO [http-nio-8080-exec-4] c.n.c.a.ServiceLogAspect [ServiceLogAspect.java:53] 用户[0:0:0:0:0:0:0:1],在[2021-01-09 11:32:40],访问了[com.nowcoder.community.service.LikeService.findEntityLikeCount]
2021-01-09 11:32:40,646 INFO [http-nio-8080-exec-4] c.n.c.a.ServiceLogAspect [ServiceLogAspect.java:53] 用户[0:0:0:0:0:0:0:1],在[2021-01-09 11:32:40],访问了[com.nowcoder.community.service.MessageService.findLetterUnreadCount]
2021-01-09 11:32:40,651 INFO [http-nio-8080-exec-4] c.n.c.a.ServiceLogAspect [ServiceLogAspect.java:53] 用户[0:0:0:0:0:0:0:1],在[2021-01-09 11:32:40],访问了[com.nowcoder.community.service.MessageService.findNoticeUnreadCount]
2021-01-09 11:32:40,676 INFO [http-nio-8080-exec-7] c.n.c.a.ServiceLogAspect [ServiceLogAspect.java:53] 用户[0:0:0:0:0:0:0:1],在[2021-01-09 11:32:40],访问了[com.nowcoder.community.service.UserService.findLoginTicket]
2021-01-09 11:32:40,677 INFO [http-nio-8080-exec-7] c.n.c.a.ServiceLogAspect [ServiceLogAspect.java:53] 用户[0:0:0:0:0:0:0:1],在[2021-01-09 11:32:40],访问了[com.nowcoder.community.service.UserService.findUserById]
2021-01-09 11:32:42,130 INFO [http-nio-8080-exec-10] c.n.c.a.ServiceLogAspect [ServiceLogAspect.java:53] 用户[0:0:0:0:0:0:0:1],在[2021-01-09 11:32:42],访问了[com.nowcoder.community.service.UserService.findLoginTicket]
2021-01-09 11:32:42,130 INFO [http-nio-8080-exec-10] c.n.c.a.ServiceLogAspect [ServiceLogAspect.java:53] 用户[0:0:0:0:0:0:0:1],在[2021-01-09 11:32:42],访问了[com.nowcoder.community.service.UserService.findUserById]
2021-01-09 11:32:42,131 INFO [http-nio-8080-exec-10] c.n.c.a.ServiceLogAspect [ServiceLogAspect.java:53] 用户[0:0:0:0:0:0:0:1],在[2021-01-09 11:32:42],访问了[com.nowcoder.community.service.MessageService.findConversationCount]
2021-01-09 11:32:42,133 INFO [http-nio-8080-exec-10] c.n.c.a.ServiceLogAspect [ServiceLogAspect.java:53] 用户[0:0:0:0:0:0:0:1],在[2021-01-09 11:32:42],访问了[com.nowcoder.community.service.MessageService.findConversations]
2021-01-09 11:32:42,136 INFO [http-nio-8080-exec-10] c.n.c.a.ServiceLogAspect [ServiceLogAspect.java:53] 用户[0:0:0:0:0:0:0:1],在[2021-01-09 11:32:42],访问了[com.nowcoder.community.service.MessageService.findLetterUnreadCount]
2021-01-09 11:32:42,137 INFO [http-nio-8080-exec-10] c.n.c.a.ServiceLogAspect [ServiceLogAspect.java:53] 用户[0:0:0:0:0:0:0:1],在[2021-01-09 11:32:42],访问了[com.nowcoder.community.service.MessageService.findLetterCount]
2021-01-09 11:32:42,139 INFO [http-nio-8080-exec-10] c.n.c.a.ServiceLogAspect [ServiceLogAspect.java:53] 用户[0:0:0:0:0:0:0:1],在[2021-01-09 11:32:42],访问了[com.nowcoder.community.service.UserService.findUserById]
2021-01-09 11:32:42,140 INFO [http-nio-8080-exec-10] c.n.c.a.ServiceLogAspect [ServiceLogAspect.java:53] 用户[0:0:0:0:0:0:0:1],在[2021-01-09 11:32:42],访问了[com.nowcoder.community.service.MessageService.findLetterUnreadCount]
2021-01-09 11:32:42,141 INFO [http-nio-8080-exec-10] c.n.c.a.ServiceLogAspect [ServiceLogAspect.java:53] 用户[0:0:0:0:0:0:0:1],在[2021-01-09 11:32:42],访问了[com.nowcoder.community.service.MessageService.findNoticeUnreadCount]
2021-01-09 11:32:42,142 INFO [http-nio-8080-exec-10] c.n.c.a.ServiceLogAspect [ServiceLogAspect.java:53] 用户[0:0:0:0:0:0:0:1],在[2021-01-09 11:32:42],访问了[com.nowcoder.community.service.MessageService.findLetterUnreadCount]
2021-01-09 11:32:42,143 INFO [http-nio-8080-exec-10] c.n.c.a.ServiceLogAspect [ServiceLogAspect.java:53] 用户[0:0:0:0:0:0:0:1],在[2021-01-09 11:32:42],访问了[com.nowcoder.community.service.MessageService.findNoticeUnreadCount]
2021-01-09 11:32:42,180 INFO [http-nio-8080-exec-4] c.n.c.a.ServiceLogAspect [ServiceLogAspect.java:53] 用户[0:0:0:0:0:0:0:1],在[2021-01-09 11:32:42],访问了[com.nowcoder.community.service.UserService.findLoginTicket]
2021-01-09 11:32:42,181 INFO [http-nio-8080-exec-4] c.n.c.a.ServiceLogAspect [ServiceLogAspect.java:53] 用户[0:0:0:0:0:0:0:1],在[2021-01-09 11:32:42],访问了[com.nowcoder.community.service.UserService.findUserById]
2021-01-09 11:32:42,769 INFO [http-nio-8080-exec-6] c.n.c.a.ServiceLogAspect [ServiceLogAspect.java:53] 用户[0:0:0:0:0:0:0:1],在[2021-01-09 11:32:42],访问了[com.nowcoder.community.service.UserService.findLoginTicket]
2021-01-09 11:32:42,770 INFO [http-nio-8080-exec-6] c.n.c.a.ServiceLogAspect [ServiceLogAspect.java:53] 用户[0:0:0:0:0:0:0:1],在[2021-01-09 11:32:42],访问了[com.nowcoder.community.service.UserService.findUserById]
2021-01-09 11:32:42,771 INFO [http-nio-8080-exec-6] c.n.c.a.ServiceLogAspect [ServiceLogAspect.java:53] 用户[0:0:0:0:0:0:0:1],在[2021-01-09 11:32:42],访问了[com.nowcoder.community.service.MessageService.findLatestNotice]
2021-01-09 11:32:42,824 INFO [http-nio-8080-exec-6] c.n.c.a.ServiceLogAspect [ServiceLogAspect.java:53] 用户[0:0:0:0:0:0:0:1],在[2021-01-09 11:32:42],访问了[com.nowcoder.community.service.UserService.findUserById]
2021-01-09 11:32:42,825 INFO [http-nio-8080-exec-6] c.n.c.a.ServiceLogAspect [ServiceLogAspect.java:53] 用户[0:0:0:0:0:0:0:1],在[2021-01-09 11:32:42],访问了[com.nowcoder.community.service.MessageService.findNoticeCount]
2021-01-09 11:32:42,826 INFO [http-nio-8080-exec-6] c.n.c.a.ServiceLogAspect [ServiceLogAspect.java:53] 用户[0:0:0:0:0:0:0:1],在[2021-01-09 11:32:42],访问了[com.nowcoder.community.service.MessageService.findNoticeUnreadCount]
2021-01-09 11:32:42,844 INFO [http-nio-8080-exec-6] c.n.c.a.ServiceLogAspect [ServiceLogAspect.java:53] 用户[0:0:0:0:0:0:0:1],在[2021-01-09 11:32:42],访问了[com.nowcoder.community.service.MessageService.findLatestNotice]
2021-01-09 11:32:42,846 INFO [http-nio-8080-exec-6] c.n.c.a.ServiceLogAspect [ServiceLogAspect.java:53] 用户[0:0:0:0:0:0:0:1],在[2021-01-09 11:32:42],访问了[com.nowcoder.community.service.UserService.findUserById]
2021-01-09 11:32:42,847 INFO [http-nio-8080-exec-6] c.n.c.a.ServiceLogAspect [ServiceLogAspect.java:53] 用户[0:0:0:0:0:0:0:1],在[2021-01-09 11:32:42],访问了[com.nowcoder.community.service.MessageService.findNoticeCount]
2021-01-09 11:32:42,849 INFO [http-nio-8080-exec-6] c.n.c.a.ServiceLogAspect [ServiceLogAspect.java:53] 用户[0:0:0:0:0:0:0:1],在[2021-01-09 11:32:42],访问了[com.nowcoder.community.service.MessageService.findNoticeUnreadCount]
2021-01-09 11:32:42,850 INFO [http-nio-8080-exec-6] c.n.c.a.ServiceLogAspect [ServiceLogAspect.java:53] 用户[0:0:0:0:0:0:0:1],在[2021-01-09 11:32:42],访问了[com.nowcoder.community.service.MessageService.findLatestNotice]
2021-01-09 11:32:42,853 INFO [http-nio-8080-exec-6] c.n.c.a.ServiceLogAspect [ServiceLogAspect.java:53] 用户[0:0:0:0:0:0:0:1],在[2021-01-09 11:32:42],访问了[com.nowcoder.community.service.UserService.findUserById]
2021-01-09 11:32:42,856 INFO [http-nio-8080-exec-6] c.n.c.a.ServiceLogAspect [ServiceLogAspect.java:53] 用户[0:0:0:0:0:0:0:1],在[2021-01-09 11:32:42],访问了[com.nowcoder.community.service.MessageService.findNoticeCount]
2021-01-09 11:32:42,857 INFO [http-nio-8080-exec-6] c.n.c.a.ServiceLogAspect [ServiceLogAspect.java:53] 用户[0:0:0:0:0:0:0:1],在[2021-01-09 11:32:42],访问了[com.nowcoder.community.service.MessageService.findNoticeUnreadCount]
2021-01-09 11:32:42,858 INFO [http-nio-8080-exec-6] c.n.c.a.ServiceLogAspect [ServiceLogAspect.java:53] 用户[0:0:0:0:0:0:0:1],在[2021-01-09 11:32:42],访问了[com.nowcoder.community.service.MessageService.findLetterUnreadCount]
2021-01-09 11:32:42,859 INFO [http-nio-8080-exec-6] c.n.c.a.ServiceLogAspect [ServiceLogAspect.java:53] 用户[0:0:0:0:0:0:0:1],在[2021-01-09 11:32:42],访问了[com.nowcoder.community.service.MessageService.findNoticeUnreadCount]
2021-01-09 11:32:42,860 INFO [http-nio-8080-exec-6] c.n.c.a.ServiceLogAspect [ServiceLogAspect.java:53] 用户[0:0:0:0:0:0:0:1],在[2021-01-09 11:32:42],访问了[com.nowcoder.community.service.MessageService.findLetterUnreadCount]
2021-01-09 11:32:42,861 INFO [http-nio-8080-exec-6] c.n.c.a.ServiceLogAspect [ServiceLogAspect.java:53] 用户[0:0:0:0:0:0:0:1],在[2021-01-09 11:32:42],访问了[com.nowcoder.community.service.MessageService.findNoticeUnreadCount]
2021-01-09 11:32:42,892 INFO [http-nio-8080-exec-10] c.n.c.a.ServiceLogAspect [ServiceLogAspect.java:53] 用户[0:0:0:0:0:0:0:1],在[2021-01-09 11:32:42],访问了[com.nowcoder.community.service.UserService.findLoginTicket]
2021-01-09 11:32:42,894 INFO [http-nio-8080-exec-10] c.n.c.a.ServiceLogAspect [ServiceLogAspect.java:53] 用户[0:0:0:0:0:0:0:1],在[2021-01-09 11:32:42],访问了[com.nowcoder.community.service.UserService.findUserById]
2021-01-09 11:32:43,977 INFO [http-nio-8080-exec-1] c.n.c.a.ServiceLogAspect [ServiceLogAspect.java:53] 用户[0:0:0:0:0:0:0:1],在[2021-01-09 11:32:43],访问了[com.nowcoder.community.service.UserService.findLoginTicket]
2021-01-09 11:32:43,978 INFO [http-nio-8080-exec-1] c.n.c.a.ServiceLogAspect [ServiceLogAspect.java:53] 用户[0:0:0:0:0:0:0:1],在[2021-01-09 11:32:43],访问了[com.nowcoder.community.service.UserService.findUserById]
2021-01-09 11:32:43,982 INFO [http-nio-8080-exec-1] c.n.c.a.ServiceLogAspect [ServiceLogAspect.java:53] 用户[0:0:0:0:0:0:0:1],在[2021-01-09 11:32:43],访问了[com.nowcoder.community.service.MessageService.findNoticeCount]
2021-01-09 11:32:43,984 INFO [http-nio-8080-exec-1] c.n.c.a.ServiceLogAspect [ServiceLogAspect.java:53] 用户[0:0:0:0:0:0:0:1],在[2021-01-09 11:32:43],访问了[com.nowcoder.community.service.MessageService.findNotices]
2021-01-09 11:32:43,986 INFO [http-nio-8080-exec-1] c.n.c.a.ServiceLogAspect [ServiceLogAspect.java:53] 用户[0:0:0:0:0:0:0:1],在[2021-01-09 11:32:43],访问了[com.nowcoder.community.service.UserService.findUserById]
2021-01-09 11:32:43,986 INFO [http-nio-8080-exec-1] c.n.c.a.ServiceLogAspect [ServiceLogAspect.java:53] 用户[0:0:0:0:0:0:0:1],在[2021-01-09 11:32:43],访问了[com.nowcoder.community.service.UserService.findUserById]
2021-01-09 11:32:43,988 INFO [http-nio-8080-exec-1] c.n.c.a.ServiceLogAspect [ServiceLogAspect.java:53] 用户[0:0:0:0:0:0:0:1],在[2021-01-09 11:32:43],访问了[com.nowcoder.community.service.UserService.findUserById]
2021-01-09 11:32:43,988 INFO [http-nio-8080-exec-1] c.n.c.a.ServiceLogAspect [ServiceLogAspect.java:53] 用户[0:0:0:0:0:0:0:1],在[2021-01-09 11:32:43],访问了[com.nowcoder.community.service.UserService.findUserById]
2021-01-09 11:32:43,989 INFO [http-nio-8080-exec-1] c.n.c.a.ServiceLogAspect [ServiceLogAspect.java:53] 用户[0:0:0:0:0:0:0:1],在[2021-01-09 11:32:43],访问了[com.nowcoder.community.service.UserService.findUserById]
2021-01-09 11:32:43,990 INFO [http-nio-8080-exec-1] c.n.c.a.ServiceLogAspect [ServiceLogAspect.java:53] 用户[0:0:0:0:0:0:0:1],在[2021-01-09 11:32:43],访问了[com.nowcoder.community.service.UserService.findUserById]
2021-01-09 11:32:43,990 INFO [http-nio-8080-exec-1] c.n.c.a.ServiceLogAspect [ServiceLogAspect.java:53] 用户[0:0:0:0:0:0:0:1],在[2021-01-09 11:32:43],访问了[com.nowcoder.community.service.MessageService.findLetterUnreadCount]
2021-01-09 11:32:43,991 INFO [http-nio-8080-exec-1] c.n.c.a.ServiceLogAspect [ServiceLogAspect.java:53] 用户[0:0:0:0:0:0:0:1],在[2021-01-09 11:32:43],访问了[com.nowcoder.community.service.MessageService.findNoticeUnreadCount]
2021-01-09 11:32:44,025 INFO [http-nio-8080-exec-6] c.n.c.a.ServiceLogAspect [ServiceLogAspect.java:53] 用户[0:0:0:0:0:0:0:1],在[2021-01-09 11:32:44],访问了[com.nowcoder.community.service.UserService.findLoginTicket]
2021-01-09 11:32:44,026 INFO [http-nio-8080-exec-6] c.n.c.a.ServiceLogAspect [ServiceLogAspect.java:53] 用户[0:0:0:0:0:0:0:1],在[2021-01-09 11:32:44],访问了[com.nowcoder.community.service.UserService.findUserById]
2021-01-09 11:32:44,935 INFO [http-nio-8080-exec-9] c.n.c.a.ServiceLogAspect [ServiceLogAspect.java:53] 用户[0:0:0:0:0:0:0:1],在[2021-01-09 11:32:44],访问了[com.nowcoder.community.service.UserService.findLoginTicket]
2021-01-09 11:32:44,936 INFO [http-nio-8080-exec-9] c.n.c.a.ServiceLogAspect [ServiceLogAspect.java:53] 用户[0:0:0:0:0:0:0:1],在[2021-01-09 11:32:44],访问了[com.nowcoder.community.service.UserService.findUserById]
2021-01-09 11:32:44,937 INFO [http-nio-8080-exec-9] c.n.c.a.ServiceLogAspect [ServiceLogAspect.java:53] 用户[0:0:0:0:0:0:0:1],在[2021-01-09 11:32:44],访问了[com.nowcoder.community.service.MessageService.findLatestNotice]
2021-01-09 11:32:44,940 INFO [http-nio-8080-exec-9] c.n.c.a.ServiceLogAspect [ServiceLogAspect.java:53] 用户[0:0:0:0:0:0:0:1],在[2021-01-09 11:32:44],访问了[com.nowcoder.community.service.UserService.findUserById]
2021-01-09 11:32:44,940 INFO [http-nio-8080-exec-9] c.n.c.a.ServiceLogAspect [ServiceLogAspect.java:53] 用户[0:0:0:0:0:0:0:1],在[2021-01-09 11:32:44],访问了[com.nowcoder.community.service.MessageService.findNoticeCount]
2021-01-09 11:32:44,943 INFO [http-nio-8080-exec-9] c.n.c.a.ServiceLogAspect [ServiceLogAspect.java:53] 用户[0:0:0:0:0:0:0:1],在[2021-01-09 11:32:44],访问了[com.nowcoder.community.service.MessageService.findNoticeUnreadCount]
2021-01-09 11:32:44,943 INFO [http-nio-8080-exec-9] c.n.c.a.ServiceLogAspect [ServiceLogAspect.java:53] 用户[0:0:0:0:0:0:0:1],在[2021-01-09 11:32:44],访问了[com.nowcoder.community.service.MessageService.findLatestNotice]
2021-01-09 11:32:44,945 INFO [http-nio-8080-exec-9] c.n.c.a.ServiceLogAspect [ServiceLogAspect.java:53] 用户[0:0:0:0:0:0:0:1],在[2021-01-09 11:32:44],访问了[com.nowcoder.community.service.UserService.findUserById]
2021-01-09 11:32:44,945 INFO [http-nio-8080-exec-9] c.n.c.a.ServiceLogAspect [ServiceLogAspect.java:53] 用户[0:0:0:0:0:0:0:1],在[2021-01-09 11:32:44],访问了[com.nowcoder.community.service.MessageService.findNoticeCount]
2021-01-09 11:32:44,946 INFO [http-nio-8080-exec-9] c.n.c.a.ServiceLogAspect [ServiceLogAspect.java:53] 用户[0:0:0:0:0:0:0:1],在[2021-01-09 11:32:44],访问了[com.nowcoder.community.service.MessageService.findNoticeUnreadCount]
2021-01-09 11:32:44,947 INFO [http-nio-8080-exec-9] c.n.c.a.ServiceLogAspect [ServiceLogAspect.java:53] 用户[0:0:0:0:0:0:0:1],在[2021-01-09 11:32:44],访问了[com.nowcoder.community.service.MessageService.findLatestNotice]
2021-01-09 11:32:44,951 INFO [http-nio-8080-exec-9] c.n.c.a.ServiceLogAspect [ServiceLogAspect.java:53] 用户[0:0:0:0:0:0:0:1],在[2021-01-09 11:32:44],访问了[com.nowcoder.community.service.UserService.findUserById]
2021-01-09 11:32:44,952 INFO [http-nio-8080-exec-9] c.n.c.a.ServiceLogAspect [ServiceLogAspect.java:53] 用户[0:0:0:0:0:0:0:1],在[2021-01-09 11:32:44],访问了[com.nowcoder.community.service.MessageService.findNoticeCount]
2021-01-09 11:32:44,953 INFO [http-nio-8080-exec-9] c.n.c.a.ServiceLogAspect [ServiceLogAspect.java:53] 用户[0:0:0:0:0:0:0:1],在[2021-01-09 11:32:44],访问了[com.nowcoder.community.service.MessageService.findNoticeUnreadCount]
2021-01-09 11:32:44,954 INFO [http-nio-8080-exec-9] c.n.c.a.ServiceLogAspect [ServiceLogAspect.java:53] 用户[0:0:0:0:0:0:0:1],在[2021-01-09 11:32:44],访问了[com.nowcoder.community.service.MessageService.findLetterUnreadCount]
2021-01-09 11:32:44,955 INFO [http-nio-8080-exec-9] c.n.c.a.ServiceLogAspect [ServiceLogAspect.java:53] 用户[0:0:0:0:0:0:0:1],在[2021-01-09 11:32:44],访问了[com.nowcoder.community.service.MessageService.findNoticeUnreadCount]
2021-01-09 11:32:44,956 INFO [http-nio-8080-exec-9] c.n.c.a.ServiceLogAspect [ServiceLogAspect.java:53] 用户[0:0:0:0:0:0:0:1],在[2021-01-09 11:32:44],访问了[com.nowcoder.community.service.MessageService.findLetterUnreadCount]
2021-01-09 11:32:44,957 INFO [http-nio-8080-exec-9] c.n.c.a.ServiceLogAspect [ServiceLogAspect.java:53] 用户[0:0:0:0:0:0:0:1],在[2021-01-09 11:32:44],访问了[com.nowcoder.community.service.MessageService.findNoticeUnreadCount]
2021-01-09 11:32:44,985 INFO [http-nio-8080-exec-1] c.n.c.a.ServiceLogAspect [ServiceLogAspect.java:53] 用户[0:0:0:0:0:0:0:1],在[2021-01-09 11:32:44],访问了[com.nowcoder.community.service.UserService.findLoginTicket]
2021-01-09 11:32:44,986 INFO [http-nio-8080-exec-1] c.n.c.a.ServiceLogAspect [ServiceLogAspect.java:53] 用户[0:0:0:0:0:0:0:1],在[2021-01-09 11:32:44],访问了[com.nowcoder.community.service.UserService.findUserById]
2021-01-09 11:55:04,935 INFO [http-nio-8080-exec-6] c.n.c.a.ServiceLogAspect [ServiceLogAspect.java:53] 用户[0:0:0:0:0:0:0:1],在[2021-01-09 11:55:04],访问了[com.nowcoder.community.service.UserService.findLoginTicket]
2021-01-09 11:55:04,937 INFO [http-nio-8080-exec-6] c.n.c.a.ServiceLogAspect [ServiceLogAspect.java:53] 用户[0:0:0:0:0:0:0:1],在[2021-01-09 11:55:04],访问了[com.nowcoder.community.service.UserService.findUserById]
2021-01-09 11:55:04,937 INFO [http-nio-8080-exec-6] c.n.c.a.ServiceLogAspect [ServiceLogAspect.java:53] 用户[0:0:0:0:0:0:0:1],在[2021-01-09 11:55:04],访问了[com.nowcoder.community.service.DiscussPostService.findDiscussPostRows]
2021-01-09 11:55:04,939 INFO [http-nio-8080-exec-6] c.n.c.a.ServiceLogAspect [ServiceLogAspect.java:53] 用户[0:0:0:0:0:0:0:1],在[2021-01-09 11:55:04],访问了[com.nowcoder.community.service.DiscussPostService.findDiscussPosts]
2021-01-09 11:55:04,942 INFO [http-nio-8080-exec-6] c.n.c.a.ServiceLogAspect [ServiceLogAspect.java:53] 用户[0:0:0:0:0:0:0:1],在[2021-01-09 11:55:04],访问了[com.nowcoder.community.service.UserService.findUserById]
2021-01-09 11:55:04,942 INFO [http-nio-8080-exec-6] c.n.c.a.ServiceLogAspect [ServiceLogAspect.java:53] 用户[0:0:0:0:0:0:0:1],在[2021-01-09 11:55:04],访问了[com.nowcoder.community.service.LikeService.findEntityLikeCount]
2021-01-09 11:55:04,942 INFO [http-nio-8080-exec-6] c.n.c.a.ServiceLogAspect [ServiceLogAspect.java:53] 用户[0:0:0:0:0:0:0:1],在[2021-01-09 11:55:04],访问了[com.nowcoder.community.service.UserService.findUserById]
2021-01-09 11:55:04,943 INFO [http-nio-8080-exec-6] c.n.c.a.ServiceLogAspect [ServiceLogAspect.java:53] 用户[0:0:0:0:0:0:0:1],在[2021-01-09 11:55:04],访问了[com.nowcoder.community.service.LikeService.findEntityLikeCount]
2021-01-09 11:55:04,943 INFO [http-nio-8080-exec-6] c.n.c.a.ServiceLogAspect [ServiceLogAspect.java:53] 用户[0:0:0:0:0:0:0:1],在[2021-01-09 11:55:04],访问了[com.nowcoder.community.service.UserService.findUserById]
2021-01-09 11:55:04,944 INFO [http-nio-8080-exec-6] c.n.c.a.ServiceLogAspect [ServiceLogAspect.java:53] 用户[0:0:0:0:0:0:0:1],在[2021-01-09 11:55:04],访问了[com.nowcoder.community.service.LikeService.findEntityLikeCount]
2021-01-09 11:55:04,944 INFO [http-nio-8080-exec-6] c.n.c.a.ServiceLogAspect [ServiceLogAspect.java:53] 用户[0:0:0:0:0:0:0:1],在[2021-01-09 11:55:04],访问了[com.nowcoder.community.service.UserService.findUserById]
2021-01-09 11:55:04,945 INFO [http-nio-8080-exec-6] c.n.c.a.ServiceLogAspect [ServiceLogAspect.java:53] 用户[0:0:0:0:0:0:0:1],在[2021-01-09 11:55:04],访问了[com.nowcoder.community.service.LikeService.findEntityLikeCount]
2021-01-09 11:55:04,945 INFO [http-nio-8080-exec-6] c.n.c.a.ServiceLogAspect [ServiceLogAspect.java:53] 用户[0:0:0:0:0:0:0:1],在[2021-01-09 11:55:04],访问了[com.nowcoder.community.service.UserService.findUserById]
2021-01-09 11:55:04,945 INFO [http-nio-8080-exec-6] c.n.c.a.ServiceLogAspect [ServiceLogAspect.java:53] 用户[0:0:0:0:0:0:0:1],在[2021-01-09 11:55:04],访问了[com.nowcoder.community.service.LikeService.findEntityLikeCount]
2021-01-09 11:55:04,946 INFO [http-nio-8080-exec-6] c.n.c.a.ServiceLogAspect [ServiceLogAspect.java:53] 用户[0:0:0:0:0:0:0:1],在[2021-01-09 11:55:04],访问了[com.nowcoder.community.service.UserService.findUserById]
2021-01-09 11:55:04,946 INFO [http-nio-8080-exec-6] c.n.c.a.ServiceLogAspect [ServiceLogAspect.java:53] 用户[0:0:0:0:0:0:0:1],在[2021-01-09 11:55:04],访问了[com.nowcoder.community.service.LikeService.findEntityLikeCount]
2021-01-09 11:55:04,946 INFO [http-nio-8080-exec-6] c.n.c.a.ServiceLogAspect [ServiceLogAspect.java:53] 用户[0:0:0:0:0:0:0:1],在[2021-01-09 11:55:04],访问了[com.nowcoder.community.service.UserService.findUserById]
2021-01-09 11:55:04,947 INFO [http-nio-8080-exec-6] c.n.c.a.ServiceLogAspect [ServiceLogAspect.java:53] 用户[0:0:0:0:0:0:0:1],在[2021-01-09 11:55:04],访问了[com.nowcoder.community.service.LikeService.findEntityLikeCount]
2021-01-09 11:55:04,947 INFO [http-nio-8080-exec-6] c.n.c.a.ServiceLogAspect [ServiceLogAspect.java:53] 用户[0:0:0:0:0:0:0:1],在[2021-01-09 11:55:04],访问了[com.nowcoder.community.service.UserService.findUserById]
2021-01-09 11:55:04,947 INFO [http-nio-8080-exec-6] c.n.c.a.ServiceLogAspect [ServiceLogAspect.java:53] 用户[0:0:0:0:0:0:0:1],在[2021-01-09 11:55:04],访问了[com.nowcoder.community.service.LikeService.findEntityLikeCount]
2021-01-09 11:55:04,948 INFO [http-nio-8080-exec-6] c.n.c.a.ServiceLogAspect [ServiceLogAspect.java:53] 用户[0:0:0:0:0:0:0:1],在[2021-01-09 11:55:04],访问了[com.nowcoder.community.service.UserService.findUserById]
2021-01-09 11:55:04,948 INFO [http-nio-8080-exec-6] c.n.c.a.ServiceLogAspect [ServiceLogAspect.java:53] 用户[0:0:0:0:0:0:0:1],在[2021-01-09 11:55:04],访问了[com.nowcoder.community.service.LikeService.findEntityLikeCount]
2021-01-09 11:55:04,948 INFO [http-nio-8080-exec-6] c.n.c.a.ServiceLogAspect [ServiceLogAspect.java:53] 用户[0:0:0:0:0:0:0:1],在[2021-01-09 11:55:04],访问了[com.nowcoder.community.service.UserService.findUserById]
2021-01-09 11:55:04,948 INFO [http-nio-8080-exec-6] c.n.c.a.ServiceLogAspect [ServiceLogAspect.java:53] 用户[0:0:0:0:0:0:0:1],在[2021-01-09 11:55:04],访问了[com.nowcoder.community.service.LikeService.findEntityLikeCount]
2021-01-09 11:55:04,949 INFO [http-nio-8080-exec-6] c.n.c.a.ServiceLogAspect [ServiceLogAspect.java:53] 用户[0:0:0:0:0:0:0:1],在[2021-01-09 11:55:04],访问了[com.nowcoder.community.service.MessageService.findLetterUnreadCount]
2021-01-09 11:55:04,950 INFO [http-nio-8080-exec-6] c.n.c.a.ServiceLogAspect [ServiceLogAspect.java:53] 用户[0:0:0:0:0:0:0:1],在[2021-01-09 11:55:04],访问了[com.nowcoder.community.service.MessageService.findNoticeUnreadCount]
2021-01-09 11:55:04,971 INFO [http-nio-8080-exec-7] c.n.c.a.ServiceLogAspect [ServiceLogAspect.java:53] 用户[0:0:0:0:0:0:0:1],在[2021-01-09 11:55:04],访问了[com.nowcoder.community.service.UserService.findLoginTicket]
2021-01-09 11:55:04,972 INFO [http-nio-8080-exec-7] c.n.c.a.ServiceLogAspect [ServiceLogAspect.java:53] 用户[0:0:0:0:0:0:0:1],在[2021-01-09 11:55:04],访问了[com.nowcoder.community.service.UserService.findUserById]
2021-01-09 11:55:06,551 INFO [http-nio-8080-exec-1] c.n.c.a.ServiceLogAspect [ServiceLogAspect.java:53] 用户[0:0:0:0:0:0:0:1],在[2021-01-09 11:55:06],访问了[com.nowcoder.community.service.UserService.findLoginTicket]
2021-01-09 11:55:06,551 INFO [http-nio-8080-exec-1] c.n.c.a.ServiceLogAspect [ServiceLogAspect.java:53] 用户[0:0:0:0:0:0:0:1],在[2021-01-09 11:55:06],访问了[com.nowcoder.community.service.UserService.findUserById]
2021-01-09 11:55:06,553 INFO [http-nio-8080-exec-1] c.n.c.a.ServiceLogAspect [ServiceLogAspect.java:53] 用户[0:0:0:0:0:0:0:1],在[2021-01-09 11:55:06],访问了[com.nowcoder.community.service.DiscussPostService.findDiscussPostById]
2021-01-09 11:55:06,555 INFO [http-nio-8080-exec-1] c.n.c.a.ServiceLogAspect [ServiceLogAspect.java:53] 用户[0:0:0:0:0:0:0:1],在[2021-01-09 11:55:06],访问了[com.nowcoder.community.service.UserService.findUserById]
2021-01-09 11:55:06,555 INFO [http-nio-8080-exec-1] c.n.c.a.ServiceLogAspect [ServiceLogAspect.java:53] 用户[0:0:0:0:0:0:0:1],在[2021-01-09 11:55:06],访问了[com.nowcoder.community.service.LikeService.findEntityLikeCount]
2021-01-09 11:55:06,556 INFO [http-nio-8080-exec-1] c.n.c.a.ServiceLogAspect [ServiceLogAspect.java:53] 用户[0:0:0:0:0:0:0:1],在[2021-01-09 11:55:06],访问了[com.nowcoder.community.service.LikeService.findEntityLikeStatus]
2021-01-09 11:55:06,559 INFO [http-nio-8080-exec-1] c.n.c.a.ServiceLogAspect [ServiceLogAspect.java:53] 用户[0:0:0:0:0:0:0:1],在[2021-01-09 11:55:06],访问了[com.nowcoder.community.service.CommentService.findCommentsByEntity]
2021-01-09 11:55:06,563 INFO [http-nio-8080-exec-1] c.n.c.a.ServiceLogAspect [ServiceLogAspect.java:53] 用户[0:0:0:0:0:0:0:1],在[2021-01-09 11:55:06],访问了[com.nowcoder.community.service.UserService.findUserById]
2021-01-09 11:55:06,564 INFO [http-nio-8080-exec-1] c.n.c.a.ServiceLogAspect [ServiceLogAspect.java:53] 用户[0:0:0:0:0:0:0:1],在[2021-01-09 11:55:06],访问了[com.nowcoder.community.service.LikeService.findEntityLikeCount]
2021-01-09 11:55:06,564 INFO [http-nio-8080-exec-1] c.n.c.a.ServiceLogAspect [ServiceLogAspect.java:53] 用户[0:0:0:0:0:0:0:1],在[2021-01-09 11:55:06],访问了[com.nowcoder.community.service.LikeService.findEntityLikeStatus]
2021-01-09 11:55:06,564 INFO [http-nio-8080-exec-1] c.n.c.a.ServiceLogAspect [ServiceLogAspect.java:53] 用户[0:0:0:0:0:0:0:1],在[2021-01-09 11:55:06],访问了[com.nowcoder.community.service.CommentService.findCommentsByEntity]
2021-01-09 11:55:06,566 INFO [http-nio-8080-exec-1] c.n.c.a.ServiceLogAspect [ServiceLogAspect.java:53] 用户[0:0:0:0:0:0:0:1],在[2021-01-09 11:55:06],访问了[com.nowcoder.community.service.UserService.findUserById]
2021-01-09 11:55:06,566 INFO [http-nio-8080-exec-1] c.n.c.a.ServiceLogAspect [ServiceLogAspect.java:53] 用户[0:0:0:0:0:0:0:1],在[2021-01-09 11:55:06],访问了[com.nowcoder.community.service.LikeService.findEntityLikeCount]
2021-01-09 11:55:06,566 INFO [http-nio-8080-exec-1] c.n.c.a.ServiceLogAspect [ServiceLogAspect.java:53] 用户[0:0:0:0:0:0:0:1],在[2021-01-09 11:55:06],访问了[com.nowcoder.community.service.LikeService.findEntityLikeStatus]
2021-01-09 11:55:06,567 INFO [http-nio-8080-exec-1] c.n.c.a.ServiceLogAspect [ServiceLogAspect.java:53] 用户[0:0:0:0:0:0:0:1],在[2021-01-09 11:55:06],访问了[com.nowcoder.community.service.CommentService.findCommentCount]
2021-01-09 11:55:06,568 INFO [http-nio-8080-exec-1] c.n.c.a.ServiceLogAspect [ServiceLogAspect.java:53] 用户[0:0:0:0:0:0:0:1],在[2021-01-09 11:55:06],访问了[com.nowcoder.community.service.UserService.findUserById]
2021-01-09 11:55:06,568 INFO [http-nio-8080-exec-1] c.n.c.a.ServiceLogAspect [ServiceLogAspect.java:53] 用户[0:0:0:0:0:0:0:1],在[2021-01-09 11:55:06],访问了[com.nowcoder.community.service.LikeService.findEntityLikeCount]
2021-01-09 11:55:06,568 INFO [http-nio-8080-exec-1] c.n.c.a.ServiceLogAspect [ServiceLogAspect.java:53] 用户[0:0:0:0:0:0:0:1],在[2021-01-09 11:55:06],访问了[com.nowcoder.community.service.LikeService.findEntityLikeStatus]
2021-01-09 11:55:06,569 INFO [http-nio-8080-exec-1] c.n.c.a.ServiceLogAspect [ServiceLogAspect.java:53] 用户[0:0:0:0:0:0:0:1],在[2021-01-09 11:55:06],访问了[com.nowcoder.community.service.CommentService.findCommentsByEntity]
2021-01-09 11:55:06,569 INFO [http-nio-8080-exec-1] c.n.c.a.ServiceLogAspect [ServiceLogAspect.java:53] 用户[0:0:0:0:0:0:0:1],在[2021-01-09 11:55:06],访问了[com.nowcoder.community.service.CommentService.findCommentCount]
2021-01-09 11:55:06,570 INFO [http-nio-8080-exec-1] c.n.c.a.ServiceLogAspect [ServiceLogAspect.java:53] 用户[0:0:0:0:0:0:0:1],在[2021-01-09 11:55:06],访问了[com.nowcoder.community.service.UserService.findUserById]
2021-01-09 11:55:06,570 INFO [http-nio-8080-exec-1] c.n.c.a.ServiceLogAspect [ServiceLogAspect.java:53] 用户[0:0:0:0:0:0:0:1],在[2021-01-09 11:55:06],访问了[com.nowcoder.community.service.LikeService.findEntityLikeCount]
2021-01-09 11:55:06,571 INFO [http-nio-8080-exec-1] c.n.c.a.ServiceLogAspect [ServiceLogAspect.java:53] 用户[0:0:0:0:0:0:0:1],在[2021-01-09 11:55:06],访问了[com.nowcoder.community.service.LikeService.findEntityLikeStatus]
2021-01-09 11:55:06,571 INFO [http-nio-8080-exec-1] c.n.c.a.ServiceLogAspect [ServiceLogAspect.java:53] 用户[0:0:0:0:0:0:0:1],在[2021-01-09 11:55:06],访问了[com.nowcoder.community.service.CommentService.findCommentsByEntity]
2021-01-09 11:55:06,572 INFO [http-nio-8080-exec-1] c.n.c.a.ServiceLogAspect [ServiceLogAspect.java:53] 用户[0:0:0:0:0:0:0:1],在[2021-01-09 11:55:06],访问了[com.nowcoder.community.service.CommentService.findCommentCount]
2021-01-09 11:55:06,573 INFO [http-nio-8080-exec-1] c.n.c.a.ServiceLogAspect [ServiceLogAspect.java:53] 用户[0:0:0:0:0:0:0:1],在[2021-01-09 11:55:06],访问了[com.nowcoder.community.service.UserService.findUserById]
2021-01-09 11:55:06,573 INFO [http-nio-8080-exec-1] c.n.c.a.ServiceLogAspect [ServiceLogAspect.java:53] 用户[0:0:0:0:0:0:0:1],在[2021-01-09 11:55:06],访问了[com.nowcoder.community.service.LikeService.findEntityLikeCount]
2021-01-09 11:55:06,574 INFO [http-nio-8080-exec-1] c.n.c.a.ServiceLogAspect [ServiceLogAspect.java:53] 用户[0:0:0:0:0:0:0:1],在[2021-01-09 11:55:06],访问了[com.nowcoder.community.service.LikeService.findEntityLikeStatus]
2021-01-09 11:55:06,574 INFO [http-nio-8080-exec-1] c.n.c.a.ServiceLogAspect [ServiceLogAspect.java:53] 用户[0:0:0:0:0:0:0:1],在[2021-01-09 11:55:06],访问了[com.nowcoder.community.service.CommentService.findCommentsByEntity]
2021-01-09 11:55:06,575 INFO [http-nio-8080-exec-1] c.n.c.a.ServiceLogAspect [ServiceLogAspect.java:53] 用户[0:0:0:0:0:0:0:1],在[2021-01-09 11:55:06],访问了[com.nowcoder.community.service.CommentService.findCommentCount]
2021-01-09 11:55:06,576 INFO [http-nio-8080-exec-1] c.n.c.a.ServiceLogAspect [ServiceLogAspect.java:53] 用户[0:0:0:0:0:0:0:1],在[2021-01-09 11:55:06],访问了[com.nowcoder.community.service.UserService.findUserById]
2021-01-09 11:55:06,576 INFO [http-nio-8080-exec-1] c.n.c.a.ServiceLogAspect [ServiceLogAspect.java:53] 用户[0:0:0:0:0:0:0:1],在[2021-01-09 11:55:06],访问了[com.nowcoder.community.service.LikeService.findEntityLikeCount]
2021-01-09 11:55:06,576 INFO [http-nio-8080-exec-1] c.n.c.a.ServiceLogAspect [ServiceLogAspect.java:53] 用户[0:0:0:0:0:0:0:1],在[2021-01-09 11:55:06],访问了[com.nowcoder.community.service.LikeService.findEntityLikeStatus]
2021-01-09 11:55:06,577 INFO [http-nio-8080-exec-1] c.n.c.a.ServiceLogAspect [ServiceLogAspect.java:53] 用户[0:0:0:0:0:0:0:1],在[2021-01-09 11:55:06],访问了[com.nowcoder.community.service.CommentService.findCommentsByEntity]
2021-01-09 11:55:06,578 INFO [http-nio-8080-exec-1] c.n.c.a.ServiceLogAspect [ServiceLogAspect.java:53] 用户[0:0:0:0:0:0:0:1],在[2021-01-09 11:55:06],访问了[com.nowcoder.community.service.CommentService.findCommentCount]
2021-01-09 11:55:06,578 INFO [http-nio-8080-exec-1] c.n.c.a.ServiceLogAspect [ServiceLogAspect.java:53] 用户[0:0:0:0:0:0:0:1],在[2021-01-09 11:55:06],访问了[com.nowcoder.community.service.MessageService.findLetterUnreadCount]
2021-01-09 11:55:06,579 INFO [http-nio-8080-exec-1] c.n.c.a.ServiceLogAspect [ServiceLogAspect.java:53] 用户[0:0:0:0:0:0:0:1],在[2021-01-09 11:55:06],访问了[com.nowcoder.community.service.MessageService.findNoticeUnreadCount]
2021-01-09 11:55:06,623 INFO [http-nio-8080-exec-6] c.n.c.a.ServiceLogAspect [ServiceLogAspect.java:53] 用户[0:0:0:0:0:0:0:1],在[2021-01-09 11:55:06],访问了[com.nowcoder.community.service.UserService.findLoginTicket]
2021-01-09 11:55:06,624 INFO [http-nio-8080-exec-6] c.n.c.a.ServiceLogAspect [ServiceLogAspect.java:53] 用户[0:0:0:0:0:0:0:1],在[2021-01-09 11:55:06],访问了[com.nowcoder.community.service.UserService.findUserById]
2021-01-09 11:55:14,352 INFO [http-nio-8080-exec-9] c.n.c.a.ServiceLogAspect [ServiceLogAspect.java:53] 用户[0:0:0:0:0:0:0:1],在[2021-01-09 11:55:14],访问了[com.nowcoder.community.service.UserService.findLoginTicket]
2021-01-09 11:55:14,353 INFO [http-nio-8080-exec-9] c.n.c.a.ServiceLogAspect [ServiceLogAspect.java:53] 用户[0:0:0:0:0:0:0:1],在[2021-01-09 11:55:14],访问了[com.nowcoder.community.service.UserService.findUserById]
2021-01-09 11:55:14,354 INFO [http-nio-8080-exec-9] c.n.c.a.ServiceLogAspect [ServiceLogAspect.java:53] 用户[0:0:0:0:0:0:0:1],在[2021-01-09 11:55:14],访问了[com.nowcoder.community.service.ElasticSearchService.searchDiscussPost]
2021-01-09 11:55:14,513 INFO [http-nio-8080-exec-9] c.n.c.a.ServiceLogAspect [ServiceLogAspect.java:53] 用户[0:0:0:0:0:0:0:1],在[2021-01-09 11:55:14],访问了[com.nowcoder.community.service.UserService.findUserById]
2021-01-09 11:55:14,514 INFO [http-nio-8080-exec-9] c.n.c.a.ServiceLogAspect [ServiceLogAspect.java:53] 用户[0:0:0:0:0:0:0:1],在[2021-01-09 11:55:14],访问了[com.nowcoder.community.service.LikeService.findEntityLikeCount]
2021-01-09 11:55:14,514 INFO [http-nio-8080-exec-9] c.n.c.a.ServiceLogAspect [ServiceLogAspect.java:53] 用户[0:0:0:0:0:0:0:1],在[2021-01-09 11:55:14],访问了[com.nowcoder.community.service.UserService.findUserById]
2021-01-09 11:55:14,516 INFO [http-nio-8080-exec-9] c.n.c.a.ServiceLogAspect [ServiceLogAspect.java:53] 用户[0:0:0:0:0:0:0:1],在[2021-01-09 11:55:14],访问了[com.nowcoder.community.service.LikeService.findEntityLikeCount]
2021-01-09 11:55:14,516 INFO [http-nio-8080-exec-9] c.n.c.a.ServiceLogAspect [ServiceLogAspect.java:53] 用户[0:0:0:0:0:0:0:1],在[2021-01-09 11:55:14],访问了[com.nowcoder.community.service.UserService.findUserById]
2021-01-09 11:55:14,516 INFO [http-nio-8080-exec-9] c.n.c.a.ServiceLogAspect [ServiceLogAspect.java:53] 用户[0:0:0:0:0:0:0:1],在[2021-01-09 11:55:14],访问了[com.nowcoder.community.service.LikeService.findEntityLikeCount]
2021-01-09 11:55:14,517 INFO [http-nio-8080-exec-9] c.n.c.a.ServiceLogAspect [ServiceLogAspect.java:53] 用户[0:0:0:0:0:0:0:1],在[2021-01-09 11:55:14],访问了[com.nowcoder.community.service.UserService.findUserById]
2021-01-09 11:55:14,517 INFO [http-nio-8080-exec-9] c.n.c.a.ServiceLogAspect [ServiceLogAspect.java:53] 用户[0:0:0:0:0:0:0:1],在[2021-01-09 11:55:14],访问了[com.nowcoder.community.service.LikeService.findEntityLikeCount]
2021-01-09 11:55:14,517 INFO [http-nio-8080-exec-9] c.n.c.a.ServiceLogAspect [ServiceLogAspect.java:53] 用户[0:0:0:0:0:0:0:1],在[2021-01-09 11:55:14],访问了[com.nowcoder.community.service.UserService.findUserById]
2021-01-09 11:55:14,518 INFO [http-nio-8080-exec-9] c.n.c.a.ServiceLogAspect [ServiceLogAspect.java:53] 用户[0:0:0:0:0:0:0:1],在[2021-01-09 11:55:14],访问了[com.nowcoder.community.service.LikeService.findEntityLikeCount]
2021-01-09 11:55:14,518 INFO [http-nio-8080-exec-9] c.n.c.a.ServiceLogAspect [ServiceLogAspect.java:53] 用户[0:0:0:0:0:0:0:1],在[2021-01-09 11:55:14],访问了[com.nowcoder.community.service.UserService.findUserById]
2021-01-09 11:55:14,518 INFO [http-nio-8080-exec-9] c.n.c.a.ServiceLogAspect [ServiceLogAspect.java:53] 用户[0:0:0:0:0:0:0:1],在[2021-01-09 11:55:14],访问了[com.nowcoder.community.service.LikeService.findEntityLikeCount]
2021-01-09 11:55:14,518 INFO [http-nio-8080-exec-9] c.n.c.a.ServiceLogAspect [ServiceLogAspect.java:53] 用户[0:0:0:0:0:0:0:1],在[2021-01-09 11:55:14],访问了[com.nowcoder.community.service.UserService.findUserById]
2021-01-09 11:55:14,519 INFO [http-nio-8080-exec-9] c.n.c.a.ServiceLogAspect [ServiceLogAspect.java:53] 用户[0:0:0:0:0:0:0:1],在[2021-01-09 11:55:14],访问了[com.nowcoder.community.service.LikeService.findEntityLikeCount]
2021-01-09 11:55:14,519 INFO [http-nio-8080-exec-9] c.n.c.a.ServiceLogAspect [ServiceLogAspect.java:53] 用户[0:0:0:0:0:0:0:1],在[2021-01-09 11:55:14],访问了[com.nowcoder.community.service.UserService.findUserById]
2021-01-09 11:55:14,519 INFO [http-nio-8080-exec-9] c.n.c.a.ServiceLogAspect [ServiceLogAspect.java:53] 用户[0:0:0:0:0:0:0:1],在[2021-01-09 11:55:14],访问了[com.nowcoder.community.service.LikeService.findEntityLikeCount]
2021-01-09 11:55:14,520 INFO [http-nio-8080-exec-9] c.n.c.a.ServiceLogAspect [ServiceLogAspect.java:53] 用户[0:0:0:0:0:0:0:1],在[2021-01-09 11:55:14],访问了[com.nowcoder.community.service.UserService.findUserById]
2021-01-09 11:55:14,520 INFO [http-nio-8080-exec-9] c.n.c.a.ServiceLogAspect [ServiceLogAspect.java:53] 用户[0:0:0:0:0:0:0:1],在[2021-01-09 11:55:14],访问了[com.nowcoder.community.service.LikeService.findEntityLikeCount]
2021-01-09 11:55:14,520 INFO [http-nio-8080-exec-9] c.n.c.a.ServiceLogAspect [ServiceLogAspect.java:53] 用户[0:0:0:0:0:0:0:1],在[2021-01-09 11:55:14],访问了[com.nowcoder.community.service.UserService.findUserById]
2021-01-09 11:55:14,521 INFO [http-nio-8080-exec-9] c.n.c.a.ServiceLogAspect [ServiceLogAspect.java:53] 用户[0:0:0:0:0:0:0:1],在[2021-01-09 11:55:14],访问了[com.nowcoder.community.service.LikeService.findEntityLikeCount]
2021-01-09 11:55:14,521 INFO [http-nio-8080-exec-9] c.n.c.a.ServiceLogAspect [ServiceLogAspect.java:53] 用户[0:0:0:0:0:0:0:1],在[2021-01-09 11:55:14],访问了[com.nowcoder.community.service.MessageService.findLetterUnreadCount]
2021-01-09 11:55:14,523 INFO [http-nio-8080-exec-9] c.n.c.a.ServiceLogAspect [ServiceLogAspect.java:53] 用户[0:0:0:0:0:0:0:1],在[2021-01-09 11:55:14],访问了[com.nowcoder.community.service.MessageService.findNoticeUnreadCount]
2021-01-09 11:55:14,549 INFO [http-nio-8080-exec-8] c.n.c.a.ServiceLogAspect [ServiceLogAspect.java:53] 用户[0:0:0:0:0:0:0:1],在[2021-01-09 11:55:14],访问了[com.nowcoder.community.service.UserService.findLoginTicket]
2021-01-09 11:55:14,551 INFO [http-nio-8080-exec-8] c.n.c.a.ServiceLogAspect [ServiceLogAspect.java:53] 用户[0:0:0:0:0:0:0:1],在[2021-01-09 11:55:14],访问了[com.nowcoder.community.service.UserService.findUserById]
2021-01-09 11:55:16,697 INFO [http-nio-8080-exec-1] c.n.c.a.ServiceLogAspect [ServiceLogAspect.java:53] 用户[0:0:0:0:0:0:0:1],在[2021-01-09 11:55:16],访问了[com.nowcoder.community.service.UserService.findLoginTicket]
2021-01-09 11:55:16,698 INFO [http-nio-8080-exec-1] c.n.c.a.ServiceLogAspect [ServiceLogAspect.java:53] 用户[0:0:0:0:0:0:0:1],在[2021-01-09 11:55:16],访问了[com.nowcoder.community.service.UserService.findUserById]
2021-01-09 11:55:16,698 INFO [http-nio-8080-exec-1] c.n.c.a.ServiceLogAspect [ServiceLogAspect.java:53] 用户[0:0:0:0:0:0:0:1],在[2021-01-09 11:55:16],访问了[com.nowcoder.community.service.DiscussPostService.findDiscussPostById]
2021-01-09 11:55:16,700 INFO [http-nio-8080-exec-1] c.n.c.a.ServiceLogAspect [ServiceLogAspect.java:53] 用户[0:0:0:0:0:0:0:1],在[2021-01-09 11:55:16],访问了[com.nowcoder.community.service.UserService.findUserById]
2021-01-09 11:55:16,700 INFO [http-nio-8080-exec-1] c.n.c.a.ServiceLogAspect [ServiceLogAspect.java:53] 用户[0:0:0:0:0:0:0:1],在[2021-01-09 11:55:16],访问了[com.nowcoder.community.service.LikeService.findEntityLikeCount]
2021-01-09 11:55:16,701 INFO [http-nio-8080-exec-1] c.n.c.a.ServiceLogAspect [ServiceLogAspect.java:53] 用户[0:0:0:0:0:0:0:1],在[2021-01-09 11:55:16],访问了[com.nowcoder.community.service.LikeService.findEntityLikeStatus]
2021-01-09 11:55:16,701 INFO [http-nio-8080-exec-1] c.n.c.a.ServiceLogAspect [ServiceLogAspect.java:53] 用户[0:0:0:0:0:0:0:1],在[2021-01-09 11:55:16],访问了[com.nowcoder.community.service.CommentService.findCommentsByEntity]
2021-01-09 11:55:16,702 INFO [http-nio-8080-exec-1] c.n.c.a.ServiceLogAspect [ServiceLogAspect.java:53] 用户[0:0:0:0:0:0:0:1],在[2021-01-09 11:55:16],访问了[com.nowcoder.community.service.UserService.findUserById]
2021-01-09 11:55:16,702 INFO [http-nio-8080-exec-1] c.n.c.a.ServiceLogAspect [ServiceLogAspect.java:53] 用户[0:0:0:0:0:0:0:1],在[2021-01-09 11:55:16],访问了[com.nowcoder.community.service.LikeService.findEntityLikeCount]
2021-01-09 11:55:16,703 INFO [http-nio-8080-exec-1] c.n.c.a.ServiceLogAspect [ServiceLogAspect.java:53] 用户[0:0:0:0:0:0:0:1],在[2021-01-09 11:55:16],访问了[com.nowcoder.community.service.LikeService.findEntityLikeStatus]
2021-01-09 11:55:16,703 INFO [http-nio-8080-exec-1] c.n.c.a.ServiceLogAspect [ServiceLogAspect.java:53] 用户[0:0:0:0:0:0:0:1],在[2021-01-09 11:55:16],访问了[com.nowcoder.community.service.CommentService.findCommentsByEntity]
2021-01-09 11:55:16,704 INFO [http-nio-8080-exec-1] c.n.c.a.ServiceLogAspect [ServiceLogAspect.java:53] 用户[0:0:0:0:0:0:0:1],在[2021-01-09 11:55:16],访问了[com.nowcoder.community.service.CommentService.findCommentCount]
2021-01-09 11:55:16,704 INFO [http-nio-8080-exec-1] c.n.c.a.ServiceLogAspect [ServiceLogAspect.java:53] 用户[0:0:0:0:0:0:0:1],在[2021-01-09 11:55:16],访问了[com.nowcoder.community.service.MessageService.findLetterUnreadCount]
2021-01-09 11:55:16,705 INFO [http-nio-8080-exec-1] c.n.c.a.ServiceLogAspect [ServiceLogAspect.java:53] 用户[0:0:0:0:0:0:0:1],在[2021-01-09 11:55:16],访问了[com.nowcoder.community.service.MessageService.findNoticeUnreadCount]
2021-01-09 11:55:16,735 INFO [http-nio-8080-exec-6] c.n.c.a.ServiceLogAspect [ServiceLogAspect.java:53] 用户[0:0:0:0:0:0:0:1],在[2021-01-09 11:55:16],访问了[com.nowcoder.community.service.UserService.findLoginTicket]
2021-01-09 11:55:16,736 INFO [http-nio-8080-exec-6] c.n.c.a.ServiceLogAspect [ServiceLogAspect.java:53] 用户[0:0:0:0:0:0:0:1],在[2021-01-09 11:55:16],访问了[com.nowcoder.community.service.UserService.findUserById]
2021-01-09 11:55:21,184 INFO [http-nio-8080-exec-9] c.n.c.a.ServiceLogAspect [ServiceLogAspect.java:53] 用户[0:0:0:0:0:0:0:1],在[2021-01-09 11:55:21],访问了[com.nowcoder.community.service.UserService.findLoginTicket]
2021-01-09 11:55:21,184 INFO [http-nio-8080-exec-9] c.n.c.a.ServiceLogAspect [ServiceLogAspect.java:53] 用户[0:0:0:0:0:0:0:1],在[2021-01-09 11:55:21],访问了[com.nowcoder.community.service.UserService.findUserById]
2021-01-09 11:55:21,185 INFO [http-nio-8080-exec-9] c.n.c.a.ServiceLogAspect [ServiceLogAspect.java:53] 用户[0:0:0:0:0:0:0:1],在[2021-01-09 11:55:21],访问了[com.nowcoder.community.service.DiscussPostService.findDiscussPostRows]
2021-01-09 11:55:21,187 INFO [http-nio-8080-exec-9] c.n.c.a.ServiceLogAspect [ServiceLogAspect.java:53] 用户[0:0:0:0:0:0:0:1],在[2021-01-09 11:55:21],访问了[com.nowcoder.community.service.DiscussPostService.findDiscussPosts]
2021-01-09 11:55:21,188 INFO [http-nio-8080-exec-9] c.n.c.a.ServiceLogAspect [ServiceLogAspect.java:53] 用户[0:0:0:0:0:0:0:1],在[2021-01-09 11:55:21],访问了[com.nowcoder.community.service.UserService.findUserById]
2021-01-09 11:55:21,189 INFO [http-nio-8080-exec-9] c.n.c.a.ServiceLogAspect [ServiceLogAspect.java:53] 用户[0:0:0:0:0:0:0:1],在[2021-01-09 11:55:21],访问了[com.nowcoder.community.service.LikeService.findEntityLikeCount]
2021-01-09 11:55:21,189 INFO [http-nio-8080-exec-9] c.n.c.a.ServiceLogAspect [ServiceLogAspect.java:53] 用户[0:0:0:0:0:0:0:1],在[2021-01-09 11:55:21],访问了[com.nowcoder.community.service.UserService.findUserById]
2021-01-09 11:55:21,189 INFO [http-nio-8080-exec-9] c.n.c.a.ServiceLogAspect [ServiceLogAspect.java:53] 用户[0:0:0:0:0:0:0:1],在[2021-01-09 11:55:21],访问了[com.nowcoder.community.service.LikeService.findEntityLikeCount]
2021-01-09 11:55:21,190 INFO [http-nio-8080-exec-9] c.n.c.a.ServiceLogAspect [ServiceLogAspect.java:53] 用户[0:0:0:0:0:0:0:1],在[2021-01-09 11:55:21],访问了[com.nowcoder.community.service.UserService.findUserById]
2021-01-09 11:55:21,190 INFO [http-nio-8080-exec-9] c.n.c.a.ServiceLogAspect [ServiceLogAspect.java:53] 用户[0:0:0:0:0:0:0:1],在[2021-01-09 11:55:21],访问了[com.nowcoder.community.service.LikeService.findEntityLikeCount]
2021-01-09 11:55:21,190 INFO [http-nio-8080-exec-9] c.n.c.a.ServiceLogAspect [ServiceLogAspect.java:53] 用户[0:0:0:0:0:0:0:1],在[2021-01-09 11:55:21],访问了[com.nowcoder.community.service.UserService.findUserById]
2021-01-09 11:55:21,191 INFO [http-nio-8080-exec-9] c.n.c.a.ServiceLogAspect [ServiceLogAspect.java:53] 用户[0:0:0:0:0:0:0:1],在[2021-01-09 11:55:21],访问了[com.nowcoder.community.service.LikeService.findEntityLikeCount]
2021-01-09 11:55:21,191 INFO [http-nio-8080-exec-9] c.n.c.a.ServiceLogAspect [ServiceLogAspect.java:53] 用户[0:0:0:0:0:0:0:1],在[2021-01-09 11:55:21],访问了[com.nowcoder.community.service.UserService.findUserById]
2021-01-09 11:55:21,191 INFO [http-nio-8080-exec-9] c.n.c.a.ServiceLogAspect [ServiceLogAspect.java:53] 用户[0:0:0:0:0:0:0:1],在[2021-01-09 11:55:21],访问了[com.nowcoder.community.service.LikeService.findEntityLikeCount]
2021-01-09 11:55:21,192 INFO [http-nio-8080-exec-9] c.n.c.a.ServiceLogAspect [ServiceLogAspect.java:53] 用户[0:0:0:0:0:0:0:1],在[2021-01-09 11:55:21],访问了[com.nowcoder.community.service.UserService.findUserById]
2021-01-09 11:55:21,192 INFO [http-nio-8080-exec-9] c.n.c.a.ServiceLogAspect [ServiceLogAspect.java:53] 用户[0:0:0:0:0:0:0:1],在[2021-01-09 11:55:21],访问了[com.nowcoder.community.service.LikeService.findEntityLikeCount]
2021-01-09 11:55:21,192 INFO [http-nio-8080-exec-9] c.n.c.a.ServiceLogAspect [ServiceLogAspect.java:53] 用户[0:0:0:0:0:0:0:1],在[2021-01-09 11:55:21],访问了[com.nowcoder.community.service.UserService.findUserById]
2021-01-09 11:55:21,192 INFO [http-nio-8080-exec-9] c.n.c.a.ServiceLogAspect [ServiceLogAspect.java:53] 用户[0:0:0:0:0:0:0:1],在[2021-01-09 11:55:21],访问了[com.nowcoder.community.service.LikeService.findEntityLikeCount]
2021-01-09 11:55:21,193 INFO [http-nio-8080-exec-9] c.n.c.a.ServiceLogAspect [ServiceLogAspect.java:53] 用户[0:0:0:0:0:0:0:1],在[2021-01-09 11:55:21],访问了[com.nowcoder.community.service.UserService.findUserById]
2021-01-09 11:55:21,193 INFO [http-nio-8080-exec-9] c.n.c.a.ServiceLogAspect [ServiceLogAspect.java:53] 用户[0:0:0:0:0:0:0:1],在[2021-01-09 11:55:21],访问了[com.nowcoder.community.service.LikeService.findEntityLikeCount]
2021-01-09 11:55:21,193 INFO [http-nio-8080-exec-9] c.n.c.a.ServiceLogAspect [ServiceLogAspect.java:53] 用户[0:0:0:0:0:0:0:1],在[2021-01-09 11:55:21],访问了[com.nowcoder.community.service.UserService.findUserById]
2021-01-09 11:55:21,194 INFO [http-nio-8080-exec-9] c.n.c.a.ServiceLogAspect [ServiceLogAspect.java:53] 用户[0:0:0:0:0:0:0:1],在[2021-01-09 11:55:21],访问了[com.nowcoder.community.service.LikeService.findEntityLikeCount]
2021-01-09 11:55:21,194 INFO [http-nio-8080-exec-9] c.n.c.a.ServiceLogAspect [ServiceLogAspect.java:53] 用户[0:0:0:0:0:0:0:1],在[2021-01-09 11:55:21],访问了[com.nowcoder.community.service.UserService.findUserById]
2021-01-09 11:55:21,194 INFO [http-nio-8080-exec-9] c.n.c.a.ServiceLogAspect [ServiceLogAspect.java:53] 用户[0:0:0:0:0:0:0:1],在[2021-01-09 11:55:21],访问了[com.nowcoder.community.service.LikeService.findEntityLikeCount]
2021-01-09 11:55:21,195 INFO [http-nio-8080-exec-9] c.n.c.a.ServiceLogAspect [ServiceLogAspect.java:53] 用户[0:0:0:0:0:0:0:1],在[2021-01-09 11:55:21],访问了[com.nowcoder.community.service.MessageService.findLetterUnreadCount]
2021-01-09 11:55:21,196 INFO [http-nio-8080-exec-9] c.n.c.a.ServiceLogAspect [ServiceLogAspect.java:53] 用户[0:0:0:0:0:0:0:1],在[2021-01-09 11:55:21],访问了[com.nowcoder.community.service.MessageService.findNoticeUnreadCount]
2021-01-09 11:55:21,216 INFO [http-nio-8080-exec-8] c.n.c.a.ServiceLogAspect [ServiceLogAspect.java:53] 用户[0:0:0:0:0:0:0:1],在[2021-01-09 11:55:21],访问了[com.nowcoder.community.service.UserService.findLoginTicket]
2021-01-09 11:55:21,217 INFO [http-nio-8080-exec-8] c.n.c.a.ServiceLogAspect [ServiceLogAspect.java:53] 用户[0:0:0:0:0:0:0:1],在[2021-01-09 11:55:21],访问了[com.nowcoder.community.service.UserService.findUserById]
2021-01-09 12:03:01,093 INFO [http-nio-8080-exec-5] c.n.c.a.ServiceLogAspect [ServiceLogAspect.java:53] 用户[0:0:0:0:0:0:0:1],在[2021-01-09 12:03:01],访问了[com.nowcoder.community.service.UserService.findLoginTicket]
2021-01-09 12:03:01,094 INFO [http-nio-8080-exec-5] c.n.c.a.ServiceLogAspect [ServiceLogAspect.java:53] 用户[0:0:0:0:0:0:0:1],在[2021-01-09 12:03:01],访问了[com.nowcoder.community.service.UserService.findUserById]
2021-01-09 12:03:01,095 INFO [http-nio-8080-exec-5] c.n.c.a.ServiceLogAspect [ServiceLogAspect.java:53] 用户[0:0:0:0:0:0:0:1],在[2021-01-09 12:03:01],访问了[com.nowcoder.community.service.DiscussPostService.findDiscussPostById]
2021-01-09 12:03:01,097 INFO [http-nio-8080-exec-5] c.n.c.a.ServiceLogAspect [ServiceLogAspect.java:53] 用户[0:0:0:0:0:0:0:1],在[2021-01-09 12:03:01],访问了[com.nowcoder.community.service.UserService.findUserById]
2021-01-09 12:03:01,098 INFO [http-nio-8080-exec-5] c.n.c.a.ServiceLogAspect [ServiceLogAspect.java:53] 用户[0:0:0:0:0:0:0:1],在[2021-01-09 12:03:01],访问了[com.nowcoder.community.service.LikeService.findEntityLikeCount]
2021-01-09 12:03:01,098 INFO [http-nio-8080-exec-5] c.n.c.a.ServiceLogAspect [ServiceLogAspect.java:53] 用户[0:0:0:0:0:0:0:1],在[2021-01-09 12:03:01],访问了[com.nowcoder.community.service.LikeService.findEntityLikeStatus]
2021-01-09 12:03:01,098 INFO [http-nio-8080-exec-5] c.n.c.a.ServiceLogAspect [ServiceLogAspect.java:53] 用户[0:0:0:0:0:0:0:1],在[2021-01-09 12:03:01],访问了[com.nowcoder.community.service.CommentService.findCommentsByEntity]
2021-01-09 12:03:01,099 INFO [http-nio-8080-exec-5] c.n.c.a.ServiceLogAspect [ServiceLogAspect.java:53] 用户[0:0:0:0:0:0:0:1],在[2021-01-09 12:03:01],访问了[com.nowcoder.community.service.UserService.findUserById]
2021-01-09 12:03:01,100 INFO [http-nio-8080-exec-5] c.n.c.a.ServiceLogAspect [ServiceLogAspect.java:53] 用户[0:0:0:0:0:0:0:1],在[2021-01-09 12:03:01],访问了[com.nowcoder.community.service.LikeService.findEntityLikeCount]
2021-01-09 12:03:01,100 INFO [http-nio-8080-exec-5] c.n.c.a.ServiceLogAspect [ServiceLogAspect.java:53] 用户[0:0:0:0:0:0:0:1],在[2021-01-09 12:03:01],访问了[com.nowcoder.community.service.LikeService.findEntityLikeStatus]
2021-01-09 12:03:01,100 INFO [http-nio-8080-exec-5] c.n.c.a.ServiceLogAspect [ServiceLogAspect.java:53] 用户[0:0:0:0:0:0:0:1],在[2021-01-09 12:03:01],访问了[com.nowcoder.community.service.CommentService.findCommentsByEntity]
2021-01-09 12:03:01,101 INFO [http-nio-8080-exec-5] c.n.c.a.ServiceLogAspect [ServiceLogAspect.java:53] 用户[0:0:0:0:0:0:0:1],在[2021-01-09 12:03:01],访问了[com.nowcoder.community.service.CommentService.findCommentCount]
2021-01-09 12:03:01,102 INFO [http-nio-8080-exec-5] c.n.c.a.ServiceLogAspect [ServiceLogAspect.java:53] 用户[0:0:0:0:0:0:0:1],在[2021-01-09 12:03:01],访问了[com.nowcoder.community.service.MessageService.findLetterUnreadCount]
2021-01-09 12:03:01,103 INFO [http-nio-8080-exec-5] c.n.c.a.ServiceLogAspect [ServiceLogAspect.java:53] 用户[0:0:0:0:0:0:0:1],在[2021-01-09 12:03:01],访问了[com.nowcoder.community.service.MessageService.findNoticeUnreadCount]
2021-01-09 12:03:01,137 INFO [http-nio-8080-exec-10] c.n.c.a.ServiceLogAspect [ServiceLogAspect.java:53] 用户[0:0:0:0:0:0:0:1],在[2021-01-09 12:03:01],访问了[com.nowcoder.community.service.UserService.findLoginTicket]
2021-01-09 12:03:01,137 INFO [http-nio-8080-exec-10] c.n.c.a.ServiceLogAspect [ServiceLogAspect.java:53] 用户[0:0:0:0:0:0:0:1],在[2021-01-09 12:03:01],访问了[com.nowcoder.community.service.UserService.findUserById]
