2020-12-26 10:47:12,555 INFO [restartedMain] c.n.c.CommunityApplication [StartupInfoLogger.java:55] Starting CommunityApplication using Java 12.0.2 on DESKTOP-OH4ATJV with PID 2452 (D:\Spring Boot\workspace\community\target\classes started by Administrator in D:\Spring Boot\workspace\community)
2020-12-26 10:47:12,558 INFO [restartedMain] c.n.c.CommunityApplication [SpringApplication.java:660] No active profile set, falling back to default profiles: default
2020-12-26 10:47:12,588 INFO [restartedMain] o.s.b.d.e.DevToolsPropertyDefaultsPostProcessor [DeferredLog.java:255] Devtools property defaults active! Set 'spring.devtools.add-properties' to 'false' to disable
2020-12-26 10:47:12,588 INFO [restartedMain] o.s.b.d.e.DevToolsPropertyDefaultsPostProcessor [DeferredLog.java:255] For additional web related logging consider setting the 'logging.level.web' property to 'DEBUG'
2020-12-26 10:47:13,297 INFO [restartedMain] o.s.b.w.e.t.TomcatWebServer [TomcatWebServer.java:108] Tomcat initialized with port(s): 8080 (http)
2020-12-26 10:47:13,304 INFO [restartedMain] o.a.c.h.Http11NioProtocol [DirectJDKLog.java:173] Initializing ProtocolHandler ["http-nio-8080"]
2020-12-26 10:47:13,304 INFO [restartedMain] o.a.c.c.StandardService [DirectJDKLog.java:173] Starting service [Tomcat]
2020-12-26 10:47:13,304 INFO [restartedMain] o.a.c.c.StandardEngine [DirectJDKLog.java:173] Starting Servlet engine: [Apache Tomcat/9.0.39]
2020-12-26 10:47:13,354 INFO [restartedMain] o.a.c.c.C.[.[.[/community] [DirectJDKLog.java:173] Initializing Spring embedded WebApplicationContext
2020-12-26 10:47:13,354 INFO [restartedMain] o.s.b.w.s.c.ServletWebServerApplicationContext [ServletWebServerApplicationContext.java:289] Root WebApplicationContext: initialization completed in 765 ms
2020-12-26 10:47:13,700 INFO [restartedMain] o.s.s.c.ThreadPoolTaskExecutor [ExecutorConfigurationSupport.java:181] Initializing ExecutorService 'applicationTaskExecutor'
2020-12-26 10:47:13,749 INFO [restartedMain] o.s.b.a.w.s.WelcomePageHandlerMapping [WelcomePageHandlerMapping.java:58] Adding welcome page template: index
2020-12-26 10:47:13,825 INFO [restartedMain] o.s.b.d.a.OptionalLiveReloadServer [OptionalLiveReloadServer.java:58] LiveReload server is running on port 35729
2020-12-26 10:47:13,837 INFO [restartedMain] o.a.c.h.Http11NioProtocol [DirectJDKLog.java:173] Starting ProtocolHandler ["http-nio-8080"]
2020-12-26 10:47:13,850 INFO [restartedMain] o.s.b.w.e.t.TomcatWebServer [TomcatWebServer.java:220] Tomcat started on port(s): 8080 (http) with context path '/community'
2020-12-26 10:47:13,860 INFO [restartedMain] c.n.c.CommunityApplication [StartupInfoLogger.java:61] Started CommunityApplication in 1.594 seconds (JVM running for 2.252)
2020-12-26 11:22:32,707 INFO [restartedMain] c.n.c.CommunityApplication [StartupInfoLogger.java:55] Starting CommunityApplication using Java 12.0.2 on DESKTOP-OH4ATJV with PID 11896 (D:\Spring Boot\workspace\community\target\classes started by Administrator in D:\Spring Boot\workspace\community)
2020-12-26 11:22:32,710 INFO [restartedMain] c.n.c.CommunityApplication [SpringApplication.java:660] No active profile set, falling back to default profiles: default
2020-12-26 11:22:32,738 INFO [restartedMain] o.s.b.d.e.DevToolsPropertyDefaultsPostProcessor [DeferredLog.java:255] Devtools property defaults active! Set 'spring.devtools.add-properties' to 'false' to disable
2020-12-26 11:22:32,738 INFO [restartedMain] o.s.b.d.e.DevToolsPropertyDefaultsPostProcessor [DeferredLog.java:255] For additional web related logging consider setting the 'logging.level.web' property to 'DEBUG'
2020-12-26 11:22:33,361 INFO [restartedMain] o.s.b.w.e.t.TomcatWebServer [TomcatWebServer.java:108] Tomcat initialized with port(s): 8080 (http)
2020-12-26 11:22:33,367 INFO [restartedMain] o.a.c.h.Http11NioProtocol [DirectJDKLog.java:173] Initializing ProtocolHandler ["http-nio-8080"]
2020-12-26 11:22:33,368 INFO [restartedMain] o.a.c.c.StandardService [DirectJDKLog.java:173] Starting service [Tomcat]
2020-12-26 11:22:33,368 INFO [restartedMain] o.a.c.c.StandardEngine [DirectJDKLog.java:173] Starting Servlet engine: [Apache Tomcat/9.0.39]
2020-12-26 11:22:33,419 INFO [restartedMain] o.a.c.c.C.[.[.[/community] [DirectJDKLog.java:173] Initializing Spring embedded WebApplicationContext
2020-12-26 11:22:33,420 INFO [restartedMain] o.s.b.w.s.c.ServletWebServerApplicationContext [ServletWebServerApplicationContext.java:289] Root WebApplicationContext: initialization completed in 681 ms
2020-12-26 11:22:33,728 INFO [restartedMain] o.s.s.c.ThreadPoolTaskExecutor [ExecutorConfigurationSupport.java:181] Initializing ExecutorService 'applicationTaskExecutor'
2020-12-26 11:22:33,772 INFO [restartedMain] o.s.b.a.w.s.WelcomePageHandlerMapping [WelcomePageHandlerMapping.java:58] Adding welcome page template: index
2020-12-26 11:22:33,847 INFO [restartedMain] o.s.b.d.a.OptionalLiveReloadServer [OptionalLiveReloadServer.java:58] LiveReload server is running on port 35729
2020-12-26 11:22:33,859 INFO [restartedMain] o.a.c.h.Http11NioProtocol [DirectJDKLog.java:173] Starting ProtocolHandler ["http-nio-8080"]
2020-12-26 11:22:33,870 INFO [restartedMain] o.s.b.w.e.t.TomcatWebServer [TomcatWebServer.java:220] Tomcat started on port(s): 8080 (http) with context path '/community'
2020-12-26 11:22:33,879 INFO [restartedMain] c.n.c.CommunityApplication [StartupInfoLogger.java:61] Started CommunityApplication in 1.414 seconds (JVM running for 2.015)
2020-12-26 11:22:43,465 INFO [http-nio-8080-exec-1] o.a.c.c.C.[.[.[/community] [DirectJDKLog.java:173] Initializing Spring DispatcherServlet 'dispatcherServlet'
2020-12-26 11:22:43,466 INFO [http-nio-8080-exec-1] o.s.w.s.DispatcherServlet [FrameworkServlet.java:525] Initializing Servlet 'dispatcherServlet'
2020-12-26 11:22:43,467 INFO [http-nio-8080-exec-1] o.s.w.s.DispatcherServlet [FrameworkServlet.java:547] Completed initialization in 1 ms
2020-12-26 11:22:43,499 INFO [http-nio-8080-exec-1] c.z.h.HikariDataSource [HikariDataSource.java:110] HikariPool-1 - Starting...
2020-12-26 11:22:43,586 INFO [http-nio-8080-exec-1] c.z.h.HikariDataSource [HikariDataSource.java:123] HikariPool-1 - Start completed.
2020-12-26 11:23:12,355 INFO [restartedMain] c.n.c.CommunityApplication [StartupInfoLogger.java:55] Starting CommunityApplication using Java 12.0.2 on DESKTOP-OH4ATJV with PID 5148 (D:\Spring Boot\workspace\community\target\classes started by Administrator in D:\Spring Boot\workspace\community)
2020-12-26 11:23:12,358 INFO [restartedMain] c.n.c.CommunityApplication [SpringApplication.java:660] No active profile set, falling back to default profiles: default
2020-12-26 11:23:12,387 INFO [restartedMain] o.s.b.d.e.DevToolsPropertyDefaultsPostProcessor [DeferredLog.java:255] Devtools property defaults active! Set 'spring.devtools.add-properties' to 'false' to disable
2020-12-26 11:23:12,388 INFO [restartedMain] o.s.b.d.e.DevToolsPropertyDefaultsPostProcessor [DeferredLog.java:255] For additional web related logging consider setting the 'logging.level.web' property to 'DEBUG'
2020-12-26 11:23:13,049 INFO [restartedMain] o.s.b.w.e.t.TomcatWebServer [TomcatWebServer.java:108] Tomcat initialized with port(s): 8080 (http)
2020-12-26 11:23:13,054 INFO [restartedMain] o.a.c.h.Http11NioProtocol [DirectJDKLog.java:173] Initializing ProtocolHandler ["http-nio-8080"]
2020-12-26 11:23:13,054 INFO [restartedMain] o.a.c.c.StandardService [DirectJDKLog.java:173] Starting service [Tomcat]
2020-12-26 11:23:13,054 INFO [restartedMain] o.a.c.c.StandardEngine [DirectJDKLog.java:173] Starting Servlet engine: [Apache Tomcat/9.0.39]
2020-12-26 11:23:13,102 INFO [restartedMain] o.a.c.c.C.[.[.[/community] [DirectJDKLog.java:173] Initializing Spring embedded WebApplicationContext
2020-12-26 11:23:13,102 INFO [restartedMain] o.s.b.w.s.c.ServletWebServerApplicationContext [ServletWebServerApplicationContext.java:289] Root WebApplicationContext: initialization completed in 714 ms
2020-12-26 11:23:13,414 INFO [restartedMain] o.s.s.c.ThreadPoolTaskExecutor [ExecutorConfigurationSupport.java:181] Initializing ExecutorService 'applicationTaskExecutor'
2020-12-26 11:23:13,458 INFO [restartedMain] o.s.b.a.w.s.WelcomePageHandlerMapping [WelcomePageHandlerMapping.java:58] Adding welcome page template: index
2020-12-26 11:23:13,524 INFO [restartedMain] o.s.b.d.a.OptionalLiveReloadServer [OptionalLiveReloadServer.java:58] LiveReload server is running on port 35729
2020-12-26 11:23:13,539 INFO [restartedMain] o.a.c.h.Http11NioProtocol [DirectJDKLog.java:173] Starting ProtocolHandler ["http-nio-8080"]
2020-12-26 11:23:13,550 INFO [restartedMain] o.s.b.w.e.t.TomcatWebServer [TomcatWebServer.java:220] Tomcat started on port(s): 8080 (http) with context path '/community'
2020-12-26 11:23:13,559 INFO [restartedMain] c.n.c.CommunityApplication [StartupInfoLogger.java:61] Started CommunityApplication in 1.465 seconds (JVM running for 2.029)
2020-12-26 11:23:32,569 INFO [http-nio-8080-exec-1] o.a.c.c.C.[.[.[/community] [DirectJDKLog.java:173] Initializing Spring DispatcherServlet 'dispatcherServlet'
2020-12-26 11:23:32,570 INFO [http-nio-8080-exec-1] o.s.w.s.DispatcherServlet [FrameworkServlet.java:525] Initializing Servlet 'dispatcherServlet'
2020-12-26 11:23:32,571 INFO [http-nio-8080-exec-1] o.s.w.s.DispatcherServlet [FrameworkServlet.java:547] Completed initialization in 1 ms
2020-12-26 11:23:32,605 INFO [http-nio-8080-exec-1] c.z.h.HikariDataSource [HikariDataSource.java:110] HikariPool-1 - Starting...
2020-12-26 11:23:32,680 INFO [http-nio-8080-exec-1] c.z.h.HikariDataSource [HikariDataSource.java:123] HikariPool-1 - Start completed.
2020-12-26 11:34:36,649 INFO [restartedMain] c.n.c.CommunityApplication [StartupInfoLogger.java:55] Starting CommunityApplication using Java 12.0.2 on DESKTOP-OH4ATJV with PID 13172 (D:\Spring Boot\workspace\community\target\classes started by Administrator in D:\Spring Boot\workspace\community)
2020-12-26 11:34:36,652 INFO [restartedMain] c.n.c.CommunityApplication [SpringApplication.java:660] No active profile set, falling back to default profiles: default
2020-12-26 11:34:36,684 INFO [restartedMain] o.s.b.d.e.DevToolsPropertyDefaultsPostProcessor [DeferredLog.java:255] Devtools property defaults active! Set 'spring.devtools.add-properties' to 'false' to disable
2020-12-26 11:34:36,684 INFO [restartedMain] o.s.b.d.e.DevToolsPropertyDefaultsPostProcessor [DeferredLog.java:255] For additional web related logging consider setting the 'logging.level.web' property to 'DEBUG'
2020-12-26 11:34:37,320 INFO [restartedMain] o.s.b.w.e.t.TomcatWebServer [TomcatWebServer.java:108] Tomcat initialized with port(s): 8080 (http)
2020-12-26 11:34:37,326 INFO [restartedMain] o.a.c.h.Http11NioProtocol [DirectJDKLog.java:173] Initializing ProtocolHandler ["http-nio-8080"]
2020-12-26 11:34:37,326 INFO [restartedMain] o.a.c.c.StandardService [DirectJDKLog.java:173] Starting service [Tomcat]
2020-12-26 11:34:37,326 INFO [restartedMain] o.a.c.c.StandardEngine [DirectJDKLog.java:173] Starting Servlet engine: [Apache Tomcat/9.0.39]
2020-12-26 11:34:37,378 INFO [restartedMain] o.a.c.c.C.[.[.[/community] [DirectJDKLog.java:173] Initializing Spring embedded WebApplicationContext
2020-12-26 11:34:37,378 INFO [restartedMain] o.s.b.w.s.c.ServletWebServerApplicationContext [ServletWebServerApplicationContext.java:289] Root WebApplicationContext: initialization completed in 693 ms
2020-12-26 11:34:37,690 INFO [restartedMain] o.s.s.c.ThreadPoolTaskExecutor [ExecutorConfigurationSupport.java:181] Initializing ExecutorService 'applicationTaskExecutor'
2020-12-26 11:34:37,734 INFO [restartedMain] o.s.b.a.w.s.WelcomePageHandlerMapping [WelcomePageHandlerMapping.java:58] Adding welcome page template: index
2020-12-26 11:34:37,801 INFO [restartedMain] o.s.b.d.a.OptionalLiveReloadServer [OptionalLiveReloadServer.java:58] LiveReload server is running on port 35729
2020-12-26 11:34:37,813 INFO [restartedMain] o.a.c.h.Http11NioProtocol [DirectJDKLog.java:173] Starting ProtocolHandler ["http-nio-8080"]
2020-12-26 11:34:37,824 INFO [restartedMain] o.s.b.w.e.t.TomcatWebServer [TomcatWebServer.java:220] Tomcat started on port(s): 8080 (http) with context path '/community'
2020-12-26 11:34:37,833 INFO [restartedMain] c.n.c.CommunityApplication [StartupInfoLogger.java:61] Started CommunityApplication in 1.466 seconds (JVM running for 2.007)
2020-12-26 11:34:45,102 INFO [http-nio-8080-exec-1] o.a.c.c.C.[.[.[/community] [DirectJDKLog.java:173] Initializing Spring DispatcherServlet 'dispatcherServlet'
2020-12-26 11:34:45,103 INFO [http-nio-8080-exec-1] o.s.w.s.DispatcherServlet [FrameworkServlet.java:525] Initializing Servlet 'dispatcherServlet'
2020-12-26 11:34:45,104 INFO [http-nio-8080-exec-1] o.s.w.s.DispatcherServlet [FrameworkServlet.java:547] Completed initialization in 1 ms
2020-12-26 11:34:45,135 INFO [http-nio-8080-exec-1] c.z.h.HikariDataSource [HikariDataSource.java:110] HikariPool-1 - Starting...
2020-12-26 11:34:45,210 INFO [http-nio-8080-exec-1] c.z.h.HikariDataSource [HikariDataSource.java:123] HikariPool-1 - Start completed.
2020-12-26 11:37:24,033 INFO [restartedMain] c.n.c.CommunityApplication [StartupInfoLogger.java:55] Starting CommunityApplication using Java 12.0.2 on DESKTOP-OH4ATJV with PID 1176 (D:\Spring Boot\workspace\community\target\classes started by Administrator in D:\Spring Boot\workspace\community)
2020-12-26 11:37:24,035 INFO [restartedMain] c.n.c.CommunityApplication [SpringApplication.java:660] No active profile set, falling back to default profiles: default
2020-12-26 11:37:24,064 INFO [restartedMain] o.s.b.d.e.DevToolsPropertyDefaultsPostProcessor [DeferredLog.java:255] Devtools property defaults active! Set 'spring.devtools.add-properties' to 'false' to disable
2020-12-26 11:37:24,065 INFO [restartedMain] o.s.b.d.e.DevToolsPropertyDefaultsPostProcessor [DeferredLog.java:255] For additional web related logging consider setting the 'logging.level.web' property to 'DEBUG'
2020-12-26 11:37:24,794 INFO [restartedMain] o.s.b.w.e.t.TomcatWebServer [TomcatWebServer.java:108] Tomcat initialized with port(s): 8080 (http)
2020-12-26 11:37:24,800 INFO [restartedMain] o.a.c.h.Http11NioProtocol [DirectJDKLog.java:173] Initializing ProtocolHandler ["http-nio-8080"]
2020-12-26 11:37:24,801 INFO [restartedMain] o.a.c.c.StandardService [DirectJDKLog.java:173] Starting service [Tomcat]
2020-12-26 11:37:24,801 INFO [restartedMain] o.a.c.c.StandardEngine [DirectJDKLog.java:173] Starting Servlet engine: [Apache Tomcat/9.0.39]
2020-12-26 11:37:24,857 INFO [restartedMain] o.a.c.c.C.[.[.[/community] [DirectJDKLog.java:173] Initializing Spring embedded WebApplicationContext
2020-12-26 11:37:24,857 INFO [restartedMain] o.s.b.w.s.c.ServletWebServerApplicationContext [ServletWebServerApplicationContext.java:289] Root WebApplicationContext: initialization completed in 792 ms
2020-12-26 11:37:25,236 INFO [restartedMain] o.s.s.c.ThreadPoolTaskExecutor [ExecutorConfigurationSupport.java:181] Initializing ExecutorService 'applicationTaskExecutor'
2020-12-26 11:37:25,282 INFO [restartedMain] o.s.b.a.w.s.WelcomePageHandlerMapping [WelcomePageHandlerMapping.java:58] Adding welcome page template: index
2020-12-26 11:37:25,360 INFO [restartedMain] o.s.b.d.a.OptionalLiveReloadServer [OptionalLiveReloadServer.java:58] LiveReload server is running on port 35729
2020-12-26 11:37:25,372 INFO [restartedMain] o.a.c.h.Http11NioProtocol [DirectJDKLog.java:173] Starting ProtocolHandler ["http-nio-8080"]
2020-12-26 11:37:25,384 INFO [restartedMain] o.s.b.w.e.t.TomcatWebServer [TomcatWebServer.java:220] Tomcat started on port(s): 8080 (http) with context path '/community'
2020-12-26 11:37:25,394 INFO [restartedMain] c.n.c.CommunityApplication [StartupInfoLogger.java:61] Started CommunityApplication in 1.628 seconds (JVM running for 2.687)
2020-12-26 11:37:35,546 INFO [http-nio-8080-exec-1] o.a.c.c.C.[.[.[/community] [DirectJDKLog.java:173] Initializing Spring DispatcherServlet 'dispatcherServlet'
2020-12-26 11:37:35,546 INFO [http-nio-8080-exec-1] o.s.w.s.DispatcherServlet [FrameworkServlet.java:525] Initializing Servlet 'dispatcherServlet'
2020-12-26 11:37:35,547 INFO [http-nio-8080-exec-1] o.s.w.s.DispatcherServlet [FrameworkServlet.java:547] Completed initialization in 1 ms
2020-12-26 11:37:35,564 INFO [http-nio-8080-exec-1] c.z.h.HikariDataSource [HikariDataSource.java:110] HikariPool-1 - Starting...
2020-12-26 11:37:35,664 INFO [http-nio-8080-exec-1] c.z.h.HikariDataSource [HikariDataSource.java:123] HikariPool-1 - Start completed.
2020-12-26 11:44:29,338 INFO [SpringContextShutdownHook] o.s.s.c.ThreadPoolTaskExecutor [ExecutorConfigurationSupport.java:218] Shutting down ExecutorService 'applicationTaskExecutor'
2020-12-26 11:44:29,338 INFO [SpringContextShutdownHook] c.z.h.HikariDataSource [HikariDataSource.java:350] HikariPool-1 - Shutdown initiated...
2020-12-26 11:44:29,342 INFO [SpringContextShutdownHook] c.z.h.HikariDataSource [HikariDataSource.java:352] HikariPool-1 - Shutdown completed.
2020-12-26 11:44:34,299 INFO [restartedMain] c.n.c.CommunityApplication [StartupInfoLogger.java:55] Starting CommunityApplication using Java 12.0.2 on DESKTOP-OH4ATJV with PID 5456 (D:\Spring Boot\workspace\community\target\classes started by Administrator in D:\Spring Boot\workspace\community)
2020-12-26 11:44:34,301 INFO [restartedMain] c.n.c.CommunityApplication [SpringApplication.java:660] No active profile set, falling back to default profiles: default
2020-12-26 11:44:34,333 INFO [restartedMain] o.s.b.d.e.DevToolsPropertyDefaultsPostProcessor [DeferredLog.java:255] Devtools property defaults active! Set 'spring.devtools.add-properties' to 'false' to disable
2020-12-26 11:44:34,334 INFO [restartedMain] o.s.b.d.e.DevToolsPropertyDefaultsPostProcessor [DeferredLog.java:255] For additional web related logging consider setting the 'logging.level.web' property to 'DEBUG'
2020-12-26 11:44:35,215 INFO [restartedMain] o.s.b.w.e.t.TomcatWebServer [TomcatWebServer.java:108] Tomcat initialized with port(s): 8080 (http)
2020-12-26 11:44:35,226 INFO [restartedMain] o.a.c.h.Http11NioProtocol [DirectJDKLog.java:173] Initializing ProtocolHandler ["http-nio-8080"]
2020-12-26 11:44:35,226 INFO [restartedMain] o.a.c.c.StandardService [DirectJDKLog.java:173] Starting service [Tomcat]
2020-12-26 11:44:35,226 INFO [restartedMain] o.a.c.c.StandardEngine [DirectJDKLog.java:173] Starting Servlet engine: [Apache Tomcat/9.0.39]
2020-12-26 11:44:35,272 INFO [restartedMain] o.a.c.c.C.[.[.[/community] [DirectJDKLog.java:173] Initializing Spring embedded WebApplicationContext
2020-12-26 11:44:35,272 INFO [restartedMain] o.s.b.w.s.c.ServletWebServerApplicationContext [ServletWebServerApplicationContext.java:289] Root WebApplicationContext: initialization completed in 937 ms
2020-12-26 11:44:35,860 INFO [restartedMain] o.s.s.c.ThreadPoolTaskExecutor [ExecutorConfigurationSupport.java:181] Initializing ExecutorService 'applicationTaskExecutor'
2020-12-26 11:44:35,948 INFO [restartedMain] o.s.b.a.w.s.WelcomePageHandlerMapping [WelcomePageHandlerMapping.java:58] Adding welcome page template: index
2020-12-26 11:44:36,172 INFO [restartedMain] o.s.b.d.a.OptionalLiveReloadServer [OptionalLiveReloadServer.java:58] LiveReload server is running on port 35729
2020-12-26 11:44:36,188 INFO [restartedMain] o.a.c.h.Http11NioProtocol [DirectJDKLog.java:173] Starting ProtocolHandler ["http-nio-8080"]
2020-12-26 11:44:36,201 INFO [restartedMain] o.s.b.w.e.t.TomcatWebServer [TomcatWebServer.java:220] Tomcat started on port(s): 8080 (http) with context path '/community'
2020-12-26 11:44:36,210 INFO [restartedMain] c.n.c.CommunityApplication [StartupInfoLogger.java:61] Started CommunityApplication in 2.203 seconds (JVM running for 2.877)
2020-12-26 11:44:42,367 INFO [http-nio-8080-exec-1] o.a.c.c.C.[.[.[/community] [DirectJDKLog.java:173] Initializing Spring DispatcherServlet 'dispatcherServlet'
2020-12-26 11:44:42,367 INFO [http-nio-8080-exec-1] o.s.w.s.DispatcherServlet [FrameworkServlet.java:525] Initializing Servlet 'dispatcherServlet'
2020-12-26 11:44:42,368 INFO [http-nio-8080-exec-1] o.s.w.s.DispatcherServlet [FrameworkServlet.java:547] Completed initialization in 1 ms
2020-12-26 11:44:48,689 INFO [http-nio-8080-exec-1] c.z.h.HikariDataSource [HikariDataSource.java:110] HikariPool-1 - Starting...
2020-12-26 11:44:49,820 INFO [http-nio-8080-exec-1] c.z.h.HikariDataSource [HikariDataSource.java:123] HikariPool-1 - Start completed.
2020-12-26 11:44:59,665 INFO [SpringContextShutdownHook] o.s.s.c.ThreadPoolTaskExecutor [ExecutorConfigurationSupport.java:218] Shutting down ExecutorService 'applicationTaskExecutor'
2020-12-26 11:44:59,666 INFO [SpringContextShutdownHook] c.z.h.HikariDataSource [HikariDataSource.java:350] HikariPool-1 - Shutdown initiated...
2020-12-26 11:44:59,671 INFO [SpringContextShutdownHook] c.z.h.HikariDataSource [HikariDataSource.java:352] HikariPool-1 - Shutdown completed.
2020-12-26 11:45:01,519 INFO [restartedMain] c.n.c.CommunityApplication [StartupInfoLogger.java:55] Starting CommunityApplication using Java 12.0.2 on DESKTOP-OH4ATJV with PID 4364 (D:\Spring Boot\workspace\community\target\classes started by Administrator in D:\Spring Boot\workspace\community)
2020-12-26 11:45:01,520 INFO [restartedMain] c.n.c.CommunityApplication [SpringApplication.java:660] No active profile set, falling back to default profiles: default
2020-12-26 11:45:01,544 INFO [restartedMain] o.s.b.d.e.DevToolsPropertyDefaultsPostProcessor [DeferredLog.java:255] Devtools property defaults active! Set 'spring.devtools.add-properties' to 'false' to disable
2020-12-26 11:45:01,545 INFO [restartedMain] o.s.b.d.e.DevToolsPropertyDefaultsPostProcessor [DeferredLog.java:255] For additional web related logging consider setting the 'logging.level.web' property to 'DEBUG'
2020-12-26 11:45:02,314 INFO [restartedMain] o.s.b.w.e.t.TomcatWebServer [TomcatWebServer.java:108] Tomcat initialized with port(s): 8080 (http)
2020-12-26 11:45:02,319 INFO [restartedMain] o.a.c.h.Http11NioProtocol [DirectJDKLog.java:173] Initializing ProtocolHandler ["http-nio-8080"]
2020-12-26 11:45:02,320 INFO [restartedMain] o.a.c.c.StandardService [DirectJDKLog.java:173] Starting service [Tomcat]
2020-12-26 11:45:02,320 INFO [restartedMain] o.a.c.c.StandardEngine [DirectJDKLog.java:173] Starting Servlet engine: [Apache Tomcat/9.0.39]
2020-12-26 11:45:02,365 INFO [restartedMain] o.a.c.c.C.[.[.[/community] [DirectJDKLog.java:173] Initializing Spring embedded WebApplicationContext
2020-12-26 11:45:02,365 INFO [restartedMain] o.s.b.w.s.c.ServletWebServerApplicationContext [ServletWebServerApplicationContext.java:289] Root WebApplicationContext: initialization completed in 820 ms
2020-12-26 11:45:02,887 INFO [restartedMain] o.s.s.c.ThreadPoolTaskExecutor [ExecutorConfigurationSupport.java:181] Initializing ExecutorService 'applicationTaskExecutor'
2020-12-26 11:45:02,967 INFO [restartedMain] o.s.b.a.w.s.WelcomePageHandlerMapping [WelcomePageHandlerMapping.java:58] Adding welcome page template: index
2020-12-26 11:45:03,173 INFO [restartedMain] o.s.b.d.a.OptionalLiveReloadServer [OptionalLiveReloadServer.java:58] LiveReload server is running on port 35729
2020-12-26 11:45:03,186 INFO [restartedMain] o.a.c.h.Http11NioProtocol [DirectJDKLog.java:173] Starting ProtocolHandler ["http-nio-8080"]
2020-12-26 11:45:03,197 INFO [restartedMain] o.s.b.w.e.t.TomcatWebServer [TomcatWebServer.java:220] Tomcat started on port(s): 8080 (http) with context path '/community'
2020-12-26 11:45:03,205 INFO [restartedMain] c.n.c.CommunityApplication [StartupInfoLogger.java:61] Started CommunityApplication in 1.934 seconds (JVM running for 2.485)
2020-12-26 11:45:03,255 INFO [http-nio-8080-exec-1] o.a.c.c.C.[.[.[/community] [DirectJDKLog.java:173] Initializing Spring DispatcherServlet 'dispatcherServlet'
2020-12-26 11:45:03,255 INFO [http-nio-8080-exec-1] o.s.w.s.DispatcherServlet [FrameworkServlet.java:525] Initializing Servlet 'dispatcherServlet'
2020-12-26 11:45:03,256 INFO [http-nio-8080-exec-1] o.s.w.s.DispatcherServlet [FrameworkServlet.java:547] Completed initialization in 1 ms
2020-12-26 11:45:03,290 INFO [http-nio-8080-exec-3] c.z.h.HikariDataSource [HikariDataSource.java:110] HikariPool-1 - Starting...
2020-12-26 11:45:03,354 INFO [http-nio-8080-exec-3] c.z.h.HikariDataSource [HikariDataSource.java:123] HikariPool-1 - Start completed.
2020-12-26 11:48:13,990 INFO [restartedMain] c.n.c.CommunityApplication [StartupInfoLogger.java:55] Starting CommunityApplication using Java 12.0.2 on DESKTOP-OH4ATJV with PID 1880 (D:\Spring Boot\workspace\community\target\classes started by Administrator in D:\Spring Boot\workspace\community)
2020-12-26 11:48:13,993 INFO [restartedMain] c.n.c.CommunityApplication [SpringApplication.java:660] No active profile set, falling back to default profiles: default
2020-12-26 11:48:14,021 INFO [restartedMain] o.s.b.d.e.DevToolsPropertyDefaultsPostProcessor [DeferredLog.java:255] Devtools property defaults active! Set 'spring.devtools.add-properties' to 'false' to disable
2020-12-26 11:48:14,022 INFO [restartedMain] o.s.b.d.e.DevToolsPropertyDefaultsPostProcessor [DeferredLog.java:255] For additional web related logging consider setting the 'logging.level.web' property to 'DEBUG'
2020-12-26 11:48:14,798 INFO [restartedMain] o.s.b.w.e.t.TomcatWebServer [TomcatWebServer.java:108] Tomcat initialized with port(s): 8080 (http)
2020-12-26 11:48:14,807 INFO [restartedMain] o.a.c.h.Http11NioProtocol [DirectJDKLog.java:173] Initializing ProtocolHandler ["http-nio-8080"]
2020-12-26 11:48:14,808 INFO [restartedMain] o.a.c.c.StandardService [DirectJDKLog.java:173] Starting service [Tomcat]
2020-12-26 11:48:14,808 INFO [restartedMain] o.a.c.c.StandardEngine [DirectJDKLog.java:173] Starting Servlet engine: [Apache Tomcat/9.0.39]
2020-12-26 11:48:14,853 INFO [restartedMain] o.a.c.c.C.[.[.[/community] [DirectJDKLog.java:173] Initializing Spring embedded WebApplicationContext
2020-12-26 11:48:14,853 INFO [restartedMain] o.s.b.w.s.c.ServletWebServerApplicationContext [ServletWebServerApplicationContext.java:289] Root WebApplicationContext: initialization completed in 831 ms
2020-12-26 11:48:15,359 INFO [restartedMain] o.s.s.c.ThreadPoolTaskExecutor [ExecutorConfigurationSupport.java:181] Initializing ExecutorService 'applicationTaskExecutor'
2020-12-26 11:48:15,440 INFO [restartedMain] o.s.b.a.w.s.WelcomePageHandlerMapping [WelcomePageHandlerMapping.java:58] Adding welcome page template: index
2020-12-26 11:48:15,646 INFO [restartedMain] o.s.b.d.a.OptionalLiveReloadServer [OptionalLiveReloadServer.java:58] LiveReload server is running on port 35729
2020-12-26 11:48:15,659 INFO [restartedMain] o.a.c.h.Http11NioProtocol [DirectJDKLog.java:173] Starting ProtocolHandler ["http-nio-8080"]
2020-12-26 11:48:15,674 INFO [restartedMain] o.s.b.w.e.t.TomcatWebServer [TomcatWebServer.java:220] Tomcat started on port(s): 8080 (http) with context path '/community'
2020-12-26 11:48:15,683 INFO [restartedMain] c.n.c.CommunityApplication [StartupInfoLogger.java:61] Started CommunityApplication in 1.954 seconds (JVM running for 2.503)
2020-12-26 11:48:23,427 INFO [http-nio-8080-exec-1] o.a.c.c.C.[.[.[/community] [DirectJDKLog.java:173] Initializing Spring DispatcherServlet 'dispatcherServlet'
2020-12-26 11:48:23,428 INFO [http-nio-8080-exec-1] o.s.w.s.DispatcherServlet [FrameworkServlet.java:525] Initializing Servlet 'dispatcherServlet'
2020-12-26 11:48:23,429 INFO [http-nio-8080-exec-1] o.s.w.s.DispatcherServlet [FrameworkServlet.java:547] Completed initialization in 1 ms
2020-12-26 11:48:23,449 INFO [http-nio-8080-exec-1] c.z.h.HikariDataSource [HikariDataSource.java:110] HikariPool-1 - Starting...
2020-12-26 11:48:23,514 INFO [http-nio-8080-exec-1] c.z.h.HikariDataSource [HikariDataSource.java:123] HikariPool-1 - Start completed.
2020-12-26 11:48:46,547 INFO [restartedMain] c.n.c.CommunityApplication [StartupInfoLogger.java:55] Starting CommunityApplication using Java 12.0.2 on DESKTOP-OH4ATJV with PID 14852 (D:\Spring Boot\workspace\community\target\classes started by Administrator in D:\Spring Boot\workspace\community)
2020-12-26 11:48:46,549 INFO [restartedMain] c.n.c.CommunityApplication [SpringApplication.java:660] No active profile set, falling back to default profiles: default
2020-12-26 11:48:46,576 INFO [restartedMain] o.s.b.d.e.DevToolsPropertyDefaultsPostProcessor [DeferredLog.java:255] Devtools property defaults active! Set 'spring.devtools.add-properties' to 'false' to disable
2020-12-26 11:48:46,576 INFO [restartedMain] o.s.b.d.e.DevToolsPropertyDefaultsPostProcessor [DeferredLog.java:255] For additional web related logging consider setting the 'logging.level.web' property to 'DEBUG'
2020-12-26 11:48:47,361 INFO [restartedMain] o.s.b.w.e.t.TomcatWebServer [TomcatWebServer.java:108] Tomcat initialized with port(s): 8080 (http)
2020-12-26 11:48:47,366 INFO [restartedMain] o.a.c.h.Http11NioProtocol [DirectJDKLog.java:173] Initializing ProtocolHandler ["http-nio-8080"]
2020-12-26 11:48:47,367 INFO [restartedMain] o.a.c.c.StandardService [DirectJDKLog.java:173] Starting service [Tomcat]
2020-12-26 11:48:47,367 INFO [restartedMain] o.a.c.c.StandardEngine [DirectJDKLog.java:173] Starting Servlet engine: [Apache Tomcat/9.0.39]
2020-12-26 11:48:47,411 INFO [restartedMain] o.a.c.c.C.[.[.[/community] [DirectJDKLog.java:173] Initializing Spring embedded WebApplicationContext
2020-12-26 11:48:47,412 INFO [restartedMain] o.s.b.w.s.c.ServletWebServerApplicationContext [ServletWebServerApplicationContext.java:289] Root WebApplicationContext: initialization completed in 836 ms
2020-12-26 11:48:47,922 INFO [restartedMain] o.s.s.c.ThreadPoolTaskExecutor [ExecutorConfigurationSupport.java:181] Initializing ExecutorService 'applicationTaskExecutor'
2020-12-26 11:48:48,005 INFO [restartedMain] o.s.b.a.w.s.WelcomePageHandlerMapping [WelcomePageHandlerMapping.java:58] Adding welcome page template: index
2020-12-26 11:48:48,202 INFO [restartedMain] o.s.b.d.a.OptionalLiveReloadServer [OptionalLiveReloadServer.java:58] LiveReload server is running on port 35729
2020-12-26 11:48:48,215 INFO [restartedMain] o.a.c.h.Http11NioProtocol [DirectJDKLog.java:173] Starting ProtocolHandler ["http-nio-8080"]
2020-12-26 11:48:48,226 INFO [restartedMain] o.s.b.w.e.t.TomcatWebServer [TomcatWebServer.java:220] Tomcat started on port(s): 8080 (http) with context path '/community'
2020-12-26 11:48:48,235 INFO [restartedMain] c.n.c.CommunityApplication [StartupInfoLogger.java:61] Started CommunityApplication in 1.928 seconds (JVM running for 2.463)
2020-12-26 11:48:59,215 INFO [http-nio-8080-exec-1] o.a.c.c.C.[.[.[/community] [DirectJDKLog.java:173] Initializing Spring DispatcherServlet 'dispatcherServlet'
2020-12-26 11:48:59,216 INFO [http-nio-8080-exec-1] o.s.w.s.DispatcherServlet [FrameworkServlet.java:525] Initializing Servlet 'dispatcherServlet'
2020-12-26 11:48:59,217 INFO [http-nio-8080-exec-1] o.s.w.s.DispatcherServlet [FrameworkServlet.java:547] Completed initialization in 1 ms
2020-12-26 11:48:59,236 INFO [http-nio-8080-exec-1] c.z.h.HikariDataSource [HikariDataSource.java:110] HikariPool-1 - Starting...
2020-12-26 11:48:59,299 INFO [http-nio-8080-exec-1] c.z.h.HikariDataSource [HikariDataSource.java:123] HikariPool-1 - Start completed.
2020-12-26 12:04:44,155 INFO [restartedMain] c.n.c.CommunityApplication [StartupInfoLogger.java:55] Starting CommunityApplication using Java 12.0.2 on DESKTOP-OH4ATJV with PID 6412 (D:\Spring Boot\workspace\community\target\classes started by Administrator in D:\Spring Boot\workspace\community)
2020-12-26 12:04:44,157 INFO [restartedMain] c.n.c.CommunityApplication [SpringApplication.java:660] No active profile set, falling back to default profiles: default
2020-12-26 12:04:44,182 INFO [restartedMain] o.s.b.d.e.DevToolsPropertyDefaultsPostProcessor [DeferredLog.java:255] Devtools property defaults active! Set 'spring.devtools.add-properties' to 'false' to disable
2020-12-26 12:04:44,183 INFO [restartedMain] o.s.b.d.e.DevToolsPropertyDefaultsPostProcessor [DeferredLog.java:255] For additional web related logging consider setting the 'logging.level.web' property to 'DEBUG'
2020-12-26 12:04:44,937 INFO [restartedMain] o.s.b.w.e.t.TomcatWebServer [TomcatWebServer.java:108] Tomcat initialized with port(s): 8080 (http)
2020-12-26 12:04:44,943 INFO [restartedMain] o.a.c.h.Http11NioProtocol [DirectJDKLog.java:173] Initializing ProtocolHandler ["http-nio-8080"]
2020-12-26 12:04:44,943 INFO [restartedMain] o.a.c.c.StandardService [DirectJDKLog.java:173] Starting service [Tomcat]
2020-12-26 12:04:44,943 INFO [restartedMain] o.a.c.c.StandardEngine [DirectJDKLog.java:173] Starting Servlet engine: [Apache Tomcat/9.0.39]
2020-12-26 12:04:44,991 INFO [restartedMain] o.a.c.c.C.[.[.[/community] [DirectJDKLog.java:173] Initializing Spring embedded WebApplicationContext
2020-12-26 12:04:44,992 INFO [restartedMain] o.s.b.w.s.c.ServletWebServerApplicationContext [ServletWebServerApplicationContext.java:289] Root WebApplicationContext: initialization completed in 809 ms
2020-12-26 12:04:45,404 INFO [restartedMain] o.s.s.c.ThreadPoolTaskExecutor [ExecutorConfigurationSupport.java:181] Initializing ExecutorService 'applicationTaskExecutor'
2020-12-26 12:04:45,464 INFO [restartedMain] o.s.b.a.w.s.WelcomePageHandlerMapping [WelcomePageHandlerMapping.java:58] Adding welcome page template: index
2020-12-26 12:04:45,590 INFO [restartedMain] o.s.b.d.a.OptionalLiveReloadServer [OptionalLiveReloadServer.java:58] LiveReload server is running on port 35729
2020-12-26 12:04:45,602 INFO [restartedMain] o.a.c.h.Http11NioProtocol [DirectJDKLog.java:173] Starting ProtocolHandler ["http-nio-8080"]
2020-12-26 12:04:45,614 INFO [restartedMain] o.s.b.w.e.t.TomcatWebServer [TomcatWebServer.java:220] Tomcat started on port(s): 8080 (http) with context path '/community'
2020-12-26 12:04:45,623 INFO [restartedMain] c.n.c.CommunityApplication [StartupInfoLogger.java:61] Started CommunityApplication in 1.743 seconds (JVM running for 2.301)
2020-12-26 12:04:54,919 INFO [http-nio-8080-exec-1] o.a.c.c.C.[.[.[/community] [DirectJDKLog.java:173] Initializing Spring DispatcherServlet 'dispatcherServlet'
2020-12-26 12:04:54,920 INFO [http-nio-8080-exec-1] o.s.w.s.DispatcherServlet [FrameworkServlet.java:525] Initializing Servlet 'dispatcherServlet'
2020-12-26 12:04:54,920 INFO [http-nio-8080-exec-1] o.s.w.s.DispatcherServlet [FrameworkServlet.java:547] Completed initialization in 0 ms
2020-12-26 12:04:54,930 INFO [http-nio-8080-exec-1] c.n.c.a.ServiceLogAspect [ServiceLogAspect.java:48] 用户[0:0:0:0:0:0:0:1],在[2020-12-26 12:04:54],访问了[com.nowcoder.community.service.UserService.findLoginTicket]
2020-12-26 12:04:54,941 INFO [http-nio-8080-exec-1] c.z.h.HikariDataSource [HikariDataSource.java:110] HikariPool-1 - Starting...
2020-12-26 12:04:55,003 INFO [http-nio-8080-exec-1] c.z.h.HikariDataSource [HikariDataSource.java:123] HikariPool-1 - Start completed.
2020-12-26 12:04:55,035 INFO [http-nio-8080-exec-1] c.n.c.a.ServiceLogAspect [ServiceLogAspect.java:48] 用户[0:0:0:0:0:0:0:1],在[2020-12-26 12:04:55],访问了[com.nowcoder.community.service.UserService.findUserById]
2020-12-26 12:04:55,046 INFO [http-nio-8080-exec-1] c.n.c.a.ServiceLogAspect [ServiceLogAspect.java:48] 用户[0:0:0:0:0:0:0:1],在[2020-12-26 12:04:55],访问了[com.nowcoder.community.service.DiscussPostService.findDiscussPostRows]
2020-12-26 12:04:55,058 INFO [http-nio-8080-exec-1] c.n.c.a.ServiceLogAspect [ServiceLogAspect.java:48] 用户[0:0:0:0:0:0:0:1],在[2020-12-26 12:04:55],访问了[com.nowcoder.community.service.DiscussPostService.findDiscussPosts]
2020-12-26 12:04:55,064 INFO [http-nio-8080-exec-1] c.n.c.a.ServiceLogAspect [ServiceLogAspect.java:48] 用户[0:0:0:0:0:0:0:1],在[2020-12-26 12:04:55],访问了[com.nowcoder.community.service.UserService.findUserById]
2020-12-26 12:04:55,065 INFO [http-nio-8080-exec-1] c.n.c.a.ServiceLogAspect [ServiceLogAspect.java:48] 用户[0:0:0:0:0:0:0:1],在[2020-12-26 12:04:55],访问了[com.nowcoder.community.service.UserService.findUserById]
2020-12-26 12:04:55,067 INFO [http-nio-8080-exec-1] c.n.c.a.ServiceLogAspect [ServiceLogAspect.java:48] 用户[0:0:0:0:0:0:0:1],在[2020-12-26 12:04:55],访问了[com.nowcoder.community.service.UserService.findUserById]
2020-12-26 12:04:55,068 INFO [http-nio-8080-exec-1] c.n.c.a.ServiceLogAspect [ServiceLogAspect.java:48] 用户[0:0:0:0:0:0:0:1],在[2020-12-26 12:04:55],访问了[com.nowcoder.community.service.UserService.findUserById]
2020-12-26 12:04:55,070 INFO [http-nio-8080-exec-1] c.n.c.a.ServiceLogAspect [ServiceLogAspect.java:48] 用户[0:0:0:0:0:0:0:1],在[2020-12-26 12:04:55],访问了[com.nowcoder.community.service.UserService.findUserById]
2020-12-26 12:04:55,071 INFO [http-nio-8080-exec-1] c.n.c.a.ServiceLogAspect [ServiceLogAspect.java:48] 用户[0:0:0:0:0:0:0:1],在[2020-12-26 12:04:55],访问了[com.nowcoder.community.service.UserService.findUserById]
2020-12-26 12:04:55,072 INFO [http-nio-8080-exec-1] c.n.c.a.ServiceLogAspect [ServiceLogAspect.java:48] 用户[0:0:0:0:0:0:0:1],在[2020-12-26 12:04:55],访问了[com.nowcoder.community.service.UserService.findUserById]
2020-12-26 12:04:55,074 INFO [http-nio-8080-exec-1] c.n.c.a.ServiceLogAspect [ServiceLogAspect.java:48] 用户[0:0:0:0:0:0:0:1],在[2020-12-26 12:04:55],访问了[com.nowcoder.community.service.UserService.findUserById]
2020-12-26 12:04:55,076 INFO [http-nio-8080-exec-1] c.n.c.a.ServiceLogAspect [ServiceLogAspect.java:48] 用户[0:0:0:0:0:0:0:1],在[2020-12-26 12:04:55],访问了[com.nowcoder.community.service.UserService.findUserById]
2020-12-26 12:04:55,077 INFO [http-nio-8080-exec-1] c.n.c.a.ServiceLogAspect [ServiceLogAspect.java:48] 用户[0:0:0:0:0:0:0:1],在[2020-12-26 12:04:55],访问了[com.nowcoder.community.service.UserService.findUserById]
2020-12-26 12:04:55,316 INFO [http-nio-8080-exec-2] c.n.c.a.ServiceLogAspect [ServiceLogAspect.java:48] 用户[0:0:0:0:0:0:0:1],在[2020-12-26 12:04:55],访问了[com.nowcoder.community.service.UserService.findLoginTicket]
2020-12-26 12:04:55,324 INFO [http-nio-8080-exec-2] c.n.c.a.ServiceLogAspect [ServiceLogAspect.java:48] 用户[0:0:0:0:0:0:0:1],在[2020-12-26 12:04:55],访问了[com.nowcoder.community.service.UserService.findUserById]
2020-12-26 12:06:01,775 INFO [http-nio-8080-exec-9] c.n.c.a.ServiceLogAspect [ServiceLogAspect.java:48] 用户[127.0.0.1],在[2020-12-26 12:06:01],访问了[com.nowcoder.community.service.DiscussPostService.findDiscussPostRows]
2020-12-26 12:06:01,778 INFO [http-nio-8080-exec-9] c.n.c.a.ServiceLogAspect [ServiceLogAspect.java:48] 用户[127.0.0.1],在[2020-12-26 12:06:01],访问了[com.nowcoder.community.service.DiscussPostService.findDiscussPosts]
2020-12-26 12:06:01,783 INFO [http-nio-8080-exec-9] c.n.c.a.ServiceLogAspect [ServiceLogAspect.java:48] 用户[127.0.0.1],在[2020-12-26 12:06:01],访问了[com.nowcoder.community.service.UserService.findUserById]
2020-12-26 12:06:01,784 INFO [http-nio-8080-exec-9] c.n.c.a.ServiceLogAspect [ServiceLogAspect.java:48] 用户[127.0.0.1],在[2020-12-26 12:06:01],访问了[com.nowcoder.community.service.UserService.findUserById]
2020-12-26 12:06:01,786 INFO [http-nio-8080-exec-9] c.n.c.a.ServiceLogAspect [ServiceLogAspect.java:48] 用户[127.0.0.1],在[2020-12-26 12:06:01],访问了[com.nowcoder.community.service.UserService.findUserById]
2020-12-26 12:06:01,787 INFO [http-nio-8080-exec-9] c.n.c.a.ServiceLogAspect [ServiceLogAspect.java:48] 用户[127.0.0.1],在[2020-12-26 12:06:01],访问了[com.nowcoder.community.service.UserService.findUserById]
2020-12-26 12:06:01,789 INFO [http-nio-8080-exec-9] c.n.c.a.ServiceLogAspect [ServiceLogAspect.java:48] 用户[127.0.0.1],在[2020-12-26 12:06:01],访问了[com.nowcoder.community.service.UserService.findUserById]
2020-12-26 12:06:01,791 INFO [http-nio-8080-exec-9] c.n.c.a.ServiceLogAspect [ServiceLogAspect.java:48] 用户[127.0.0.1],在[2020-12-26 12:06:01],访问了[com.nowcoder.community.service.UserService.findUserById]
2020-12-26 12:06:01,793 INFO [http-nio-8080-exec-9] c.n.c.a.ServiceLogAspect [ServiceLogAspect.java:48] 用户[127.0.0.1],在[2020-12-26 12:06:01],访问了[com.nowcoder.community.service.UserService.findUserById]
2020-12-26 12:06:01,794 INFO [http-nio-8080-exec-9] c.n.c.a.ServiceLogAspect [ServiceLogAspect.java:48] 用户[127.0.0.1],在[2020-12-26 12:06:01],访问了[com.nowcoder.community.service.UserService.findUserById]
2020-12-26 12:06:01,794 INFO [http-nio-8080-exec-9] c.n.c.a.ServiceLogAspect [ServiceLogAspect.java:48] 用户[127.0.0.1],在[2020-12-26 12:06:01],访问了[com.nowcoder.community.service.UserService.findUserById]
2020-12-26 12:06:01,796 INFO [http-nio-8080-exec-9] c.n.c.a.ServiceLogAspect [ServiceLogAspect.java:48] 用户[127.0.0.1],在[2020-12-26 12:06:01],访问了[com.nowcoder.community.service.UserService.findUserById]
2020-12-26 12:06:51,022 INFO [http-nio-8080-exec-9] c.n.c.a.ServiceLogAspect [ServiceLogAspect.java:48] 用户[127.0.0.1],在[2020-12-26 12:06:51],访问了[com.nowcoder.community.service.UserService.login]
2020-12-26 12:06:51,042 INFO [http-nio-8080-exec-10] c.n.c.a.ServiceLogAspect [ServiceLogAspect.java:48] 用户[127.0.0.1],在[2020-12-26 12:06:51],访问了[com.nowcoder.community.service.UserService.findLoginTicket]
2020-12-26 12:06:51,044 INFO [http-nio-8080-exec-10] c.n.c.a.ServiceLogAspect [ServiceLogAspect.java:48] 用户[127.0.0.1],在[2020-12-26 12:06:51],访问了[com.nowcoder.community.service.UserService.findUserById]
2020-12-26 12:06:51,045 INFO [http-nio-8080-exec-10] c.n.c.a.ServiceLogAspect [ServiceLogAspect.java:48] 用户[127.0.0.1],在[2020-12-26 12:06:51],访问了[com.nowcoder.community.service.DiscussPostService.findDiscussPostRows]
2020-12-26 12:06:51,046 INFO [http-nio-8080-exec-10] c.n.c.a.ServiceLogAspect [ServiceLogAspect.java:48] 用户[127.0.0.1],在[2020-12-26 12:06:51],访问了[com.nowcoder.community.service.DiscussPostService.findDiscussPosts]
2020-12-26 12:06:51,048 INFO [http-nio-8080-exec-10] c.n.c.a.ServiceLogAspect [ServiceLogAspect.java:48] 用户[127.0.0.1],在[2020-12-26 12:06:51],访问了[com.nowcoder.community.service.UserService.findUserById]
2020-12-26 12:06:51,049 INFO [http-nio-8080-exec-10] c.n.c.a.ServiceLogAspect [ServiceLogAspect.java:48] 用户[127.0.0.1],在[2020-12-26 12:06:51],访问了[com.nowcoder.community.service.UserService.findUserById]
2020-12-26 12:06:51,050 INFO [http-nio-8080-exec-10] c.n.c.a.ServiceLogAspect [ServiceLogAspect.java:48] 用户[127.0.0.1],在[2020-12-26 12:06:51],访问了[com.nowcoder.community.service.UserService.findUserById]
2020-12-26 12:06:51,051 INFO [http-nio-8080-exec-10] c.n.c.a.ServiceLogAspect [ServiceLogAspect.java:48] 用户[127.0.0.1],在[2020-12-26 12:06:51],访问了[com.nowcoder.community.service.UserService.findUserById]
2020-12-26 12:06:51,052 INFO [http-nio-8080-exec-10] c.n.c.a.ServiceLogAspect [ServiceLogAspect.java:48] 用户[127.0.0.1],在[2020-12-26 12:06:51],访问了[com.nowcoder.community.service.UserService.findUserById]
2020-12-26 12:06:51,053 INFO [http-nio-8080-exec-10] c.n.c.a.ServiceLogAspect [ServiceLogAspect.java:48] 用户[127.0.0.1],在[2020-12-26 12:06:51],访问了[com.nowcoder.community.service.UserService.findUserById]
2020-12-26 12:06:51,054 INFO [http-nio-8080-exec-10] c.n.c.a.ServiceLogAspect [ServiceLogAspect.java:48] 用户[127.0.0.1],在[2020-12-26 12:06:51],访问了[com.nowcoder.community.service.UserService.findUserById]
2020-12-26 12:06:51,055 INFO [http-nio-8080-exec-10] c.n.c.a.ServiceLogAspect [ServiceLogAspect.java:48] 用户[127.0.0.1],在[2020-12-26 12:06:51],访问了[com.nowcoder.community.service.UserService.findUserById]
2020-12-26 12:06:51,056 INFO [http-nio-8080-exec-10] c.n.c.a.ServiceLogAspect [ServiceLogAspect.java:48] 用户[127.0.0.1],在[2020-12-26 12:06:51],访问了[com.nowcoder.community.service.UserService.findUserById]
2020-12-26 12:06:51,057 INFO [http-nio-8080-exec-10] c.n.c.a.ServiceLogAspect [ServiceLogAspect.java:48] 用户[127.0.0.1],在[2020-12-26 12:06:51],访问了[com.nowcoder.community.service.UserService.findUserById]
2020-12-26 12:06:52,644 INFO [http-nio-8080-exec-7] c.n.c.a.ServiceLogAspect [ServiceLogAspect.java:48] 用户[127.0.0.1],在[2020-12-26 12:06:52],访问了[com.nowcoder.community.service.UserService.findLoginTicket]
2020-12-26 12:06:52,649 INFO [http-nio-8080-exec-7] c.n.c.a.ServiceLogAspect [ServiceLogAspect.java:48] 用户[127.0.0.1],在[2020-12-26 12:06:52],访问了[com.nowcoder.community.service.UserService.findUserById]
2020-12-26 12:06:52,650 INFO [http-nio-8080-exec-7] c.n.c.a.ServiceLogAspect [ServiceLogAspect.java:48] 用户[127.0.0.1],在[2020-12-26 12:06:52],访问了[com.nowcoder.community.service.MessageService.findConversationCount]
2020-12-26 12:06:52,660 INFO [http-nio-8080-exec-7] c.n.c.a.ServiceLogAspect [ServiceLogAspect.java:48] 用户[127.0.0.1],在[2020-12-26 12:06:52],访问了[com.nowcoder.community.service.MessageService.findConversations]
2020-12-26 12:06:52,662 INFO [http-nio-8080-exec-7] c.n.c.a.ServiceLogAspect [ServiceLogAspect.java:48] 用户[127.0.0.1],在[2020-12-26 12:06:52],访问了[com.nowcoder.community.service.MessageService.findLetterUnreadCount]
2020-12-26 12:06:52,663 INFO [http-nio-8080-exec-7] c.n.c.a.ServiceLogAspect [ServiceLogAspect.java:48] 用户[127.0.0.1],在[2020-12-26 12:06:52],访问了[com.nowcoder.community.service.MessageService.findLetterCount]
2020-12-26 12:06:52,664 INFO [http-nio-8080-exec-7] c.n.c.a.ServiceLogAspect [ServiceLogAspect.java:48] 用户[127.0.0.1],在[2020-12-26 12:06:52],访问了[com.nowcoder.community.service.UserService.findUserById]
2020-12-26 12:06:52,665 INFO [http-nio-8080-exec-7] c.n.c.a.ServiceLogAspect [ServiceLogAspect.java:48] 用户[127.0.0.1],在[2020-12-26 12:06:52],访问了[com.nowcoder.community.service.MessageService.findLetterUnreadCount]
2020-12-26 13:24:52,215 INFO [http-nio-8080-exec-7] c.n.c.a.ServiceLogAspect [ServiceLogAspect.java:48] 用户[127.0.0.1],在[2020-12-26 13:24:52],访问了[com.nowcoder.community.service.UserService.findLoginTicket]
2020-12-26 13:24:52,224 INFO [http-nio-8080-exec-7] c.n.c.a.ServiceLogAspect [ServiceLogAspect.java:48] 用户[127.0.0.1],在[2020-12-26 13:24:52],访问了[com.nowcoder.community.service.UserService.findUserById]
2020-12-26 13:24:52,227 INFO [http-nio-8080-exec-7] c.n.c.a.ServiceLogAspect [ServiceLogAspect.java:48] 用户[127.0.0.1],在[2020-12-26 13:24:52],访问了[com.nowcoder.community.service.MessageService.findConversationCount]
2020-12-26 13:24:52,229 INFO [http-nio-8080-exec-7] c.n.c.a.ServiceLogAspect [ServiceLogAspect.java:48] 用户[127.0.0.1],在[2020-12-26 13:24:52],访问了[com.nowcoder.community.service.MessageService.findConversations]
2020-12-26 13:24:52,231 INFO [http-nio-8080-exec-7] c.n.c.a.ServiceLogAspect [ServiceLogAspect.java:48] 用户[127.0.0.1],在[2020-12-26 13:24:52],访问了[com.nowcoder.community.service.MessageService.findLetterUnreadCount]
2020-12-26 13:24:52,233 INFO [http-nio-8080-exec-7] c.n.c.a.ServiceLogAspect [ServiceLogAspect.java:48] 用户[127.0.0.1],在[2020-12-26 13:24:52],访问了[com.nowcoder.community.service.MessageService.findLetterCount]
2020-12-26 13:24:52,234 INFO [http-nio-8080-exec-7] c.n.c.a.ServiceLogAspect [ServiceLogAspect.java:48] 用户[127.0.0.1],在[2020-12-26 13:24:52],访问了[com.nowcoder.community.service.UserService.findUserById]
2020-12-26 13:24:52,235 INFO [http-nio-8080-exec-7] c.n.c.a.ServiceLogAspect [ServiceLogAspect.java:48] 用户[127.0.0.1],在[2020-12-26 13:24:52],访问了[com.nowcoder.community.service.MessageService.findLetterUnreadCount]
2020-12-26 13:24:53,549 INFO [http-nio-8080-exec-3] c.n.c.a.ServiceLogAspect [ServiceLogAspect.java:48] 用户[127.0.0.1],在[2020-12-26 13:24:53],访问了[com.nowcoder.community.service.UserService.findLoginTicket]
2020-12-26 13:24:53,551 INFO [http-nio-8080-exec-3] c.n.c.a.ServiceLogAspect [ServiceLogAspect.java:48] 用户[127.0.0.1],在[2020-12-26 13:24:53],访问了[com.nowcoder.community.service.UserService.findUserById]
2020-12-26 13:24:53,552 INFO [http-nio-8080-exec-3] c.n.c.a.ServiceLogAspect [ServiceLogAspect.java:48] 用户[127.0.0.1],在[2020-12-26 13:24:53],访问了[com.nowcoder.community.service.DiscussPostService.findDiscussPostRows]
2020-12-26 13:24:53,554 INFO [http-nio-8080-exec-3] c.n.c.a.ServiceLogAspect [ServiceLogAspect.java:48] 用户[127.0.0.1],在[2020-12-26 13:24:53],访问了[com.nowcoder.community.service.DiscussPostService.findDiscussPosts]
2020-12-26 13:24:53,556 INFO [http-nio-8080-exec-3] c.n.c.a.ServiceLogAspect [ServiceLogAspect.java:48] 用户[127.0.0.1],在[2020-12-26 13:24:53],访问了[com.nowcoder.community.service.UserService.findUserById]
2020-12-26 13:24:53,557 INFO [http-nio-8080-exec-3] c.n.c.a.ServiceLogAspect [ServiceLogAspect.java:48] 用户[127.0.0.1],在[2020-12-26 13:24:53],访问了[com.nowcoder.community.service.UserService.findUserById]
2020-12-26 13:24:53,558 INFO [http-nio-8080-exec-3] c.n.c.a.ServiceLogAspect [ServiceLogAspect.java:48] 用户[127.0.0.1],在[2020-12-26 13:24:53],访问了[com.nowcoder.community.service.UserService.findUserById]
2020-12-26 13:24:53,559 INFO [http-nio-8080-exec-3] c.n.c.a.ServiceLogAspect [ServiceLogAspect.java:48] 用户[127.0.0.1],在[2020-12-26 13:24:53],访问了[com.nowcoder.community.service.UserService.findUserById]
2020-12-26 13:24:53,560 INFO [http-nio-8080-exec-3] c.n.c.a.ServiceLogAspect [ServiceLogAspect.java:48] 用户[127.0.0.1],在[2020-12-26 13:24:53],访问了[com.nowcoder.community.service.UserService.findUserById]
2020-12-26 13:24:53,561 INFO [http-nio-8080-exec-3] c.n.c.a.ServiceLogAspect [ServiceLogAspect.java:48] 用户[127.0.0.1],在[2020-12-26 13:24:53],访问了[com.nowcoder.community.service.UserService.findUserById]
2020-12-26 13:24:53,561 INFO [http-nio-8080-exec-3] c.n.c.a.ServiceLogAspect [ServiceLogAspect.java:48] 用户[127.0.0.1],在[2020-12-26 13:24:53],访问了[com.nowcoder.community.service.UserService.findUserById]
2020-12-26 13:24:53,562 INFO [http-nio-8080-exec-3] c.n.c.a.ServiceLogAspect [ServiceLogAspect.java:48] 用户[127.0.0.1],在[2020-12-26 13:24:53],访问了[com.nowcoder.community.service.UserService.findUserById]
2020-12-26 13:24:53,563 INFO [http-nio-8080-exec-3] c.n.c.a.ServiceLogAspect [ServiceLogAspect.java:48] 用户[127.0.0.1],在[2020-12-26 13:24:53],访问了[com.nowcoder.community.service.UserService.findUserById]
2020-12-26 13:24:53,564 INFO [http-nio-8080-exec-3] c.n.c.a.ServiceLogAspect [ServiceLogAspect.java:48] 用户[127.0.0.1],在[2020-12-26 13:24:53],访问了[com.nowcoder.community.service.UserService.findUserById]
2020-12-26 13:24:55,350 INFO [http-nio-8080-exec-8] c.n.c.a.ServiceLogAspect [ServiceLogAspect.java:48] 用户[127.0.0.1],在[2020-12-26 13:24:55],访问了[com.nowcoder.community.service.UserService.findLoginTicket]
2020-12-26 13:24:55,352 INFO [http-nio-8080-exec-8] c.n.c.a.ServiceLogAspect [ServiceLogAspect.java:48] 用户[127.0.0.1],在[2020-12-26 13:24:55],访问了[com.nowcoder.community.service.UserService.findUserById]
2020-12-26 13:24:55,354 INFO [http-nio-8080-exec-8] c.n.c.a.ServiceLogAspect [ServiceLogAspect.java:48] 用户[127.0.0.1],在[2020-12-26 13:24:55],访问了[com.nowcoder.community.service.MessageService.findConversationCount]
2020-12-26 13:24:55,355 INFO [http-nio-8080-exec-8] c.n.c.a.ServiceLogAspect [ServiceLogAspect.java:48] 用户[127.0.0.1],在[2020-12-26 13:24:55],访问了[com.nowcoder.community.service.MessageService.findConversations]
2020-12-26 13:24:55,356 INFO [http-nio-8080-exec-8] c.n.c.a.ServiceLogAspect [ServiceLogAspect.java:48] 用户[127.0.0.1],在[2020-12-26 13:24:55],访问了[com.nowcoder.community.service.MessageService.findLetterUnreadCount]
2020-12-26 13:24:55,357 INFO [http-nio-8080-exec-8] c.n.c.a.ServiceLogAspect [ServiceLogAspect.java:48] 用户[127.0.0.1],在[2020-12-26 13:24:55],访问了[com.nowcoder.community.service.MessageService.findLetterCount]
2020-12-26 13:24:55,358 INFO [http-nio-8080-exec-8] c.n.c.a.ServiceLogAspect [ServiceLogAspect.java:48] 用户[127.0.0.1],在[2020-12-26 13:24:55],访问了[com.nowcoder.community.service.UserService.findUserById]
2020-12-26 13:24:55,359 INFO [http-nio-8080-exec-8] c.n.c.a.ServiceLogAspect [ServiceLogAspect.java:48] 用户[127.0.0.1],在[2020-12-26 13:24:55],访问了[com.nowcoder.community.service.MessageService.findLetterUnreadCount]
2020-12-26 13:24:56,655 INFO [http-nio-8080-exec-1] c.n.c.a.ServiceLogAspect [ServiceLogAspect.java:48] 用户[127.0.0.1],在[2020-12-26 13:24:56],访问了[com.nowcoder.community.service.UserService.findLoginTicket]
2020-12-26 13:24:56,658 INFO [http-nio-8080-exec-1] c.n.c.a.ServiceLogAspect [ServiceLogAspect.java:48] 用户[127.0.0.1],在[2020-12-26 13:24:56],访问了[com.nowcoder.community.service.UserService.findUserById]
2020-12-26 13:24:56,659 INFO [http-nio-8080-exec-1] c.n.c.a.ServiceLogAspect [ServiceLogAspect.java:48] 用户[127.0.0.1],在[2020-12-26 13:24:56],访问了[com.nowcoder.community.service.DiscussPostService.findDiscussPostRows]
2020-12-26 13:24:56,660 INFO [http-nio-8080-exec-1] c.n.c.a.ServiceLogAspect [ServiceLogAspect.java:48] 用户[127.0.0.1],在[2020-12-26 13:24:56],访问了[com.nowcoder.community.service.DiscussPostService.findDiscussPosts]
2020-12-26 13:24:56,662 INFO [http-nio-8080-exec-1] c.n.c.a.ServiceLogAspect [ServiceLogAspect.java:48] 用户[127.0.0.1],在[2020-12-26 13:24:56],访问了[com.nowcoder.community.service.UserService.findUserById]
2020-12-26 13:24:56,662 INFO [http-nio-8080-exec-1] c.n.c.a.ServiceLogAspect [ServiceLogAspect.java:48] 用户[127.0.0.1],在[2020-12-26 13:24:56],访问了[com.nowcoder.community.service.UserService.findUserById]
2020-12-26 13:24:56,664 INFO [http-nio-8080-exec-1] c.n.c.a.ServiceLogAspect [ServiceLogAspect.java:48] 用户[127.0.0.1],在[2020-12-26 13:24:56],访问了[com.nowcoder.community.service.UserService.findUserById]
2020-12-26 13:24:56,665 INFO [http-nio-8080-exec-1] c.n.c.a.ServiceLogAspect [ServiceLogAspect.java:48] 用户[127.0.0.1],在[2020-12-26 13:24:56],访问了[com.nowcoder.community.service.UserService.findUserById]
2020-12-26 13:24:56,665 INFO [http-nio-8080-exec-1] c.n.c.a.ServiceLogAspect [ServiceLogAspect.java:48] 用户[127.0.0.1],在[2020-12-26 13:24:56],访问了[com.nowcoder.community.service.UserService.findUserById]
2020-12-26 13:24:56,666 INFO [http-nio-8080-exec-1] c.n.c.a.ServiceLogAspect [ServiceLogAspect.java:48] 用户[127.0.0.1],在[2020-12-26 13:24:56],访问了[com.nowcoder.community.service.UserService.findUserById]
2020-12-26 13:24:56,667 INFO [http-nio-8080-exec-1] c.n.c.a.ServiceLogAspect [ServiceLogAspect.java:48] 用户[127.0.0.1],在[2020-12-26 13:24:56],访问了[com.nowcoder.community.service.UserService.findUserById]
2020-12-26 13:24:56,668 INFO [http-nio-8080-exec-1] c.n.c.a.ServiceLogAspect [ServiceLogAspect.java:48] 用户[127.0.0.1],在[2020-12-26 13:24:56],访问了[com.nowcoder.community.service.UserService.findUserById]
2020-12-26 13:24:56,669 INFO [http-nio-8080-exec-1] c.n.c.a.ServiceLogAspect [ServiceLogAspect.java:48] 用户[127.0.0.1],在[2020-12-26 13:24:56],访问了[com.nowcoder.community.service.UserService.findUserById]
2020-12-26 13:24:56,669 INFO [http-nio-8080-exec-1] c.n.c.a.ServiceLogAspect [ServiceLogAspect.java:48] 用户[127.0.0.1],在[2020-12-26 13:24:56],访问了[com.nowcoder.community.service.UserService.findUserById]
2020-12-26 13:24:57,334 INFO [http-nio-8080-exec-10] c.n.c.a.ServiceLogAspect [ServiceLogAspect.java:48] 用户[127.0.0.1],在[2020-12-26 13:24:57],访问了[com.nowcoder.community.service.UserService.findLoginTicket]
2020-12-26 13:24:57,336 INFO [http-nio-8080-exec-10] c.n.c.a.ServiceLogAspect [ServiceLogAspect.java:48] 用户[127.0.0.1],在[2020-12-26 13:24:57],访问了[com.nowcoder.community.service.UserService.findUserById]
2020-12-26 13:24:57,338 INFO [http-nio-8080-exec-10] c.n.c.a.ServiceLogAspect [ServiceLogAspect.java:48] 用户[127.0.0.1],在[2020-12-26 13:24:57],访问了[com.nowcoder.community.service.MessageService.findConversationCount]
2020-12-26 13:24:57,339 INFO [http-nio-8080-exec-10] c.n.c.a.ServiceLogAspect [ServiceLogAspect.java:48] 用户[127.0.0.1],在[2020-12-26 13:24:57],访问了[com.nowcoder.community.service.MessageService.findConversations]
2020-12-26 13:24:57,340 INFO [http-nio-8080-exec-10] c.n.c.a.ServiceLogAspect [ServiceLogAspect.java:48] 用户[127.0.0.1],在[2020-12-26 13:24:57],访问了[com.nowcoder.community.service.MessageService.findLetterUnreadCount]
2020-12-26 13:24:57,341 INFO [http-nio-8080-exec-10] c.n.c.a.ServiceLogAspect [ServiceLogAspect.java:48] 用户[127.0.0.1],在[2020-12-26 13:24:57],访问了[com.nowcoder.community.service.MessageService.findLetterCount]
2020-12-26 13:24:57,342 INFO [http-nio-8080-exec-10] c.n.c.a.ServiceLogAspect [ServiceLogAspect.java:48] 用户[127.0.0.1],在[2020-12-26 13:24:57],访问了[com.nowcoder.community.service.UserService.findUserById]
2020-12-26 13:24:57,343 INFO [http-nio-8080-exec-10] c.n.c.a.ServiceLogAspect [ServiceLogAspect.java:48] 用户[127.0.0.1],在[2020-12-26 13:24:57],访问了[com.nowcoder.community.service.MessageService.findLetterUnreadCount]
2020-12-26 13:25:01,566 INFO [http-nio-8080-exec-4] c.n.c.a.ServiceLogAspect [ServiceLogAspect.java:48] 用户[127.0.0.1],在[2020-12-26 13:25:01],访问了[com.nowcoder.community.service.UserService.findLoginTicket]
2020-12-26 13:25:01,569 INFO [http-nio-8080-exec-4] c.n.c.a.ServiceLogAspect [ServiceLogAspect.java:48] 用户[127.0.0.1],在[2020-12-26 13:25:01],访问了[com.nowcoder.community.service.UserService.findUserById]
2020-12-26 13:25:01,570 INFO [http-nio-8080-exec-4] c.n.c.a.ServiceLogAspect [ServiceLogAspect.java:48] 用户[127.0.0.1],在[2020-12-26 13:25:01],访问了[com.nowcoder.community.service.DiscussPostService.findDiscussPostRows]
2020-12-26 13:25:01,571 INFO [http-nio-8080-exec-4] c.n.c.a.ServiceLogAspect [ServiceLogAspect.java:48] 用户[127.0.0.1],在[2020-12-26 13:25:01],访问了[com.nowcoder.community.service.DiscussPostService.findDiscussPosts]
2020-12-26 13:25:01,573 INFO [http-nio-8080-exec-4] c.n.c.a.ServiceLogAspect [ServiceLogAspect.java:48] 用户[127.0.0.1],在[2020-12-26 13:25:01],访问了[com.nowcoder.community.service.UserService.findUserById]
2020-12-26 13:25:01,574 INFO [http-nio-8080-exec-4] c.n.c.a.ServiceLogAspect [ServiceLogAspect.java:48] 用户[127.0.0.1],在[2020-12-26 13:25:01],访问了[com.nowcoder.community.service.UserService.findUserById]
2020-12-26 13:25:01,574 INFO [http-nio-8080-exec-4] c.n.c.a.ServiceLogAspect [ServiceLogAspect.java:48] 用户[127.0.0.1],在[2020-12-26 13:25:01],访问了[com.nowcoder.community.service.UserService.findUserById]
2020-12-26 13:25:01,575 INFO [http-nio-8080-exec-4] c.n.c.a.ServiceLogAspect [ServiceLogAspect.java:48] 用户[127.0.0.1],在[2020-12-26 13:25:01],访问了[com.nowcoder.community.service.UserService.findUserById]
2020-12-26 13:25:01,576 INFO [http-nio-8080-exec-4] c.n.c.a.ServiceLogAspect [ServiceLogAspect.java:48] 用户[127.0.0.1],在[2020-12-26 13:25:01],访问了[com.nowcoder.community.service.UserService.findUserById]
2020-12-26 13:25:01,577 INFO [http-nio-8080-exec-4] c.n.c.a.ServiceLogAspect [ServiceLogAspect.java:48] 用户[127.0.0.1],在[2020-12-26 13:25:01],访问了[com.nowcoder.community.service.UserService.findUserById]
2020-12-26 13:25:01,577 INFO [http-nio-8080-exec-4] c.n.c.a.ServiceLogAspect [ServiceLogAspect.java:48] 用户[127.0.0.1],在[2020-12-26 13:25:01],访问了[com.nowcoder.community.service.UserService.findUserById]
2020-12-26 13:25:01,578 INFO [http-nio-8080-exec-4] c.n.c.a.ServiceLogAspect [ServiceLogAspect.java:48] 用户[127.0.0.1],在[2020-12-26 13:25:01],访问了[com.nowcoder.community.service.UserService.findUserById]
2020-12-26 13:25:01,579 INFO [http-nio-8080-exec-4] c.n.c.a.ServiceLogAspect [ServiceLogAspect.java:48] 用户[127.0.0.1],在[2020-12-26 13:25:01],访问了[com.nowcoder.community.service.UserService.findUserById]
2020-12-26 13:25:01,579 INFO [http-nio-8080-exec-4] c.n.c.a.ServiceLogAspect [ServiceLogAspect.java:48] 用户[127.0.0.1],在[2020-12-26 13:25:01],访问了[com.nowcoder.community.service.UserService.findUserById]
2020-12-26 13:28:52,798 INFO [http-nio-8080-exec-9] c.n.c.a.ServiceLogAspect [ServiceLogAspect.java:48] 用户[127.0.0.1],在[2020-12-26 13:28:52],访问了[com.nowcoder.community.service.UserService.findLoginTicket]
2020-12-26 13:28:52,800 INFO [http-nio-8080-exec-9] c.n.c.a.ServiceLogAspect [ServiceLogAspect.java:48] 用户[127.0.0.1],在[2020-12-26 13:28:52],访问了[com.nowcoder.community.service.UserService.findUserById]
2020-12-26 13:28:52,801 INFO [http-nio-8080-exec-9] c.n.c.a.ServiceLogAspect [ServiceLogAspect.java:48] 用户[127.0.0.1],在[2020-12-26 13:28:52],访问了[com.nowcoder.community.service.DiscussPostService.findDiscussPostRows]
2020-12-26 13:28:52,802 INFO [http-nio-8080-exec-9] c.n.c.a.ServiceLogAspect [ServiceLogAspect.java:48] 用户[127.0.0.1],在[2020-12-26 13:28:52],访问了[com.nowcoder.community.service.DiscussPostService.findDiscussPosts]
2020-12-26 13:28:52,803 INFO [http-nio-8080-exec-9] c.n.c.a.ServiceLogAspect [ServiceLogAspect.java:48] 用户[127.0.0.1],在[2020-12-26 13:28:52],访问了[com.nowcoder.community.service.UserService.findUserById]
2020-12-26 13:28:52,804 INFO [http-nio-8080-exec-9] c.n.c.a.ServiceLogAspect [ServiceLogAspect.java:48] 用户[127.0.0.1],在[2020-12-26 13:28:52],访问了[com.nowcoder.community.service.UserService.findUserById]
2020-12-26 13:28:52,804 INFO [http-nio-8080-exec-9] c.n.c.a.ServiceLogAspect [ServiceLogAspect.java:48] 用户[127.0.0.1],在[2020-12-26 13:28:52],访问了[com.nowcoder.community.service.UserService.findUserById]
2020-12-26 13:28:52,805 INFO [http-nio-8080-exec-9] c.n.c.a.ServiceLogAspect [ServiceLogAspect.java:48] 用户[127.0.0.1],在[2020-12-26 13:28:52],访问了[com.nowcoder.community.service.UserService.findUserById]
2020-12-26 13:28:52,806 INFO [http-nio-8080-exec-9] c.n.c.a.ServiceLogAspect [ServiceLogAspect.java:48] 用户[127.0.0.1],在[2020-12-26 13:28:52],访问了[com.nowcoder.community.service.UserService.findUserById]
2020-12-26 13:28:52,807 INFO [http-nio-8080-exec-9] c.n.c.a.ServiceLogAspect [ServiceLogAspect.java:48] 用户[127.0.0.1],在[2020-12-26 13:28:52],访问了[com.nowcoder.community.service.UserService.findUserById]
2020-12-26 13:28:52,808 INFO [http-nio-8080-exec-9] c.n.c.a.ServiceLogAspect [ServiceLogAspect.java:48] 用户[127.0.0.1],在[2020-12-26 13:28:52],访问了[com.nowcoder.community.service.UserService.findUserById]
2020-12-26 13:28:52,809 INFO [http-nio-8080-exec-9] c.n.c.a.ServiceLogAspect [ServiceLogAspect.java:48] 用户[127.0.0.1],在[2020-12-26 13:28:52],访问了[com.nowcoder.community.service.UserService.findUserById]
2020-12-26 13:28:52,809 INFO [http-nio-8080-exec-9] c.n.c.a.ServiceLogAspect [ServiceLogAspect.java:48] 用户[127.0.0.1],在[2020-12-26 13:28:52],访问了[com.nowcoder.community.service.UserService.findUserById]
2020-12-26 13:28:52,810 INFO [http-nio-8080-exec-9] c.n.c.a.ServiceLogAspect [ServiceLogAspect.java:48] 用户[127.0.0.1],在[2020-12-26 13:28:52],访问了[com.nowcoder.community.service.UserService.findUserById]
